got 128 TXs
timestampB (1, 1447209477.949788)
got 128 TXs
timestampB (0, 1447209477.950346)
got 128 TXs
timestampB (3, 1447209477.950976)
got 128 TXs
timestampB (5, 1447209477.951512)
got 128 TXs
timestampB (10, 1447209477.952104)
got 128 TXs
timestampB (2, 1447209477.952627)
got 128 TXs
timestampB (4, 1447209477.953714)
got 128 TXs
timestampB (8, 1447209477.954244)
got 128 TXs
timestampB (13, 1447209477.954844)
got 128 TXs
timestampB (6, 1447209478.149812)
got 128 TXs
timestampB (7, 1447209478.150453)
got 128 TXs
timestampB (12, 1447209478.151070)
got 128 TXs
timestampB (14, 1447209478.151754)
got 128 TXs
timestampB (15, 1447209478.152350)
got 128 TXs
timestampB (9, 1447209478.153034)
got 128 TXs
timestampB (11, 1447209478.153694)
[0] got a common coin at round (1,1) (0)
[0] got a common coin at round (5,1) (0)
[0] got a common coin at round (4,1) (0)
[0] got a common coin at round (8,1) (1)
[0] got a common coin at round (0,1) (1)
[0] got a common coin at round (2,1) (0)
[0] got a common coin at round (13,1) (0)
[0] got a common coin at round (10,1) (1)
[0] got a common coin at round (3,1) (0)
[8] decides on 1 in round 1
[0] decides on 1 in round 1
[10] decides on 1 in round 1
[0] got a common coin at round (12,1) (0)
[0] got a common coin at round (15,1) (1)
[0] got a common coin at round (6,1) (1)
[0] got a common coin at round (14,1) (1)
[0] got a common coin at round (11,1) (1)
[0] got a common coin at round (7,1) (1)
[0] got a common coin at round (9,1) (0)
[15] decides on 1 in round 1
[6] decides on 1 in round 1
[14] decides on 1 in round 1
[11] decides on 1 in round 1
[7] decides on 1 in round 1
[0] got a common coin at round (1,2) (1)
[1] decides on 1 in round 2
[0] got a common coin at round (5,2) (0)
[0] got a common coin at round (4,2) (1)
[0] got a common coin at round (0,2) (0)
[0] got a common coin at round (3,2) (1)
[0] got a common coin at round (8,2) (1)
[0] got a common coin at round (2,2) (0)
[0] got a common coin at round (10,2) (0)
[0] got a common coin at round (13,2) (0)
[4] decides on 1 in round 2
[3] decides on 1 in round 2
[0] got a common coin at round (12,2) (1)
[0] got a common coin at round (14,2) (1)
[0] got a common coin at round (9,2) (0)
[0] got a common coin at round (6,2) (0)
[0] got a common coin at round (11,2) (0)
[0] got a common coin at round (15,2) (0)
[0] got a common coin at round (7,2) (1)
[12] decides on 1 in round 2
[0] got a common coin at round (1,3) (0)
[0] got a common coin at round (5,3) (1)
[0] got a common coin at round (2,3) (1)
[0] got a common coin at round (0,3) (1)
[0] got a common coin at round (13,3) (1)
[0] got a common coin at round (3,3) (0)
[0] got a common coin at round (10,3) (1)
[0] got a common coin at round (4,3) (0)
[5] decides on 1 in round 3
[2] decides on 1 in round 3
[13] decides on 1 in round 3
[0] got a common coin at round (12,3) (1)
[0] got a common coin at round (6,3) (1)
[0] got a common coin at round (15,3) (0)
[0] got a common coin at round (9,3) (1)
[0] got a common coin at round (11,3) (1)
[9] decides on 1 in round 3
[0] synced transactions.
timestampE (0, 1447209489.538418)
[1] synced transactions.
timestampE (1, 1447209489.544442)
[2] synced transactions.
timestampE (2, 1447209489.550374)
[3] synced transactions.
timestampE (3, 1447209489.556265)
[4] synced transactions.
timestampE (4, 1447209489.562072)
[5] synced transactions.
timestampE (5, 1447209489.567930)
[6] synced transactions.
timestampE (6, 1447209489.573778)
[7] synced transactions.
timestampE (7, 1447209489.579625)
[8] synced transactions.
timestampE (8, 1447209489.585458)
[9] synced transactions.
timestampE (9, 1447209489.591304)
[10] synced transactions.
timestampE (10, 1447209489.597188)
[11] synced transactions.
timestampE (11, 1447209489.603044)
Concensus Finished
Entering atexit()
msgCounter 45056
msgTypeCounter [[0, 0], [256, 8213248], [4096, 19071152], [13568, 135680], [11520, 115200], [11520, 3064256], [4096, 163840]]
    Init      Echo      Val       Aux      Coin     Ready
     256     4096     13568     11520     11520      4096
 8213248 19071152    135680    115200   3064256    163840
Total Message size 30763376
