got 4096 TXs
timestampB (0, 1447190266.023124)
got 4096 TXs
timestampB (1, 1447190266.034749)
got 4096 TXs
timestampB (2, 1447190266.045924)
got 4096 TXs
timestampB (3, 1447190266.056344)
got 4096 TXs
timestampB (4, 1447190266.066673)
got 4096 TXs
timestampB (5, 1447190266.077538)
got 4096 TXs
timestampB (6, 1447190266.087896)
got 4096 TXs
timestampB (7, 1447190268.298165)
[0] got a common coin at round (4,1) (1)
[0] got a common coin at round (4,1) (0)
[0] got a common coin at round (4,1) (0)
[0] got a common coin at round (0,1) (0)
[0] got a common coin at round (2,1) (1)
[0] got a common coin at round (6,1) (0)
[0] got a common coin at round (2,1) (0)
[0] got a common coin at round (6,1) (1)
[0] got a common coin at round (0,2) (1)
[0] got a common coin at round (4,2) (1)
[0] got a common coin at round (2,2) (0)
[0] got a common coin at round (3,2) (1)
[0] got a common coin at round (1,2) (1)
[0] got a common coin at round (6,2) (1)
[0] got a common coin at round (6,2) (0)
[0] synced transactions.
timestampE (0, 1447190280.699005)
[1] synced transactions.
timestampE (1, 1447190280.783795)
[2] synced transactions.
timestampE (2, 1447190280.869188)
[3] synced transactions.
timestampE (3, 1447190280.953971)
[4] synced transactions.
timestampE (4, 1447190281.038860)
[5] synced transactions.
timestampE (5, 1447190281.123288)
Concensus Finished
Entering atexit()
msgCounter 4160
msgTypeCounter [[0, 0], [64, 65541328], [512, 131115048], [1248, 12480], [912, 9120], [912, 242592], [512, 20480]]
    Init      Echo      Val       Aux      Coin     Ready
      64      512      1248       912       912       512
65541328 131115048     12480      9120    242592     20480
Total Message size 196941048
