got 128 TXs
timestampB (2, 1447209782.345223)
got 128 TXs
timestampB (1, 1447209782.353848)
got 128 TXs
timestampB (0, 1447209782.354361)
got 128 TXs
timestampB (3, 1447209782.354886)
[0] got a common coin at round (2,1) (0)
[0] got a common coin at round (1,1) (1)
[0] got a common coin at round (0,1) (0)
[1] decides on 1 in round 1
[0] got a common coin at round (3,1) (1)
[3] decides on 1 in round 1
[0] got a common coin at round (2,2) (1)
[2] decides on 1 in round 2
[0] got a common coin at round (1,2) (1)
[0] got a common coin at round (0,2) (1)
[0] decides on 1 in round 2
[0] got a common coin at round (3,2) (1)
[0] synced transactions.
timestampE (0, 1447209782.646433)
[1] synced transactions.
timestampE (1, 1447209782.648788)
[2] synced transactions.
timestampE (2, 1447209782.650585)
Concensus Finished
Entering atexit()
msgCounter 560
msgTypeCounter [[0, 0], [16, 513336], [64, 1029352], [160, 1600], [128, 1280], [128, 34048], [64, 2560]]
    Init      Echo      Val       Aux      Coin     Ready
      16       64       160       128       128        64
  513336  1029352      1600      1280     34048      2560
Total Message size 1582176
