got 128 TXs
timestampB (2, 1447193988.009806)
got 128 TXs
timestampB (1, 1447193988.010576)
got 128 TXs
timestampB (6, 1447193988.011321)
got 128 TXs
timestampB (0, 1447193988.012061)
got 128 TXs
timestampB (5, 1447193988.012811)
got 128 TXs
timestampB (7, 1447193988.013541)
got 128 TXs
timestampB (16, 1447193988.014281)
got 128 TXs
timestampB (19, 1447193988.015048)
got 128 TXs
timestampB (4, 1447193988.015790)
got 128 TXs
timestampB (8, 1447193988.017057)
got 128 TXs
timestampB (9, 1447193988.017794)
got 128 TXs
timestampB (3, 1447193988.018472)
got 128 TXs
timestampB (10, 1447193988.019215)
got 128 TXs
timestampB (11, 1447193988.019944)
got 128 TXs
timestampB (14, 1447193988.020680)
got 128 TXs
timestampB (15, 1447193988.021413)
got 128 TXs
timestampB (21, 1447193988.022151)
got 128 TXs
timestampB (13, 1447193988.022902)
got 128 TXs
timestampB (29, 1447193988.023637)
got 128 TXs
timestampB (26, 1447193988.024374)
got 128 TXs
timestampB (12, 1447193988.025115)
got 128 TXs
timestampB (18, 1447193988.025855)
got 128 TXs
timestampB (17, 1447193988.203708)
got 128 TXs
timestampB (27, 1447193988.204482)
got 128 TXs
timestampB (31, 1447193988.205257)
got 128 TXs
timestampB (24, 1447193988.205952)
got 128 TXs
timestampB (22, 1447193988.207444)
got 128 TXs
timestampB (20, 1447193988.208336)
got 128 TXs
timestampB (23, 1447193988.209095)
got 128 TXs
timestampB (25, 1447193988.209844)
got 128 TXs
timestampB (28, 1447193988.210605)
got 128 TXs
timestampB (30, 1447193988.211361)
[0] got a common coin at round (28,1) (1)
[0] got a common coin at round (7,1) (1)
[0] got a common coin at round (9,1) (0)
[0] got a common coin at round (6,1) (1)
[0] got a common coin at round (27,1) (1)
[0] got a common coin at round (13,1) (0)
[0] got a common coin at round (8,1) (0)
[0] got a common coin at round (29,1) (0)
[0] got a common coin at round (13,1) (1)
[0] got a common coin at round (19,1) (0)
[0] got a common coin at round (25,1) (1)
[0] got a common coin at round (28,1) (1)
[0] got a common coin at round (1,1) (0)
[0] got a common coin at round (25,1) (1)
[0] got a common coin at round (13,1) (1)
[0] got a common coin at round (31,1) (0)
[0] got a common coin at round (9,1) (0)
[0] got a common coin at round (21,1) (1)
[0] got a common coin at round (30,1) (0)
[0] got a common coin at round (30,1) (0)
[0] got a common coin at round (1,1) (0)
[0] got a common coin at round (24,1) (1)
[0] got a common coin at round (16,1) (1)
[0] got a common coin at round (21,1) (1)
[0] got a common coin at round (5,1) (1)
[0] got a common coin at round (9,1) (1)
[0] got a common coin at round (2,1) (0)
[0] got a common coin at round (21,1) (0)
[0] got a common coin at round (3,1) (1)
[0] got a common coin at round (3,1) (0)
[0] got a common coin at round (18,1) (1)
[0] got a common coin at round (25,1) (0)
[0] got a common coin at round (24,2) (0)
[0] got a common coin at round (23,2) (1)
[0] got a common coin at round (30,2) (1)
[0] got a common coin at round (16,2) (1)
[0] got a common coin at round (10,2) (0)
[0] got a common coin at round (19,2) (1)
[0] got a common coin at round (25,2) (1)
[0] got a common coin at round (26,2) (0)
[0] got a common coin at round (31,2) (1)
[0] got a common coin at round (3,2) (0)
[0] got a common coin at round (31,2) (1)
[0] got a common coin at round (19,2) (1)
[0] got a common coin at round (25,2) (0)
[0] got a common coin at round (9,2) (1)
[0] got a common coin at round (16,2) (1)
[0] got a common coin at round (15,2) (1)
[0] got a common coin at round (9,2) (1)
[0] got a common coin at round (0,2) (1)
[0] got a common coin at round (1,2) (1)
[0] got a common coin at round (16,2) (0)
[0] got a common coin at round (23,2) (0)
[0] got a common coin at round (12,2) (0)
[0] got a common coin at round (18,2) (1)
[0] got a common coin at round (29,2) (0)
[0] got a common coin at round (7,2) (0)
[0] got a common coin at round (13,2) (1)
[0] got a common coin at round (6,2) (0)
[0] got a common coin at round (26,2) (1)
[0] got a common coin at round (17,2) (1)
[0] got a common coin at round (24,2) (0)
[0] got a common coin at round (29,2) (0)
[0] got a common coin at round (6,2) (0)
[0] synced transactions.
timestampE (0, 1447194057.361979)
[1] synced transactions.
timestampE (1, 1447194057.371720)
[2] synced transactions.
timestampE (2, 1447194057.381451)
[3] synced transactions.
timestampE (3, 1447194057.391276)
[4] synced transactions.
timestampE (4, 1447194057.400968)
[5] synced transactions.
timestampE (5, 1447194057.410629)
[6] synced transactions.
timestampE (6, 1447194057.420245)
[7] synced transactions.
timestampE (7, 1447194057.429891)
[8] synced transactions.
timestampE (8, 1447194057.439594)
[9] synced transactions.
timestampE (9, 1447194057.449277)
[10] synced transactions.
timestampE (10, 1447194057.458978)
[11] synced transactions.
timestampE (11, 1447194057.468534)
[12] synced transactions.
timestampE (12, 1447194057.478181)
[13] synced transactions.
timestampE (13, 1447194057.487844)
[14] synced transactions.
timestampE (14, 1447194057.497459)
[15] synced transactions.
timestampE (15, 1447194057.507176)
[16] synced transactions.
timestampE (16, 1447194057.516867)
[17] synced transactions.
timestampE (17, 1447194057.526515)
[18] synced transactions.
timestampE (18, 1447194057.536179)
[19] synced transactions.
timestampE (19, 1447194057.545847)
[20] synced transactions.
timestampE (20, 1447194057.555440)
[21] synced transactions.
timestampE (21, 1447194057.565032)
[22] synced transactions.
timestampE (22, 1447194057.574695)
[23] synced transactions.
timestampE (23, 1447194057.584323)
Concensus Finished
Entering atexit()
msgCounter 278528
msgTypeCounter [[0, 0], [1024, 32852992], [32768, 83427456], [80896, 808960], [65536, 655360], [65536, 17432160], [32768, 1310720]]
    Init      Echo      Val       Aux      Coin     Ready
    1024    32768     80896     65536     65536     32768
32852992 83427456    808960    655360  17432160   1310720
Total Message size 136487648
