got 32768 TXs
timestampB (0, 1447190682.479520)
got 32766 TXs
timestampB (1, 1447190682.579550)
got 32768 TXs
timestampB (2, 1447190682.676119)
got 32767 TXs
timestampB (3, 1447190682.772095)
got 32767 TXs
timestampB (4, 1447190682.874652)
got 32768 TXs
timestampB (5, 1447190682.970698)
got 32768 TXs
timestampB (6, 1447190683.066741)
got 32768 TXs
timestampB (7, 1447190701.994230)
[0] got a common coin at round (2,1) (1)
[0] got a common coin at round (6,1) (0)
[0] got a common coin at round (3,1) (0)
[0] got a common coin at round (0,1) (0)
[0] got a common coin at round (6,1) (1)
[0] got a common coin at round (2,1) (0)
[0] got a common coin at round (5,1) (0)
[0] got a common coin at round (3,1) (1)
[0] got a common coin at round (4,2) (1)
[0] got a common coin at round (2,2) (0)
[0] got a common coin at round (1,2) (1)
[0] got a common coin at round (5,2) (1)
[0] got a common coin at round (2,2) (1)
[0] got a common coin at round (6,2) (0)
[0] got a common coin at round (0,2) (1)
[0] synced transactions.
timestampE (0, 1447190811.397246)
[1] synced transactions.
timestampE (1, 1447190812.169119)
[2] synced transactions.
timestampE (2, 1447190812.940839)
[3] synced transactions.
timestampE (3, 1447190813.699620)
[4] synced transactions.
timestampE (4, 1447190814.454003)
[5] synced transactions.
timestampE (5, 1447190815.205669)
Concensus Finished
Entering atexit()
msgCounter 4160
msgTypeCounter [[0, 0], [64, 524285328], [512, 1048603096], [1248, 12480], [912, 9120], [912, 242592], [512, 20480]]
    Init      Echo      Val       Aux      Coin     Ready
      64      512      1248       912       912       512
524285328 1048603096     12480      9120    242592     20480
Total Message size 1573173096
