got 128 TXs
timestampB (2, 1447204975.081176)
got 128 TXs
timestampB (6, 1447204975.082254)
got 128 TXs
timestampB (5, 1447204975.083317)
got 128 TXs
timestampB (0, 1447204975.084338)
got 128 TXs
timestampB (1, 1447204975.085410)
got 128 TXs
timestampB (12, 1447204975.086922)
got 128 TXs
timestampB (7, 1447204975.087980)
got 128 TXs
timestampB (3, 1447204975.088976)
got 128 TXs
timestampB (9, 1447204975.090023)
got 128 TXs
timestampB (4, 1447204975.091190)
got 128 TXs
timestampB (13, 1447204975.092401)
got 128 TXs
timestampB (14, 1447204975.093532)
got 128 TXs
timestampB (17, 1447204975.095324)
got 128 TXs
timestampB (11, 1447204975.096501)
got 128 TXs
timestampB (19, 1447204975.097674)
got 128 TXs
timestampB (21, 1447204975.098872)
got 128 TXs
timestampB (10, 1447204975.100024)
got 128 TXs
timestampB (18, 1447204975.101206)
got 128 TXs
timestampB (8, 1447204975.102950)
got 128 TXs
timestampB (15, 1447204975.104003)
got 128 TXs
timestampB (26, 1447204975.105036)
got 128 TXs
timestampB (29, 1447204975.106109)
got 128 TXs
timestampB (24, 1447204975.107171)
got 128 TXs
timestampB (16, 1447204975.108208)
got 128 TXs
timestampB (20, 1447204975.109215)
got 128 TXs
timestampB (35, 1447204975.110795)
got 128 TXs
timestampB (23, 1447204975.111844)
got 128 TXs
timestampB (31, 1447204975.112904)
got 128 TXs
timestampB (25, 1447204975.113957)
got 128 TXs
timestampB (38, 1447204975.115009)
got 128 TXs
timestampB (28, 1447204975.116107)
got 128 TXs
timestampB (32, 1447204975.117148)
got 128 TXs
timestampB (33, 1447204975.118774)
got 128 TXs
timestampB (34, 1447204975.119773)
got 128 TXs
timestampB (41, 1447204975.120828)
got 128 TXs
timestampB (22, 1447204975.121895)
got 128 TXs
timestampB (42, 1447204975.123078)
got 128 TXs
timestampB (36, 1447204975.124359)
got 128 TXs
timestampB (39, 1447204975.125723)
got 128 TXs
timestampB (27, 1447204975.127686)
got 128 TXs
timestampB (30, 1447204975.129021)
got 128 TXs
timestampB (47, 1447204975.130347)
got 128 TXs
timestampB (48, 1447204975.131665)
got 128 TXs
timestampB (46, 1447204975.133008)
got 128 TXs
timestampB (45, 1447204975.134168)
got 128 TXs
timestampB (53, 1447204975.135768)
got 128 TXs
timestampB (50, 1447204975.150286)
got 128 TXs
timestampB (43, 1447204975.151351)
got 128 TXs
timestampB (57, 1447204975.152403)
got 128 TXs
timestampB (44, 1447204975.153474)
got 128 TXs
timestampB (56, 1447204975.154479)
got 128 TXs
timestampB (40, 1447204975.155535)
got 128 TXs
timestampB (37, 1447204975.156599)
got 128 TXs
timestampB (54, 1447204975.158160)
got 128 TXs
timestampB (51, 1447204975.159507)
got 128 TXs
timestampB (52, 1447204975.546872)
got 128 TXs
timestampB (49, 1447204975.549656)
got 128 TXs
timestampB (60, 1447204975.551405)
got 128 TXs
timestampB (59, 1447204975.553074)
got 128 TXs
timestampB (62, 1447204975.554823)
got 128 TXs
timestampB (55, 1447204975.556547)
got 128 TXs
timestampB (63, 1447204975.557955)
got 128 TXs
timestampB (58, 1447204975.559383)
got 128 TXs
timestampB (61, 1447204975.561649)
[0] got a common coin at round (51,1) (0)
[0] got a common coin at round (33,1) (1)
[0] got a common coin at round (16,1) (0)
[0] got a common coin at round (28,1) (0)
[0] got a common coin at round (8,1) (0)
[0] got a common coin at round (21,1) (0)
[0] got a common coin at round (7,1) (1)
[0] got a common coin at round (26,1) (0)
[0] got a common coin at round (19,1) (0)
[0] got a common coin at round (22,1) (1)
[0] got a common coin at round (43,1) (0)
[0] got a common coin at round (5,1) (0)
[0] got a common coin at round (1,1) (1)
[0] got a common coin at round (11,1) (1)
[0] got a common coin at round (4,1) (1)
[0] got a common coin at round (54,1) (0)
[0] got a common coin at round (35,1) (1)
[0] got a common coin at round (57,1) (1)
[0] got a common coin at round (40,1) (0)
[0] got a common coin at round (17,1) (1)
[0] got a common coin at round (23,1) (1)
[0] got a common coin at round (53,1) (1)
[0] got a common coin at round (56,1) (0)
[0] got a common coin at round (29,1) (1)
[0] got a common coin at round (30,1) (0)
[0] got a common coin at round (15,1) (1)
[0] got a common coin at round (42,1) (1)
[0] got a common coin at round (25,1) (1)
[0] got a common coin at round (27,1) (0)
[0] got a common coin at round (10,1) (0)
[0] got a common coin at round (34,1) (0)
[0] got a common coin at round (13,1) (1)
[0] got a common coin at round (20,1) (0)
[0] got a common coin at round (18,1) (0)
[0] got a common coin at round (31,1) (0)
[0] got a common coin at round (3,1) (1)
[0] got a common coin at round (14,1) (1)
[0] got a common coin at round (47,1) (1)
[0] got a common coin at round (46,1) (0)
[0] got a common coin at round (9,1) (0)
[0] got a common coin at round (12,1) (1)
[0] got a common coin at round (38,1) (0)
[0] got a common coin at round (37,1) (0)
[0] got a common coin at round (24,1) (1)
[0] got a common coin at round (32,1) (0)
[0] got a common coin at round (0,1) (0)
[0] got a common coin at round (44,1) (1)
[0] got a common coin at round (39,1) (1)
[0] got a common coin at round (45,1) (0)
[0] got a common coin at round (36,1) (1)
[0] got a common coin at round (48,1) (1)
[0] got a common coin at round (41,1) (0)
[0] got a common coin at round (6,1) (0)
[0] got a common coin at round (2,1) (1)
[0] got a common coin at round (50,1) (1)
[33] decides on 1 in round 1
[7] decides on 1 in round 1
[22] decides on 1 in round 1
[1] decides on 1 in round 1
[11] decides on 1 in round 1
[4] decides on 1 in round 1
[35] decides on 1 in round 1
[57] decides on 1 in round 1
[17] decides on 1 in round 1
[23] decides on 1 in round 1
[53] decides on 1 in round 1
[29] decides on 1 in round 1
[15] decides on 1 in round 1
[42] decides on 1 in round 1
[25] decides on 1 in round 1
[13] decides on 1 in round 1
[3] decides on 1 in round 1
[14] decides on 1 in round 1
[47] decides on 1 in round 1
[12] decides on 1 in round 1
[24] decides on 1 in round 1
[44] decides on 1 in round 1
[39] decides on 1 in round 1
[36] decides on 1 in round 1
[48] decides on 1 in round 1
[2] decides on 1 in round 1
[50] decides on 1 in round 1
[0] got a common coin at round (61,1) (1)
[0] got a common coin at round (58,1) (0)
[0] got a common coin at round (55,1) (0)
[0] got a common coin at round (49,1) (0)
[0] got a common coin at round (62,1) (0)
[0] got a common coin at round (60,1) (1)
[0] got a common coin at round (59,1) (1)
[0] got a common coin at round (63,1) (1)
[0] got a common coin at round (52,1) (0)
[61] decides on 1 in round 1
[60] decides on 1 in round 1
[59] decides on 1 in round 1
[63] decides on 1 in round 1
[0] got a common coin at round (51,2) (1)
[0] got a common coin at round (34,2) (1)
[0] got a common coin at round (32,2) (1)
[0] got a common coin at round (45,2) (1)
[0] got a common coin at round (33,2) (1)
[0] got a common coin at round (44,2) (0)
[0] got a common coin at round (23,2) (1)
[0] got a common coin at round (22,2) (0)
[0] got a common coin at round (7,2) (0)
[0] got a common coin at round (20,2) (0)
[0] got a common coin at round (9,2) (1)
[0] got a common coin at round (53,2) (0)
[0] got a common coin at round (15,2) (1)
[0] got a common coin at round (56,2) (0)
[0] got a common coin at round (27,2) (0)
[0] got a common coin at round (8,2) (1)
[0] got a common coin at round (21,2) (1)
[0] got a common coin at round (13,2) (0)
[0] got a common coin at round (30,2) (1)
[0] got a common coin at round (40,2) (1)
[0] got a common coin at round (54,2) (0)
[0] got a common coin at round (14,2) (0)
[0] got a common coin at round (29,2) (1)
[0] got a common coin at round (1,2) (0)
[0] got a common coin at round (41,2) (0)
[0] got a common coin at round (57,2) (1)
[0] got a common coin at round (4,2) (1)
[0] got a common coin at round (28,2) (1)
[0] got a common coin at round (37,2) (0)
[0] got a common coin at round (19,2) (1)
[0] got a common coin at round (6,2) (0)
[0] got a common coin at round (26,2) (0)
[0] got a common coin at round (24,2) (0)
[0] got a common coin at round (2,2) (0)
[0] got a common coin at round (50,2) (1)
[0] got a common coin at round (47,2) (0)
[0] got a common coin at round (31,2) (1)
[0] got a common coin at round (35,2) (0)
[0] got a common coin at round (3,2) (0)
[0] got a common coin at round (42,2) (1)
[0] got a common coin at round (11,2) (1)
[0] got a common coin at round (12,2) (0)
[0] got a common coin at round (0,2) (0)
[0] got a common coin at round (25,2) (0)
[0] got a common coin at round (46,2) (1)
[0] got a common coin at round (5,2) (1)
[0] got a common coin at round (10,2) (0)
[0] got a common coin at round (43,2) (0)
[0] got a common coin at round (17,2) (0)
[0] got a common coin at round (36,2) (1)
[0] got a common coin at round (18,2) (0)
[0] got a common coin at round (39,2) (1)
[0] got a common coin at round (16,2) (1)
[0] got a common coin at round (38,2) (0)
[0] got a common coin at round (48,2) (0)
[51] decides on 1 in round 2
[34] decides on 1 in round 2
[32] decides on 1 in round 2
[45] decides on 1 in round 2
[9] decides on 1 in round 2
[8] decides on 1 in round 2
[21] decides on 1 in round 2
[30] decides on 1 in round 2
[40] decides on 1 in round 2
[28] decides on 1 in round 2
[19] decides on 1 in round 2
[31] decides on 1 in round 2
[46] decides on 1 in round 2
[5] decides on 1 in round 2
[16] decides on 1 in round 2
[0] got a common coin at round (61,2) (0)
[0] got a common coin at round (55,2) (1)
[0] got a common coin at round (60,2) (1)
[0] got a common coin at round (63,2) (1)
[0] got a common coin at round (49,2) (0)
[0] got a common coin at round (59,2) (0)
[0] got a common coin at round (62,2) (0)
[0] got a common coin at round (58,2) (1)
[0] got a common coin at round (52,2) (0)
[55] decides on 1 in round 2
[58] decides on 1 in round 2
[0] got a common coin at round (51,3) (0)
[0] got a common coin at round (47,3) (1)
[0] got a common coin at round (17,3) (0)
[0] got a common coin at round (38,3) (0)
[0] got a common coin at round (19,3) (0)
[0] got a common coin at round (44,3) (1)
[0] got a common coin at round (22,3) (0)
[0] got a common coin at round (56,3) (1)
[0] got a common coin at round (30,3) (0)
[0] got a common coin at round (5,3) (0)
[0] got a common coin at round (2,3) (0)
[0] got a common coin at round (18,3) (0)
[0] got a common coin at round (28,3) (0)
[0] got a common coin at round (12,3) (0)
[0] got a common coin at round (43,3) (1)
[0] got a common coin at round (41,3) (0)
[0] got a common coin at round (7,3) (1)
[0] got a common coin at round (24,3) (0)
[0] got a common coin at round (46,3) (0)
[0] got a common coin at round (40,3) (0)
[0] got a common coin at round (14,3) (0)
[0] got a common coin at round (27,3) (0)
[0] got a common coin at round (16,3) (0)
[0] got a common coin at round (25,3) (0)
[0] got a common coin at round (54,3) (1)
[0] got a common coin at round (32,3) (1)
[0] got a common coin at round (8,3) (0)
[0] got a common coin at round (3,3) (1)
[0] got a common coin at round (37,3) (0)
[0] got a common coin at round (45,3) (0)
[0] got a common coin at round (26,3) (1)
[0] got a common coin at round (13,3) (0)
[0] got a common coin at round (9,3) (1)
[0] got a common coin at round (48,3) (0)
[0] got a common coin at round (1,3) (1)
[0] got a common coin at round (34,3) (1)
[0] got a common coin at round (31,3) (1)
[0] got a common coin at round (20,3) (1)
[0] got a common coin at round (6,3) (0)
[0] got a common coin at round (35,3) (1)
[0] got a common coin at round (10,3) (1)
[0] got a common coin at round (0,3) (1)
[0] got a common coin at round (53,3) (0)
[0] got a common coin at round (21,3) (0)
[56] decides on 1 in round 3
[43] decides on 1 in round 3
[54] decides on 1 in round 3
[26] decides on 1 in round 3
[20] decides on 1 in round 3
[10] decides on 1 in round 3
[0] decides on 1 in round 3
[0] got a common coin at round (61,3) (1)
[0] got a common coin at round (52,3) (0)
[0] got a common coin at round (62,3) (1)
[0] got a common coin at round (59,3) (0)
[0] got a common coin at round (58,3) (0)
[0] got a common coin at round (55,3) (0)
[0] got a common coin at round (49,3) (1)
[62] decides on 1 in round 3
[49] decides on 1 in round 3
[0] got a common coin at round (51,4) (0)
[0] got a common coin at round (17,4) (1)
[0] got a common coin at round (24,4) (1)
[0] got a common coin at round (38,4) (0)
[0] got a common coin at round (28,4) (0)
[0] got a common coin at round (20,4) (0)
[0] got a common coin at round (45,4) (1)
[0] got a common coin at round (13,4) (0)
[0] got a common coin at round (54,4) (1)
[0] got a common coin at round (8,4) (0)
[0] got a common coin at round (0,4) (0)
[0] got a common coin at round (18,4) (0)
[0] got a common coin at round (53,4) (1)
[0] got a common coin at round (56,4) (0)
[0] got a common coin at round (25,4) (0)
[0] got a common coin at round (16,4) (1)
[0] got a common coin at round (22,4) (0)
[0] got a common coin at round (41,4) (0)
[0] got a common coin at round (48,4) (0)
[0] got a common coin at round (46,4) (0)
[0] got a common coin at round (26,4) (1)
[0] got a common coin at round (2,4) (0)
[0] got a common coin at round (37,4) (1)
[0] got a common coin at round (14,4) (0)
[0] got a common coin at round (40,4) (0)
[0] got a common coin at round (10,4) (1)
[0] got a common coin at round (19,4) (1)
[0] got a common coin at round (6,4) (1)
[0] got a common coin at round (12,4) (0)
[0] got a common coin at round (5,4) (1)
[0] got a common coin at round (43,4) (0)
[0] got a common coin at round (21,4) (1)
[0] got a common coin at round (30,4) (1)
[0] got a common coin at round (27,4) (0)
[37] decides on 1 in round 4
[6] decides on 1 in round 4
[0] got a common coin at round (52,4) (1)
[0] got a common coin at round (58,4) (0)
[0] got a common coin at round (59,4) (0)
[0] got a common coin at round (49,4) (1)
[0] got a common coin at round (55,4) (0)
[0] got a common coin at round (62,4) (1)
[52] decides on 1 in round 4
[0] got a common coin at round (51,5) (0)
[0] got a common coin at round (43,5) (1)
[0] got a common coin at round (46,5) (0)
[0] got a common coin at round (25,5) (1)
[0] got a common coin at round (56,5) (0)
[0] got a common coin at round (6,5) (1)
[0] got a common coin at round (27,5) (1)
[0] got a common coin at round (41,5) (1)
[0] got a common coin at round (8,5) (1)
[0] got a common coin at round (37,5) (1)
[0] got a common coin at round (48,5) (1)
[0] got a common coin at round (2,5) (0)
[0] got a common coin at round (12,5) (1)
[0] got a common coin at round (38,5) (1)
[0] got a common coin at round (14,5) (1)
[0] got a common coin at round (0,5) (1)
[0] got a common coin at round (13,5) (0)
[0] got a common coin at round (22,5) (0)
[0] got a common coin at round (28,5) (0)
[0] got a common coin at round (18,5) (0)
[0] got a common coin at round (40,5) (1)
[0] got a common coin at round (20,5) (0)
[27] decides on 1 in round 5
[41] decides on 1 in round 5
[38] decides on 1 in round 5
[0] got a common coin at round (52,5) (1)
[0] got a common coin at round (58,5) (0)
[0] got a common coin at round (55,5) (1)
[0] got a common coin at round (59,5) (0)
[0] got a common coin at round (51,6) (0)
[0] got a common coin at round (20,6) (0)
[0] got a common coin at round (2,6) (1)
[0] got a common coin at round (38,6) (1)
[0] got a common coin at round (13,6) (0)
[0] got a common coin at round (41,6) (0)
[0] got a common coin at round (56,6) (1)
[0] got a common coin at round (46,6) (0)
[0] got a common coin at round (22,6) (0)
[0] got a common coin at round (27,6) (0)
[0] got a common coin at round (18,6) (1)
[0] got a common coin at round (28,6) (0)
[18] decides on 1 in round 6
[0] got a common coin at round (58,6) (1)
[0] got a common coin at round (59,6) (0)
[0] synced transactions.
timestampE (0, 1447206082.842218)
[1] synced transactions.
timestampE (1, 1447206082.874939)
[2] synced transactions.
timestampE (2, 1447206082.907305)
[3] synced transactions.
timestampE (3, 1447206082.939816)
[4] synced transactions.
timestampE (4, 1447206082.972984)
[5] synced transactions.
timestampE (5, 1447206083.006033)
[6] synced transactions.
timestampE (6, 1447206083.038159)
[7] synced transactions.
timestampE (7, 1447206083.070452)
[8] synced transactions.
timestampE (8, 1447206083.102713)
[9] synced transactions.
timestampE (9, 1447206083.135160)
[10] synced transactions.
timestampE (10, 1447206083.167498)
[11] synced transactions.
timestampE (11, 1447206083.199995)
[12] synced transactions.
timestampE (12, 1447206083.232167)
[13] synced transactions.
timestampE (13, 1447206083.264524)
[14] synced transactions.
timestampE (14, 1447206083.296555)
[15] synced transactions.
timestampE (15, 1447206083.328850)
[16] synced transactions.
timestampE (16, 1447206083.361721)
[17] synced transactions.
timestampE (17, 1447206083.394084)
[18] synced transactions.
timestampE (18, 1447206083.426444)
[19] synced transactions.
timestampE (19, 1447206083.458724)
[20] synced transactions.
timestampE (20, 1447206083.490911)
[21] synced transactions.
timestampE (21, 1447206083.523120)
[22] synced transactions.
timestampE (22, 1447206083.555143)
[23] synced transactions.
timestampE (23, 1447206083.587426)
[24] synced transactions.
timestampE (24, 1447206083.619605)
[25] synced transactions.
timestampE (25, 1447206083.652064)
[26] synced transactions.
timestampE (26, 1447206083.684197)
[27] synced transactions.
timestampE (27, 1447206083.716391)
[28] synced transactions.
timestampE (28, 1447206083.748571)
[29] synced transactions.
timestampE (29, 1447206083.780966)
[30] synced transactions.
timestampE (30, 1447206083.813096)
[31] synced transactions.
timestampE (31, 1447206083.845183)
[32] synced transactions.
timestampE (32, 1447206083.877180)
[33] synced transactions.
timestampE (33, 1447206083.909380)
[34] synced transactions.
timestampE (34, 1447206083.941598)
[35] synced transactions.
timestampE (35, 1447206083.974084)
[36] synced transactions.
timestampE (36, 1447206084.006397)
[37] synced transactions.
timestampE (37, 1447206084.039108)
[38] synced transactions.
timestampE (38, 1447206084.071349)
[39] synced transactions.
timestampE (39, 1447206084.103669)
[40] synced transactions.
timestampE (40, 1447206084.135721)
[41] synced transactions.
timestampE (41, 1447206084.168081)
[42] synced transactions.
timestampE (42, 1447206084.200505)
[43] synced transactions.
timestampE (43, 1447206084.232722)
[44] synced transactions.
timestampE (44, 1447206084.264993)
[45] synced transactions.
timestampE (45, 1447206084.297332)
[46] synced transactions.
timestampE (46, 1447206084.330020)
[47] synced transactions.
timestampE (47, 1447206084.362571)
Concensus Finished
Entering atexit()
msgCounter 3747840
msgTypeCounter [[0, 0], [4096, 131411456], [262144, 357561920], [1097728, 10977280], [1060864, 10608640], [1060864, 282184832], [262144, 10485760]]
    Init      Echo      Val       Aux      Coin     Ready
    4096   262144   1097728   1060864   1060864    262144
131411456 357561920  10977280  10608640 282184832  10485760
Total Message size 803229888
