got 4096 TXs
timestampB (0, 1447189779.680710)
got 4096 TXs
timestampB (1, 1447189779.692654)
got 4096 TXs
timestampB (2, 1447189779.703861)
[0] got a common coin at round (2,1) (0)
[0] got a common coin at round (1,1) (0)
[0] got a common coin at round (1,1) (1)
got 4096 TXs
timestampB (3, 1447189781.717270)
[0] got a common coin at round (2,2) (1)
[0] got a common coin at round (0,2) (1)
[0] got a common coin at round (2,2) (1)
[0] synced transactions.
timestampE (0, 1447189782.683159)
[1] synced transactions.
timestampE (1, 1447189782.719214)
[2] synced transactions.
timestampE (2, 1447189782.757159)
Concensus Finished
Entering atexit()
msgCounter 352
msgTypeCounter [[0, 0], [16, 16385328], [48, 24580036], [96, 960], [72, 720], [72, 19152], [48, 1920]]
    Init      Echo      Val       Aux      Coin     Ready
      16       48        96        72        72        48
16385328 24580036       960       720     19152      1920
Total Message size 40988116
