got 16384 TXs
timestampB (0, 1447189842.595037)
got 16383 TXs
timestampB (1, 1447189842.641631)
got 16384 TXs
timestampB (2, 1447189842.687289)
[0] got a common coin at round (1,1) (1)
[0] got a common coin at round (0,1) (0)
[0] got a common coin at round (2,1) (0)
got 16384 TXs
timestampB (3, 1447189850.313688)
[0] got a common coin at round (1,2) (1)
[0] got a common coin at round (1,2) (1)
[0] got a common coin at round (0,2) (1)
[0] synced transactions.
timestampE (0, 1447189854.076542)
[1] synced transactions.
timestampE (1, 1447189854.237771)
[2] synced transactions.
timestampE (2, 1447189854.407903)
Concensus Finished
Entering atexit()
msgCounter 352
msgTypeCounter [[0, 0], [16, 65536324], [48, 98306032], [96, 960], [72, 720], [72, 19152], [48, 1920]]
    Init      Echo      Val       Aux      Coin     Ready
      16       48        96        72        72        48
65536324 98306032       960       720     19152      1920
Total Message size 163865108
