got 32768 TXs
timestampB (0, 1447191298.807788)
got 32768 TXs
timestampB (1, 1447191298.904680)
got 32768 TXs
timestampB (2, 1447191298.997844)
got 32767 TXs
timestampB (3, 1447191299.090202)
got 32767 TXs
timestampB (4, 1447191299.189422)
got 32767 TXs
timestampB (5, 1447191299.281333)
got 32768 TXs
timestampB (6, 1447191299.373656)
got 32767 TXs
timestampB (7, 1447191299.472197)
[0] got a common coin at round (5,1) (0)
[0] got a common coin at round (7,1) (1)
[0] got a common coin at round (2,1) (0)
[0] got a common coin at round (4,1) (0)
[0] got a common coin at round (3,1) (1)
[0] got a common coin at round (5,1) (1)
[0] got a common coin at round (2,1) (0)
[0] got a common coin at round (7,1) (0)
[0] got a common coin at round (5,2) (1)
[0] got a common coin at round (0,2) (1)
[0] got a common coin at round (1,2) (0)
[0] got a common coin at round (7,2) (1)
[0] got a common coin at round (0,2) (0)
[0] got a common coin at round (0,2) (1)
[0] got a common coin at round (1,2) (1)
[0] got a common coin at round (3,2) (1)
[0] synced transactions.
timestampE (0, 1447191410.100980)
[1] synced transactions.
timestampE (1, 1447191410.877354)
[2] synced transactions.
timestampE (2, 1447191411.664542)
[3] synced transactions.
timestampE (3, 1447191412.435883)
[4] synced transactions.
timestampE (4, 1447191413.188110)
[5] synced transactions.
timestampE (5, 1447191413.946930)
Concensus Finished
Entering atexit()
msgCounter 4544
msgTypeCounter [[0, 0], [64, 524285336], [512, 1048603112], [1408, 14080], [1024, 10240], [1024, 272384], [512, 20480]]
    Init      Echo      Val       Aux      Coin     Ready
      64      512      1408      1024      1024       512
524285336 1048603112     14080     10240    272384     20480
Total Message size 1573205632
