got 2048 TXs
timestampB (0, 1447190209.592602)
got 2048 TXs
timestampB (2, 1447190209.598668)
got 2048 TXs
timestampB (1, 1447190209.604722)
got 2048 TXs
timestampB (3, 1447190209.610037)
got 2048 TXs
timestampB (4, 1447190209.615353)
got 2048 TXs
timestampB (5, 1447190209.620388)
got 2048 TXs
timestampB (6, 1447190209.625426)
got 2048 TXs
timestampB (7, 1447190209.630848)
[0] got a common coin at round (5,1) (0)
[0] got a common coin at round (4,1) (0)
[0] got a common coin at round (1,1) (1)
[0] got a common coin at round (1,1) (1)
[0] got a common coin at round (7,1) (0)
[0] got a common coin at round (5,1) (0)
[0] got a common coin at round (7,1) (0)
[0] got a common coin at round (5,1) (1)
[0] got a common coin at round (5,2) (0)
[0] got a common coin at round (4,2) (1)
[0] got a common coin at round (1,2) (1)
[0] got a common coin at round (6,2) (0)
[0] got a common coin at round (5,2) (1)
[0] got a common coin at round (2,2) (1)
[0] got a common coin at round (4,2) (1)
[0] got a common coin at round (6,2) (1)
[0] synced transactions.
timestampE (0, 1447190217.940126)
[1] synced transactions.
timestampE (1, 1447190217.981057)
[2] synced transactions.
timestampE (2, 1447190218.021770)
[3] synced transactions.
timestampE (3, 1447190218.062649)
[4] synced transactions.
timestampE (4, 1447190218.103195)
[5] synced transactions.
timestampE (5, 1447190218.143792)
Concensus Finished
Entering atexit()
msgCounter 4544
msgTypeCounter [[0, 0], [64, 32773320], [512, 65579064], [1408, 14080], [1024, 10240], [1024, 272384], [512, 20480]]
    Init      Echo      Val       Aux      Coin     Ready
      64      512      1408      1024      1024       512
32773320 65579064     14080     10240    272384     20480
Total Message size 98669568
