got 128 TXs
timestampB (3, 1447198700.993748)
got 128 TXs
timestampB (2, 1447198700.994499)
got 128 TXs
timestampB (0, 1447198700.995248)
got 128 TXs
timestampB (1, 1447198700.995992)
got 128 TXs
timestampB (7, 1447198700.996736)
got 128 TXs
timestampB (10, 1447198700.997466)
got 128 TXs
timestampB (4, 1447198700.998202)
got 128 TXs
timestampB (11, 1447198700.999055)
got 128 TXs
timestampB (8, 1447198700.999900)
got 128 TXs
timestampB (6, 1447198701.001309)
got 128 TXs
timestampB (18, 1447198701.002157)
got 128 TXs
timestampB (9, 1447198701.002950)
got 128 TXs
timestampB (5, 1447198701.003791)
got 128 TXs
timestampB (21, 1447198701.004623)
got 128 TXs
timestampB (14, 1447198701.005469)
got 128 TXs
timestampB (12, 1447198701.006314)
got 128 TXs
timestampB (22, 1447198701.007161)
got 128 TXs
timestampB (15, 1447198701.008006)
got 128 TXs
timestampB (16, 1447198701.008859)
got 128 TXs
timestampB (23, 1447198701.162126)
got 128 TXs
timestampB (13, 1447198701.162908)
got 128 TXs
timestampB (25, 1447198701.163671)
got 128 TXs
timestampB (17, 1447198701.164424)
got 128 TXs
timestampB (19, 1447198701.165175)
got 128 TXs
timestampB (28, 1447198701.165923)
got 128 TXs
timestampB (29, 1447198701.166726)
got 128 TXs
timestampB (26, 1447198701.168290)
got 128 TXs
timestampB (20, 1447198701.169090)
got 128 TXs
timestampB (31, 1447198701.169956)
got 128 TXs
timestampB (27, 1447198701.170836)
got 128 TXs
timestampB (24, 1447198701.171696)
got 128 TXs
timestampB (30, 1447198701.172557)
[0] got a common coin at round (17,1) (0)
[0] got a common coin at round (24,1) (0)
[0] got a common coin at round (17,1) (1)
[0] got a common coin at round (25,1) (1)
[0] got a common coin at round (27,1) (1)
[0] got a common coin at round (16,1) (0)
[0] got a common coin at round (3,1) (0)
[0] got a common coin at round (7,1) (0)
[0] got a common coin at round (15,1) (1)
[0] got a common coin at round (10,1) (0)
[0] got a common coin at round (23,1) (1)
[0] got a common coin at round (28,1) (1)
[0] got a common coin at round (17,1) (0)
[0] got a common coin at round (21,1) (0)
[0] got a common coin at round (14,1) (1)
[0] got a common coin at round (11,1) (0)
[0] got a common coin at round (9,1) (1)
[0] got a common coin at round (23,1) (1)
[0] got a common coin at round (23,1) (1)
[0] got a common coin at round (17,1) (0)
[0] got a common coin at round (22,1) (1)
[0] got a common coin at round (30,1) (1)
[0] got a common coin at round (7,1) (1)
[0] got a common coin at round (16,1) (1)
[0] got a common coin at round (13,1) (0)
[0] got a common coin at round (0,1) (0)
[0] got a common coin at round (15,1) (1)
[0] got a common coin at round (5,1) (0)
[0] got a common coin at round (9,1) (1)
[0] got a common coin at round (7,1) (0)
[0] got a common coin at round (21,1) (1)
[0] got a common coin at round (12,1) (0)
[0] got a common coin at round (24,2) (1)
[0] got a common coin at round (22,2) (0)
[0] got a common coin at round (12,2) (1)
[0] got a common coin at round (25,2) (1)
[0] got a common coin at round (24,2) (1)
[0] got a common coin at round (22,2) (1)
[0] got a common coin at round (31,2) (1)
[0] got a common coin at round (3,2) (1)
[0] got a common coin at round (6,2) (1)
[0] got a common coin at round (0,2) (1)
[0] got a common coin at round (9,2) (0)
[0] got a common coin at round (21,2) (1)
[0] got a common coin at round (20,2) (1)
[0] got a common coin at round (17,2) (1)
[0] got a common coin at round (26,2) (0)
[0] got a common coin at round (30,2) (0)
[0] got a common coin at round (15,2) (0)
[0] got a common coin at round (14,2) (0)
[0] got a common coin at round (1,2) (1)
[0] got a common coin at round (18,2) (0)
[0] got a common coin at round (29,2) (0)
[0] got a common coin at round (27,2) (0)
[0] got a common coin at round (3,2) (1)
[0] got a common coin at round (6,2) (0)
[0] got a common coin at round (30,2) (0)
[0] got a common coin at round (25,2) (1)
[0] got a common coin at round (1,2) (0)
[0] got a common coin at round (22,2) (1)
[0] got a common coin at round (13,2) (1)
[0] got a common coin at round (28,2) (0)
[0] got a common coin at round (13,2) (0)
[0] got a common coin at round (2,2) (1)
[0] synced transactions.
timestampE (0, 1447198768.411199)
[1] synced transactions.
timestampE (1, 1447198768.421674)
[2] synced transactions.
timestampE (2, 1447198768.432383)
[3] synced transactions.
timestampE (3, 1447198768.442924)
[4] synced transactions.
timestampE (4, 1447198768.453685)
[5] synced transactions.
timestampE (5, 1447198768.464165)
[6] synced transactions.
timestampE (6, 1447198768.474585)
[7] synced transactions.
timestampE (7, 1447198768.485106)
[8] synced transactions.
timestampE (8, 1447198768.495837)
[9] synced transactions.
timestampE (9, 1447198768.506391)
[10] synced transactions.
timestampE (10, 1447198768.516931)
[11] synced transactions.
timestampE (11, 1447198768.527553)
[12] synced transactions.
timestampE (12, 1447198768.538194)
[13] synced transactions.
timestampE (13, 1447198768.548607)
[14] synced transactions.
timestampE (14, 1447198768.559263)
[15] synced transactions.
timestampE (15, 1447198768.569877)
[16] synced transactions.
timestampE (16, 1447198768.580503)
[17] synced transactions.
timestampE (17, 1447198768.591108)
[18] synced transactions.
timestampE (18, 1447198768.601557)
[19] synced transactions.
timestampE (19, 1447198768.611984)
[20] synced transactions.
timestampE (20, 1447198768.622422)
[21] synced transactions.
timestampE (21, 1447198768.632845)
[22] synced transactions.
timestampE (22, 1447198768.643450)
[23] synced transactions.
timestampE (23, 1447198768.654048)
Concensus Finished
Entering atexit()
msgCounter 286720
msgTypeCounter [[0, 0], [1024, 32852928], [32768, 83426624], [89088, 890880], [65536, 655360], [65536, 17432160], [32768, 1310720]]
    Init      Echo      Val       Aux      Coin     Ready
    1024    32768     89088     65536     65536     32768
32852928 83426624    890880    655360  17432160   1310720
Total Message size 136568672
