got 4 TXs
timestampB (2, 1447193886.069808)
got 4 TXs
timestampB (56, 1447193886.070537)
got 4 TXs
timestampB (10, 1447193886.071325)
got 4 TXs
timestampB (14, 1447193886.072114)
got 4 TXs
timestampB (6, 1447193886.073469)
got 4 TXs
timestampB (43, 1447193886.074267)
got 4 TXs
timestampB (49, 1447193886.075068)
got 4 TXs
timestampB (52, 1447193886.075842)
got 4 TXs
timestampB (62, 1447193886.128019)
got 4 TXs
timestampB (31, 1447193886.128749)
got 4 TXs
timestampB (54, 1447193886.129408)
got 4 TXs
timestampB (53, 1447193886.130111)
got 4 TXs
timestampB (55, 1447193886.130886)
got 4 TXs
timestampB (57, 1447193886.131676)
got 4 TXs
timestampB (29, 1447193886.133038)
got 4 TXs
timestampB (20, 1447193886.133786)
got 4 TXs
timestampB (12, 1447193886.134592)
got 4 TXs
timestampB (21, 1447193886.135386)
got 4 TXs
timestampB (59, 1447193886.136185)
got 4 TXs
timestampB (48, 1447193886.136934)
got 4 TXs
timestampB (42, 1447193886.137730)
got 4 TXs
timestampB (39, 1447193886.139073)
got 4 TXs
timestampB (17, 1447193886.155504)
got 4 TXs
timestampB (61, 1447193886.156212)
got 4 TXs
timestampB (51, 1447193886.156864)
got 4 TXs
timestampB (45, 1447193886.157565)
got 4 TXs
timestampB (4, 1447193886.158256)
got 4 TXs
timestampB (44, 1447193886.158971)
got 4 TXs
timestampB (7, 1447193886.159624)
got 4 TXs
timestampB (46, 1447193886.160791)
got 4 TXs
timestampB (24, 1447193886.161482)
got 4 TXs
timestampB (23, 1447193886.162170)
got 4 TXs
timestampB (25, 1447193886.162826)
got 4 TXs
timestampB (19, 1447193886.163519)
got 4 TXs
timestampB (33, 1447193886.164214)
got 4 TXs
timestampB (36, 1447193886.165388)
got 4 TXs
timestampB (63, 1447193886.166078)
got 4 TXs
timestampB (1, 1447193886.166743)
got 4 TXs
timestampB (18, 1447193886.167434)
got 4 TXs
timestampB (30, 1447193886.168132)
got 4 TXs
timestampB (50, 1447193886.168832)
got 4 TXs
timestampB (0, 1447193886.169495)
got 4 TXs
timestampB (13, 1447193886.170675)
got 4 TXs
timestampB (27, 1447193886.171373)
got 4 TXs
timestampB (32, 1447193886.172068)
got 4 TXs
timestampB (8, 1447193886.172736)
got 4 TXs
timestampB (11, 1447193886.173429)
got 4 TXs
timestampB (5, 1447193886.174126)
got 4 TXs
timestampB (28, 1447193886.174825)
got 4 TXs
timestampB (34, 1447193886.176001)
got 4 TXs
timestampB (16, 1447193886.176654)
got 4 TXs
timestampB (26, 1447193886.177350)
got 4 TXs
timestampB (58, 1447193886.178054)
got 4 TXs
timestampB (15, 1447193886.178773)
got 4 TXs
timestampB (60, 1447193886.179427)
got 4 TXs
timestampB (37, 1447193886.180129)
got 4 TXs
timestampB (9, 1447193886.181302)
got 4 TXs
timestampB (3, 1447193886.181997)
got 4 TXs
timestampB (22, 1447193886.182663)
got 4 TXs
timestampB (41, 1447193886.183367)
got 4 TXs
timestampB (40, 1447193886.184067)
got 4 TXs
timestampB (47, 1447193886.184761)
got 4 TXs
timestampB (35, 1447193886.185935)
got 4 TXs
timestampB (38, 1447193886.186606)
[0] got a common coin at round (13,1) (1)
[0] got a common coin at round (41,1) (0)
[0] got a common coin at round (14,1) (0)
[0] got a common coin at round (59,1) (0)
[0] got a common coin at round (55,1) (0)
[0] got a common coin at round (16,1) (1)
[0] got a common coin at round (62,1) (1)
[0] got a common coin at round (7,1) (0)
[0] got a common coin at round (7,1) (0)
[0] got a common coin at round (47,1) (1)
[0] got a common coin at round (16,1) (1)
[0] got a common coin at round (8,1) (1)
[0] got a common coin at round (11,1) (1)
[0] got a common coin at round (54,1) (0)
[0] got a common coin at round (50,1) (1)
[0] got a common coin at round (47,1) (0)
[0] got a common coin at round (41,1) (1)
[0] got a common coin at round (2,1) (0)
[0] got a common coin at round (42,1) (1)
[0] got a common coin at round (52,1) (0)
[0] got a common coin at round (11,1) (1)
[0] got a common coin at round (22,1) (1)
[0] got a common coin at round (16,1) (1)
[0] got a common coin at round (4,1) (1)
[0] got a common coin at round (50,1) (0)
[0] got a common coin at round (53,1) (0)
[0] got a common coin at round (12,1) (1)
[0] got a common coin at round (6,1) (1)
[0] got a common coin at round (22,1) (1)
[0] got a common coin at round (4,1) (0)
[0] got a common coin at round (12,1) (1)
[0] got a common coin at round (24,1) (1)
[0] got a common coin at round (18,1) (1)
[0] got a common coin at round (34,1) (1)
[0] got a common coin at round (36,1) (1)
[0] got a common coin at round (37,1) (1)
[0] got a common coin at round (6,1) (1)
[0] got a common coin at round (1,1) (1)
[0] got a common coin at round (26,1) (0)
[0] got a common coin at round (29,1) (0)
[0] got a common coin at round (5,1) (0)
[0] got a common coin at round (51,1) (1)
[0] got a common coin at round (20,1) (1)
[0] got a common coin at round (19,1) (1)
[0] got a common coin at round (26,1) (0)
[0] got a common coin at round (34,1) (0)
[0] got a common coin at round (29,1) (1)
[0] got a common coin at round (21,1) (0)
[0] got a common coin at round (10,1) (1)
[0] got a common coin at round (30,1) (0)
[0] got a common coin at round (53,1) (1)
[0] got a common coin at round (59,1) (1)
[0] got a common coin at round (60,1) (1)
[0] got a common coin at round (36,1) (1)
[0] got a common coin at round (25,1) (0)
[0] got a common coin at round (12,1) (1)
[0] got a common coin at round (26,1) (1)
[0] got a common coin at round (28,1) (0)
[0] got a common coin at round (59,1) (1)
[0] got a common coin at round (63,1) (1)
[0] got a common coin at round (63,1) (1)
[0] got a common coin at round (40,1) (1)
[0] got a common coin at round (29,1) (1)
[0] got a common coin at round (38,1) (0)
[0] got a common coin at round (19,2) (0)
[0] got a common coin at round (56,2) (1)
[0] got a common coin at round (49,2) (1)
[0] got a common coin at round (55,2) (0)
[0] got a common coin at round (39,2) (1)
[0] got a common coin at round (56,2) (1)
[0] got a common coin at round (13,2) (0)
[0] got a common coin at round (8,2) (1)
[0] got a common coin at round (40,2) (0)
[0] got a common coin at round (53,2) (0)
[0] got a common coin at round (0,2) (1)
[0] got a common coin at round (31,2) (1)
[0] got a common coin at round (7,2) (1)
[0] got a common coin at round (61,2) (1)
[0] got a common coin at round (18,2) (0)
[0] got a common coin at round (37,2) (0)
[0] got a common coin at round (53,2) (1)
[0] got a common coin at round (63,2) (1)
[0] got a common coin at round (14,2) (0)
[0] got a common coin at round (43,2) (0)
[0] got a common coin at round (54,2) (1)
[0] got a common coin at round (56,2) (0)
[0] got a common coin at round (26,2) (1)
[0] got a common coin at round (24,2) (1)
[0] got a common coin at round (43,2) (1)
[0] got a common coin at round (37,2) (0)
[0] got a common coin at round (49,2) (1)
[0] got a common coin at round (0,2) (1)
[0] got a common coin at round (38,2) (0)
[0] got a common coin at round (21,2) (0)
[0] got a common coin at round (55,2) (1)
[0] got a common coin at round (31,2) (1)
[0] got a common coin at round (8,2) (0)
[0] got a common coin at round (51,2) (0)
[0] got a common coin at round (42,2) (0)
[0] got a common coin at round (17,2) (0)
[0] got a common coin at round (29,2) (0)
[0] got a common coin at round (27,2) (1)
[0] got a common coin at round (53,2) (1)
[0] got a common coin at round (8,2) (0)
[0] got a common coin at round (54,2) (0)
[0] got a common coin at round (53,2) (1)
[0] got a common coin at round (39,2) (0)
[0] got a common coin at round (16,2) (1)
[0] got a common coin at round (59,2) (1)
[0] got a common coin at round (58,2) (0)
[0] got a common coin at round (15,2) (1)
[0] got a common coin at round (46,2) (0)
[0] got a common coin at round (30,2) (1)
[0] got a common coin at round (54,2) (0)
[0] got a common coin at round (41,2) (0)
[0] got a common coin at round (22,2) (1)
[0] got a common coin at round (50,2) (1)
[0] got a common coin at round (13,2) (1)
[0] got a common coin at round (26,2) (1)
[0] got a common coin at round (56,2) (0)
[0] got a common coin at round (62,2) (0)
[0] got a common coin at round (17,2) (0)
[0] got a common coin at round (19,2) (1)
[0] got a common coin at round (12,2) (1)
[0] got a common coin at round (52,2) (0)
[0] got a common coin at round (24,2) (0)
[0] got a common coin at round (57,2) (0)
[0] got a common coin at round (17,2) (1)
[0] synced transactions.
timestampE (0, 1447194477.634502)
[1] synced transactions.
timestampE (1, 1447194477.635381)
[2] synced transactions.
timestampE (2, 1447194477.636242)
[3] synced transactions.
timestampE (3, 1447194477.637106)
[4] synced transactions.
timestampE (4, 1447194477.637969)
[5] synced transactions.
timestampE (5, 1447194477.638841)
[6] synced transactions.
timestampE (6, 1447194477.639698)
[7] synced transactions.
timestampE (7, 1447194477.640558)
[8] synced transactions.
timestampE (8, 1447194477.641422)
[9] synced transactions.
timestampE (9, 1447194477.642284)
[10] synced transactions.
timestampE (10, 1447194477.643154)
[11] synced transactions.
timestampE (11, 1447194477.644015)
[12] synced transactions.
timestampE (12, 1447194477.644877)
[13] synced transactions.
timestampE (13, 1447194477.645743)
[14] synced transactions.
timestampE (14, 1447194477.646661)
[15] synced transactions.
timestampE (15, 1447194477.647541)
[16] synced transactions.
timestampE (16, 1447194477.648402)
[17] synced transactions.
timestampE (17, 1447194477.649264)
[18] synced transactions.
timestampE (18, 1447194477.650129)
[19] synced transactions.
timestampE (19, 1447194477.651005)
[20] synced transactions.
timestampE (20, 1447194477.651867)
[21] synced transactions.
timestampE (21, 1447194477.652729)
[22] synced transactions.
timestampE (22, 1447194477.653592)
[23] synced transactions.
timestampE (23, 1447194477.654447)
[24] synced transactions.
timestampE (24, 1447194477.655314)
[25] synced transactions.
timestampE (25, 1447194477.656174)
[26] synced transactions.
timestampE (26, 1447194477.657029)
[27] synced transactions.
timestampE (27, 1447194477.657889)
[28] synced transactions.
timestampE (28, 1447194477.658769)
[29] synced transactions.
timestampE (29, 1447194477.659628)
[30] synced transactions.
timestampE (30, 1447194477.660490)
[31] synced transactions.
timestampE (31, 1447194477.661367)
[32] synced transactions.
timestampE (32, 1447194477.662238)
[33] synced transactions.
timestampE (33, 1447194477.663112)
[34] synced transactions.
timestampE (34, 1447194477.663973)
[35] synced transactions.
timestampE (35, 1447194477.664837)
[36] synced transactions.
timestampE (36, 1447194477.665700)
[37] synced transactions.
timestampE (37, 1447194477.666568)
[38] synced transactions.
timestampE (38, 1447194477.667428)
[39] synced transactions.
timestampE (39, 1447194477.668287)
[40] synced transactions.
timestampE (40, 1447194477.669150)
[41] synced transactions.
timestampE (41, 1447194477.670013)
[42] synced transactions.
timestampE (42, 1447194477.670898)
[43] synced transactions.
timestampE (43, 1447194477.671763)
[44] synced transactions.
timestampE (44, 1447194477.672623)
[45] synced transactions.
timestampE (45, 1447194477.673492)
[46] synced transactions.
timestampE (46, 1447194477.674355)
[47] synced transactions.
timestampE (47, 1447194477.675224)
Concensus Finished
Entering atexit()
msgCounter 2269184
msgTypeCounter [[0, 0], [4096, 4435840], [262144, 32501824], [692224, 6922240], [524288, 5242880], [524288, 139457216], [262144, 10485760]]
    Init      Echo      Val       Aux      Coin     Ready
    4096   262144    692224    524288    524288    262144
 4435840 32501824   6922240   5242880 139457216  10485760
Total Message size 199045760
