got 128 TXs
timestampB (0, 1447194129.280082)
got 128 TXs
timestampB (1, 1447194129.280817)
got 128 TXs
timestampB (8, 1447194129.281538)
got 128 TXs
timestampB (5, 1447194129.282261)
got 128 TXs
timestampB (7, 1447194129.282987)
got 128 TXs
timestampB (3, 1447194129.283704)
got 128 TXs
timestampB (11, 1447194129.284436)
got 128 TXs
timestampB (17, 1447194129.285178)
got 128 TXs
timestampB (2, 1447194129.285890)
got 128 TXs
timestampB (13, 1447194129.287120)
got 128 TXs
timestampB (4, 1447194129.287848)
got 128 TXs
timestampB (9, 1447194129.288506)
got 128 TXs
timestampB (22, 1447194129.289221)
got 128 TXs
timestampB (19, 1447194129.289925)
got 128 TXs
timestampB (6, 1447194129.290646)
got 128 TXs
timestampB (25, 1447194129.291357)
got 128 TXs
timestampB (18, 1447194129.292069)
got 128 TXs
timestampB (16, 1447194129.292775)
got 128 TXs
timestampB (20, 1447194129.293491)
got 128 TXs
timestampB (10, 1447194129.294211)
got 128 TXs
timestampB (12, 1447194129.294926)
got 128 TXs
timestampB (15, 1447194129.295639)
got 128 TXs
timestampB (14, 1447194129.470454)
got 128 TXs
timestampB (31, 1447194129.471216)
got 128 TXs
timestampB (26, 1447194129.471950)
got 128 TXs
timestampB (23, 1447194129.472633)
got 128 TXs
timestampB (21, 1447194129.474026)
got 128 TXs
timestampB (29, 1447194129.474798)
got 128 TXs
timestampB (24, 1447194129.475552)
got 128 TXs
timestampB (30, 1447194129.476282)
got 128 TXs
timestampB (27, 1447194129.477037)
got 128 TXs
timestampB (28, 1447194129.477772)
[0] got a common coin at round (26,1) (0)
[0] got a common coin at round (16,1) (0)
[0] got a common coin at round (1,1) (0)
[0] got a common coin at round (21,1) (1)
[0] got a common coin at round (23,1) (0)
[0] got a common coin at round (7,1) (1)
[0] got a common coin at round (11,1) (1)
[0] got a common coin at round (31,1) (1)
[0] got a common coin at round (23,1) (1)
[0] got a common coin at round (29,1) (0)
[0] got a common coin at round (17,1) (1)
[0] got a common coin at round (13,1) (1)
[0] got a common coin at round (7,1) (0)
[0] got a common coin at round (6,1) (0)
[0] got a common coin at round (27,1) (0)
[0] got a common coin at round (13,1) (0)
[0] got a common coin at round (21,1) (1)
[0] got a common coin at round (31,1) (0)
[0] got a common coin at round (8,1) (0)
[0] got a common coin at round (17,1) (1)
[0] got a common coin at round (12,1) (1)
[0] got a common coin at round (17,1) (1)
[0] got a common coin at round (25,1) (1)
[0] got a common coin at round (12,1) (0)
[0] got a common coin at round (14,1) (1)
[0] got a common coin at round (23,1) (1)
[0] got a common coin at round (7,1) (0)
[0] got a common coin at round (21,1) (1)
[0] got a common coin at round (1,1) (1)
[0] got a common coin at round (28,1) (0)
[0] got a common coin at round (25,1) (1)
[0] got a common coin at round (21,1) (0)
[0] got a common coin at round (8,2) (1)
[0] got a common coin at round (20,2) (1)
[0] got a common coin at round (23,2) (1)
[0] got a common coin at round (16,2) (0)
[0] got a common coin at round (30,2) (1)
[0] got a common coin at round (26,2) (1)
[0] got a common coin at round (1,2) (0)
[0] got a common coin at round (0,2) (0)
[0] got a common coin at round (26,2) (1)
[0] got a common coin at round (31,2) (0)
[0] got a common coin at round (18,2) (1)
[0] got a common coin at round (14,2) (1)
[0] got a common coin at round (3,2) (0)
[0] got a common coin at round (24,2) (1)
[0] got a common coin at round (7,2) (0)
[0] got a common coin at round (6,2) (1)
[0] got a common coin at round (17,2) (1)
[0] got a common coin at round (1,2) (1)
[0] got a common coin at round (3,2) (1)
[0] got a common coin at round (24,2) (0)
[0] got a common coin at round (25,2) (1)
[0] got a common coin at round (31,2) (1)
[0] got a common coin at round (11,2) (0)
[0] got a common coin at round (29,2) (0)
[0] got a common coin at round (22,2) (1)
[0] got a common coin at round (28,2) (0)
[0] got a common coin at round (8,2) (0)
[0] got a common coin at round (8,2) (1)
[0] got a common coin at round (4,2) (0)
[0] got a common coin at round (7,2) (1)
[0] got a common coin at round (27,2) (0)
[0] got a common coin at round (8,2) (0)
[0] synced transactions.
timestampE (0, 1447194196.465886)
[1] synced transactions.
timestampE (1, 1447194196.475412)
[2] synced transactions.
timestampE (2, 1447194196.484890)
[3] synced transactions.
timestampE (3, 1447194196.494433)
[4] synced transactions.
timestampE (4, 1447194196.503844)
[5] synced transactions.
timestampE (5, 1447194196.513238)
[6] synced transactions.
timestampE (6, 1447194196.522549)
[7] synced transactions.
timestampE (7, 1447194196.531945)
[8] synced transactions.
timestampE (8, 1447194196.541418)
[9] synced transactions.
timestampE (9, 1447194196.550906)
[10] synced transactions.
timestampE (10, 1447194196.560341)
[11] synced transactions.
timestampE (11, 1447194196.569694)
[12] synced transactions.
timestampE (12, 1447194196.579138)
[13] synced transactions.
timestampE (13, 1447194196.588539)
[14] synced transactions.
timestampE (14, 1447194196.597947)
[15] synced transactions.
timestampE (15, 1447194196.607364)
[16] synced transactions.
timestampE (16, 1447194196.616806)
[17] synced transactions.
timestampE (17, 1447194196.626226)
[18] synced transactions.
timestampE (18, 1447194196.635638)
[19] synced transactions.
timestampE (19, 1447194196.645023)
[20] synced transactions.
timestampE (20, 1447194196.654428)
[21] synced transactions.
timestampE (21, 1447194196.663791)
[22] synced transactions.
timestampE (22, 1447194196.673181)
[23] synced transactions.
timestampE (23, 1447194196.682602)
Concensus Finished
Entering atexit()
msgCounter 277504
msgTypeCounter [[0, 0], [1024, 32853152], [32768, 83427072], [79872, 798720], [65536, 655360], [65536, 17432160], [32768, 1310720]]
    Init      Echo      Val       Aux      Coin     Ready
    1024    32768     79872     65536     65536     32768
32853152 83427072    798720    655360  17432160   1310720
Total Message size 136477184
