got 128 TXs
timestampB (0, 1447206087.513755)
got 128 TXs
timestampB (1, 1447206087.514921)
got 128 TXs
timestampB (7, 1447206087.516111)
got 128 TXs
timestampB (2, 1447206087.517232)
got 128 TXs
timestampB (15, 1447206087.518414)
got 128 TXs
timestampB (10, 1447206087.520117)
got 128 TXs
timestampB (8, 1447206087.521273)
got 128 TXs
timestampB (13, 1447206087.522375)
got 128 TXs
timestampB (5, 1447206087.523548)
got 128 TXs
timestampB (18, 1447206087.524728)
got 128 TXs
timestampB (3, 1447206087.525910)
got 128 TXs
timestampB (6, 1447206087.527008)
got 128 TXs
timestampB (20, 1447206087.528536)
got 128 TXs
timestampB (9, 1447206087.529561)
got 128 TXs
timestampB (4, 1447206087.530583)
got 128 TXs
timestampB (24, 1447206087.531611)
got 128 TXs
timestampB (11, 1447206087.532610)
got 128 TXs
timestampB (12, 1447206087.533631)
got 128 TXs
timestampB (17, 1447206087.535214)
got 128 TXs
timestampB (14, 1447206087.536268)
got 128 TXs
timestampB (28, 1447206087.537275)
got 128 TXs
timestampB (29, 1447206087.538334)
got 128 TXs
timestampB (19, 1447206087.539376)
got 128 TXs
timestampB (27, 1447206087.540423)
got 128 TXs
timestampB (16, 1447206087.541421)
got 128 TXs
timestampB (34, 1447206087.543008)
got 128 TXs
timestampB (35, 1447206087.544033)
got 128 TXs
timestampB (21, 1447206087.545071)
got 128 TXs
timestampB (25, 1447206087.546117)
got 128 TXs
timestampB (23, 1447206087.547140)
got 128 TXs
timestampB (37, 1447206087.548220)
got 128 TXs
timestampB (22, 1447206087.549252)
got 128 TXs
timestampB (32, 1447206087.550821)
got 128 TXs
timestampB (38, 1447206087.551810)
got 128 TXs
timestampB (39, 1447206087.552844)
got 128 TXs
timestampB (42, 1447206087.553903)
got 128 TXs
timestampB (41, 1447206087.554966)
got 128 TXs
timestampB (26, 1447206087.555952)
got 128 TXs
timestampB (31, 1447206087.557005)
got 128 TXs
timestampB (43, 1447206087.558574)
got 128 TXs
timestampB (30, 1447206087.559607)
got 128 TXs
timestampB (36, 1447206087.560667)
got 128 TXs
timestampB (48, 1447206087.561686)
got 128 TXs
timestampB (33, 1447206087.562741)
got 128 TXs
timestampB (44, 1447206087.563798)
got 128 TXs
timestampB (45, 1447206087.565353)
got 128 TXs
timestampB (47, 1447206087.579915)
got 128 TXs
timestampB (52, 1447206087.580953)
got 128 TXs
timestampB (40, 1447206087.581973)
got 128 TXs
timestampB (54, 1447206087.583046)
got 128 TXs
timestampB (63, 1447206087.584026)
got 128 TXs
timestampB (46, 1447206087.585069)
got 128 TXs
timestampB (50, 1447206087.586101)
got 128 TXs
timestampB (51, 1447206087.587672)
got 128 TXs
timestampB (49, 1447206087.588690)
got 128 TXs
timestampB (53, 1447206087.953129)
got 128 TXs
timestampB (57, 1447206087.954773)
got 128 TXs
timestampB (60, 1447206087.955801)
got 128 TXs
timestampB (61, 1447206087.956791)
got 128 TXs
timestampB (55, 1447206087.957860)
got 128 TXs
timestampB (56, 1447206087.959002)
got 128 TXs
timestampB (59, 1447206087.960180)
got 128 TXs
timestampB (58, 1447206087.961339)
got 128 TXs
timestampB (62, 1447206087.963130)
[0] got a common coin at round (19,1) (1)
[0] got a common coin at round (28,1) (1)
[0] got a common coin at round (1,1) (0)
[0] got a common coin at round (51,1) (0)
[0] got a common coin at round (48,1) (1)
[0] got a common coin at round (47,1) (1)
[0] got a common coin at round (9,1) (0)
[0] got a common coin at round (30,1) (1)
[0] got a common coin at round (11,1) (0)
[0] got a common coin at round (10,1) (1)
[0] got a common coin at round (34,1) (1)
[0] got a common coin at round (16,1) (1)
[0] got a common coin at round (17,1) (0)
[0] got a common coin at round (21,1) (1)
[0] got a common coin at round (12,1) (0)
[0] got a common coin at round (43,1) (0)
[0] got a common coin at round (36,1) (0)
[0] got a common coin at round (33,1) (0)
[0] got a common coin at round (3,1) (1)
[0] got a common coin at round (8,1) (1)
[0] got a common coin at round (38,1) (0)
[0] got a common coin at round (37,1) (1)
[0] got a common coin at round (31,1) (1)
[0] got a common coin at round (15,1) (0)
[0] got a common coin at round (26,1) (0)
[0] got a common coin at round (35,1) (0)
[0] got a common coin at round (44,1) (0)
[0] got a common coin at round (18,1) (0)
[0] got a common coin at round (4,1) (0)
[0] got a common coin at round (41,1) (1)
[0] got a common coin at round (6,1) (1)
[0] got a common coin at round (42,1) (1)
[0] got a common coin at round (52,1) (1)
[0] got a common coin at round (32,1) (1)
[0] got a common coin at round (46,1) (0)
[0] got a common coin at round (20,1) (1)
[0] got a common coin at round (40,1) (1)
[0] got a common coin at round (5,1) (0)
[0] got a common coin at round (0,1) (0)
[0] got a common coin at round (22,1) (1)
[0] got a common coin at round (29,1) (1)
[0] got a common coin at round (23,1) (0)
[0] got a common coin at round (13,1) (0)
[0] got a common coin at round (39,1) (1)
[0] got a common coin at round (7,1) (0)
[0] got a common coin at round (50,1) (1)
[0] got a common coin at round (24,1) (0)
[0] got a common coin at round (63,1) (1)
[0] got a common coin at round (2,1) (0)
[0] got a common coin at round (54,1) (0)
[0] got a common coin at round (45,1) (1)
[0] got a common coin at round (27,1) (0)
[0] got a common coin at round (49,1) (0)
[0] got a common coin at round (25,1) (0)
[0] got a common coin at round (14,1) (0)
[19] decides on 1 in round 1
[28] decides on 1 in round 1
[48] decides on 1 in round 1
[47] decides on 1 in round 1
[30] decides on 1 in round 1
[10] decides on 1 in round 1
[34] decides on 1 in round 1
[16] decides on 1 in round 1
[21] decides on 1 in round 1
[3] decides on 1 in round 1
[8] decides on 1 in round 1
[37] decides on 1 in round 1
[31] decides on 1 in round 1
[41] decides on 1 in round 1
[6] decides on 1 in round 1
[42] decides on 1 in round 1
[52] decides on 1 in round 1
[32] decides on 1 in round 1
[20] decides on 1 in round 1
[40] decides on 1 in round 1
[22] decides on 1 in round 1
[29] decides on 1 in round 1
[39] decides on 1 in round 1
[50] decides on 1 in round 1
[63] decides on 1 in round 1
[45] decides on 1 in round 1
[0] got a common coin at round (55,1) (0)
[0] got a common coin at round (61,1) (1)
[0] got a common coin at round (60,1) (0)
[0] got a common coin at round (57,1) (1)
[0] got a common coin at round (58,1) (0)
[0] got a common coin at round (59,1) (1)
[0] got a common coin at round (56,1) (0)
[0] got a common coin at round (53,1) (0)
[0] got a common coin at round (62,1) (0)
[61] decides on 1 in round 1
[57] decides on 1 in round 1
[59] decides on 1 in round 1
[0] got a common coin at round (19,2) (1)
[0] got a common coin at round (48,2) (0)
[0] got a common coin at round (36,2) (1)
[0] got a common coin at round (52,2) (1)
[0] got a common coin at round (3,2) (1)
[0] got a common coin at round (37,2) (0)
[0] got a common coin at round (5,2) (0)
[0] got a common coin at round (31,2) (1)
[0] got a common coin at round (11,2) (0)
[0] got a common coin at round (27,2) (0)
[0] got a common coin at round (45,2) (1)
[0] got a common coin at round (6,2) (1)
[0] got a common coin at round (40,2) (1)
[0] got a common coin at round (12,2) (1)
[0] got a common coin at round (9,2) (1)
[0] got a common coin at round (33,2) (1)
[0] got a common coin at round (44,2) (1)
[0] got a common coin at round (46,2) (0)
[0] got a common coin at round (50,2) (1)
[0] got a common coin at round (29,2) (0)
[0] got a common coin at round (2,2) (1)
[0] got a common coin at round (20,2) (1)
[0] got a common coin at round (1,2) (1)
[0] got a common coin at round (30,2) (1)
[0] got a common coin at round (21,2) (1)
[0] got a common coin at round (39,2) (1)
[0] got a common coin at round (22,2) (1)
[0] got a common coin at round (8,2) (0)
[0] got a common coin at round (14,2) (0)
[0] got a common coin at round (25,2) (1)
[0] got a common coin at round (17,2) (1)
[0] got a common coin at round (47,2) (0)
[0] got a common coin at round (49,2) (1)
[0] got a common coin at round (7,2) (1)
[0] got a common coin at round (15,2) (0)
[0] got a common coin at round (54,2) (0)
[0] got a common coin at round (18,2) (1)
[0] got a common coin at round (38,2) (0)
[0] got a common coin at round (10,2) (1)
[0] got a common coin at round (51,2) (1)
[0] got a common coin at round (34,2) (1)
[0] got a common coin at round (4,2) (1)
[0] got a common coin at round (63,2) (0)
[0] got a common coin at round (43,2) (0)
[0] got a common coin at round (23,2) (1)
[0] got a common coin at round (13,2) (1)
[0] got a common coin at round (16,2) (0)
[0] got a common coin at round (24,2) (0)
[0] got a common coin at round (28,2) (0)
[0] got a common coin at round (26,2) (0)
[0] got a common coin at round (42,2) (1)
[0] got a common coin at round (32,2) (0)
[0] got a common coin at round (35,2) (1)
[0] got a common coin at round (41,2) (0)
[0] got a common coin at round (0,2) (0)
[36] decides on 1 in round 2
[12] decides on 1 in round 2
[9] decides on 1 in round 2
[33] decides on 1 in round 2
[44] decides on 1 in round 2
[2] decides on 1 in round 2
[1] decides on 1 in round 2
[25] decides on 1 in round 2
[17] decides on 1 in round 2
[49] decides on 1 in round 2
[7] decides on 1 in round 2
[18] decides on 1 in round 2
[51] decides on 1 in round 2
[4] decides on 1 in round 2
[23] decides on 1 in round 2
[13] decides on 1 in round 2
[35] decides on 1 in round 2
[0] got a common coin at round (55,2) (0)
[0] got a common coin at round (56,2) (1)
[0] got a common coin at round (60,2) (0)
[0] got a common coin at round (61,2) (1)
[0] got a common coin at round (59,2) (1)
[0] got a common coin at round (58,2) (1)
[0] got a common coin at round (57,2) (0)
[0] got a common coin at round (62,2) (0)
[0] got a common coin at round (53,2) (1)
[56] decides on 1 in round 2
[58] decides on 1 in round 2
[53] decides on 1 in round 2
[0] got a common coin at round (48,3) (0)
[0] got a common coin at round (9,3) (0)
[0] got a common coin at round (17,3) (0)
[0] got a common coin at round (13,3) (1)
[0] got a common coin at round (1,3) (1)
[0] got a common coin at round (35,3) (0)
[0] got a common coin at round (51,3) (0)
[0] got a common coin at round (8,3) (0)
[0] got a common coin at round (43,3) (1)
[0] got a common coin at round (29,3) (0)
[0] got a common coin at round (28,3) (0)
[0] got a common coin at round (47,3) (0)
[0] got a common coin at round (14,3) (0)
[0] got a common coin at round (16,3) (0)
[0] got a common coin at round (23,3) (0)
[0] got a common coin at round (38,3) (0)
[0] got a common coin at round (15,3) (0)
[0] got a common coin at round (41,3) (0)
[0] got a common coin at round (0,3) (1)
[0] got a common coin at round (11,3) (1)
[0] got a common coin at round (26,3) (0)
[0] got a common coin at round (44,3) (1)
[0] got a common coin at round (32,3) (0)
[0] got a common coin at round (25,3) (1)
[0] got a common coin at round (4,3) (0)
[0] got a common coin at round (37,3) (0)
[0] got a common coin at round (63,3) (0)
[0] got a common coin at round (12,3) (1)
[0] got a common coin at round (2,3) (1)
[0] got a common coin at round (27,3) (1)
[0] got a common coin at round (49,3) (0)
[0] got a common coin at round (5,3) (1)
[0] got a common coin at round (54,3) (0)
[0] got a common coin at round (18,3) (1)
[0] got a common coin at round (33,3) (1)
[0] got a common coin at round (36,3) (1)
[0] got a common coin at round (7,3) (0)
[0] got a common coin at round (24,3) (1)
[0] got a common coin at round (46,3) (0)
[43] decides on 1 in round 3
[0] decides on 1 in round 3
[11] decides on 1 in round 3
[27] decides on 1 in round 3
[5] decides on 1 in round 3
[24] decides on 1 in round 3
[0] got a common coin at round (55,3) (1)
[0] got a common coin at round (53,3) (0)
[0] got a common coin at round (58,3) (1)
[0] got a common coin at round (57,3) (0)
[0] got a common coin at round (56,3) (1)
[0] got a common coin at round (62,3) (1)
[0] got a common coin at round (60,3) (1)
[55] decides on 1 in round 3
[62] decides on 1 in round 3
[60] decides on 1 in round 3
[0] got a common coin at round (48,4) (1)
[0] got a common coin at round (4,4) (0)
[0] got a common coin at round (41,4) (0)
[0] got a common coin at round (28,4) (1)
[0] got a common coin at round (8,4) (0)
[0] got a common coin at round (54,4) (0)
[0] got a common coin at round (43,4) (1)
[0] got a common coin at round (7,4) (1)
[0] got a common coin at round (16,4) (1)
[0] got a common coin at round (14,4) (1)
[0] got a common coin at round (46,4) (0)
[0] got a common coin at round (0,4) (0)
[0] got a common coin at round (11,4) (1)
[0] got a common coin at round (63,4) (0)
[0] got a common coin at round (15,4) (1)
[0] got a common coin at round (38,4) (1)
[0] got a common coin at round (32,4) (1)
[0] got a common coin at round (47,4) (0)
[0] got a common coin at round (17,4) (0)
[0] got a common coin at round (27,4) (1)
[0] got a common coin at round (29,4) (1)
[0] got a common coin at round (49,4) (0)
[0] got a common coin at round (9,4) (1)
[0] got a common coin at round (23,4) (0)
[0] got a common coin at round (35,4) (0)
[0] got a common coin at round (26,4) (1)
[0] got a common coin at round (51,4) (0)
[0] got a common coin at round (37,4) (1)
[0] got a common coin at round (5,4) (0)
[0] got a common coin at round (24,4) (1)
[14] decides on 1 in round 4
[15] decides on 1 in round 4
[38] decides on 1 in round 4
[26] decides on 1 in round 4
[0] got a common coin at round (55,4) (1)
[0] got a common coin at round (62,4) (0)
[0] got a common coin at round (60,4) (1)
[0] got a common coin at round (57,4) (1)
[0] got a common coin at round (53,4) (1)
[0] got a common coin at round (4,5) (0)
[0] got a common coin at round (47,5) (1)
[0] got a common coin at round (63,5) (1)
[0] got a common coin at round (35,5) (1)
[0] got a common coin at round (38,5) (0)
[0] got a common coin at round (5,5) (0)
[0] got a common coin at round (26,5) (1)
[0] got a common coin at round (41,5) (0)
[0] got a common coin at round (14,5) (0)
[0] got a common coin at round (46,5) (0)
[0] got a common coin at round (54,5) (0)
[0] got a common coin at round (23,5) (0)
[0] got a common coin at round (8,5) (1)
[0] got a common coin at round (15,5) (1)
[0] got a common coin at round (17,5) (0)
[0] got a common coin at round (49,5) (0)
[0] got a common coin at round (0,5) (0)
[0] got a common coin at round (51,5) (0)
[0] got a common coin at round (62,5) (0)
[0] got a common coin at round (4,6) (1)
[0] got a common coin at round (38,6) (1)
[0] got a common coin at round (51,6) (1)
[0] got a common coin at round (14,6) (0)
[0] got a common coin at round (23,6) (0)
[0] got a common coin at round (41,6) (1)
[0] got a common coin at round (46,6) (1)
[0] got a common coin at round (17,6) (1)
[0] got a common coin at round (5,6) (1)
[0] got a common coin at round (0,6) (0)
[0] got a common coin at round (54,6) (0)
[0] got a common coin at round (49,6) (0)
[46] decides on 1 in round 6
[0] got a common coin at round (62,6) (0)
[0] got a common coin at round (14,7) (1)
[0] got a common coin at round (49,7) (1)
[0] got a common coin at round (54,7) (1)
[0] got a common coin at round (0,7) (1)
[0] got a common coin at round (23,7) (1)
[0] got a common coin at round (46,7) (0)
[54] decides on 1 in round 7
[0] got a common coin at round (62,7) (1)
[0] synced transactions.
timestampE (0, 1447207138.315971)
[1] synced transactions.
timestampE (1, 1447207138.653688)
[2] synced transactions.
timestampE (2, 1447207138.684729)
[3] synced transactions.
timestampE (3, 1447207138.715628)
[4] synced transactions.
timestampE (4, 1447207138.747441)
[5] synced transactions.
timestampE (5, 1447207138.779319)
[6] synced transactions.
timestampE (6, 1447207138.810279)
[7] synced transactions.
timestampE (7, 1447207138.841459)
[8] synced transactions.
timestampE (8, 1447207138.872417)
[9] synced transactions.
timestampE (9, 1447207138.903728)
[10] synced transactions.
timestampE (10, 1447207138.934814)
[11] synced transactions.
timestampE (11, 1447207138.966010)
[12] synced transactions.
timestampE (12, 1447207138.996845)
[13] synced transactions.
timestampE (13, 1447207139.027858)
[14] synced transactions.
timestampE (14, 1447207139.058699)
[15] synced transactions.
timestampE (15, 1447207139.089649)
[16] synced transactions.
timestampE (16, 1447207139.120455)
[17] synced transactions.
timestampE (17, 1447207139.151477)
[18] synced transactions.
timestampE (18, 1447207139.182501)
[19] synced transactions.
timestampE (19, 1447207139.213628)
[20] synced transactions.
timestampE (20, 1447207139.244426)
[21] synced transactions.
timestampE (21, 1447207139.275361)
[22] synced transactions.
timestampE (22, 1447207139.306243)
[23] synced transactions.
timestampE (23, 1447207139.338018)
[24] synced transactions.
timestampE (24, 1447207139.368956)
[25] synced transactions.
timestampE (25, 1447207139.400167)
[26] synced transactions.
timestampE (26, 1447207139.430949)
[27] synced transactions.
timestampE (27, 1447207139.462019)
[28] synced transactions.
timestampE (28, 1447207139.492896)
[29] synced transactions.
timestampE (29, 1447207139.524025)
[30] synced transactions.
timestampE (30, 1447207139.554842)
[31] synced transactions.
timestampE (31, 1447207139.585581)
[32] synced transactions.
timestampE (32, 1447207139.616355)
[33] synced transactions.
timestampE (33, 1447207139.647698)
[34] synced transactions.
timestampE (34, 1447207139.678623)
[35] synced transactions.
timestampE (35, 1447207139.709700)
[36] synced transactions.
timestampE (36, 1447207139.740658)
[37] synced transactions.
timestampE (37, 1447207139.771628)
[38] synced transactions.
timestampE (38, 1447207139.802417)
[39] synced transactions.
timestampE (39, 1447207139.833451)
[40] synced transactions.
timestampE (40, 1447207139.864290)
[41] synced transactions.
timestampE (41, 1447207139.895668)
[42] synced transactions.
timestampE (42, 1447207139.926603)
[43] synced transactions.
timestampE (43, 1447207139.957718)
[44] synced transactions.
timestampE (44, 1447207139.988780)
[45] synced transactions.
timestampE (45, 1447207140.019832)
[46] synced transactions.
timestampE (46, 1447207140.050584)
[47] synced transactions.
timestampE (47, 1447207140.081574)
Concensus Finished
Entering atexit()
msgCounter 3584000
msgTypeCounter [[0, 0], [4096, 131412224], [262144, 357562496], [1024000, 10240000], [1015808, 10158080], [1015808, 270200064], [262144, 10485760]]
    Init      Echo      Val       Aux      Coin     Ready
    4096   262144   1024000   1015808   1015808    262144
131412224 357562496  10240000  10158080 270200064  10485760
Total Message size 790058624
