got 128 TXs
timestampB (0, 1447209515.579356)
got 128 TXs
timestampB (7, 1447209515.579928)
got 128 TXs
timestampB (2, 1447209515.580585)
got 128 TXs
timestampB (1, 1447209515.581135)
got 128 TXs
timestampB (6, 1447209515.581741)
got 128 TXs
timestampB (11, 1447209515.582299)
got 128 TXs
timestampB (3, 1447209515.583547)
got 128 TXs
timestampB (5, 1447209515.584133)
got 128 TXs
timestampB (4, 1447209515.584788)
got 128 TXs
timestampB (10, 1447209515.585397)
got 128 TXs
timestampB (8, 1447209515.818809)
got 128 TXs
timestampB (13, 1447209515.819463)
got 128 TXs
timestampB (14, 1447209515.820021)
got 128 TXs
timestampB (9, 1447209515.820659)
got 128 TXs
timestampB (15, 1447209515.821230)
got 128 TXs
timestampB (12, 1447209515.821861)
[0] got a common coin at round (0,1) (0)
[0] got a common coin at round (4,1) (1)
[0] got a common coin at round (1,1) (1)
[0] got a common coin at round (3,1) (1)
[0] got a common coin at round (7,1) (1)
[0] got a common coin at round (6,1) (1)
[0] got a common coin at round (2,1) (0)
[0] got a common coin at round (5,1) (0)
[0] got a common coin at round (11,1) (0)
[0] got a common coin at round (10,1) (0)
[4] decides on 1 in round 1
[1] decides on 1 in round 1
[3] decides on 1 in round 1
[7] decides on 1 in round 1
[6] decides on 1 in round 1
[0] got a common coin at round (15,1) (0)
[0] got a common coin at round (12,1) (1)
[0] got a common coin at round (14,1) (0)
[0] got a common coin at round (9,1) (0)
[0] got a common coin at round (8,1) (1)
[0] got a common coin at round (13,1) (1)
[12] decides on 1 in round 1
[8] decides on 1 in round 1
[13] decides on 1 in round 1
[0] got a common coin at round (0,2) (1)
[0] decides on 1 in round 2
[0] got a common coin at round (4,2) (0)
[0] got a common coin at round (6,2) (1)
[0] got a common coin at round (5,2) (0)
[0] got a common coin at round (1,2) (1)
[0] got a common coin at round (11,2) (0)
[0] got a common coin at round (10,2) (1)
[0] got a common coin at round (3,2) (1)
[0] got a common coin at round (2,2) (1)
[0] got a common coin at round (7,2) (1)
[10] decides on 1 in round 2
[2] decides on 1 in round 2
[0] got a common coin at round (15,2) (1)
[0] got a common coin at round (12,2) (1)
[0] got a common coin at round (14,2) (0)
[0] got a common coin at round (9,2) (0)
[0] got a common coin at round (8,2) (0)
[0] got a common coin at round (13,2) (1)
[15] decides on 1 in round 2
[0] got a common coin at round (0,3) (0)
[0] got a common coin at round (4,3) (1)
[0] got a common coin at round (5,3) (0)
[0] got a common coin at round (11,3) (1)
[0] got a common coin at round (10,3) (1)
[0] got a common coin at round (2,3) (0)
[11] decides on 1 in round 3
[0] got a common coin at round (15,3) (0)
[0] got a common coin at round (14,3) (1)
[0] got a common coin at round (9,3) (0)
[0] got a common coin at round (8,3) (1)
[14] decides on 1 in round 3
[0] got a common coin at round (0,4) (0)
[0] got a common coin at round (5,4) (0)
[0] got a common coin at round (2,4) (0)
[0] got a common coin at round (11,4) (0)
[0] got a common coin at round (15,4) (0)
[0] got a common coin at round (9,4) (1)
[0] got a common coin at round (14,4) (0)
[9] decides on 1 in round 4
[0] got a common coin at round (0,5) (0)
[0] got a common coin at round (5,5) (0)
[0] got a common coin at round (2,5) (1)
[0] got a common coin at round (11,5) (1)
[0] got a common coin at round (15,5) (1)
[0] got a common coin at round (9,5) (1)
[0] got a common coin at round (14,5) (1)
[0] got a common coin at round (0,6) (0)
[0] got a common coin at round (5,6) (1)
[5] decides on 1 in round 6
[0] synced transactions.
timestampE (0, 1447209529.924579)
[1] synced transactions.
timestampE (1, 1447209529.940417)
[2] synced transactions.
timestampE (2, 1447209529.946610)
[3] synced transactions.
timestampE (3, 1447209529.952761)
[4] synced transactions.
timestampE (4, 1447209529.958860)
[5] synced transactions.
timestampE (5, 1447209529.964907)
[6] synced transactions.
timestampE (6, 1447209529.970987)
[7] synced transactions.
timestampE (7, 1447209529.977025)
[8] synced transactions.
timestampE (8, 1447209529.983073)
[9] synced transactions.
timestampE (9, 1447209529.989170)
[10] synced transactions.
timestampE (10, 1447209529.995279)
[11] synced transactions.
timestampE (11, 1447209530.001360)
Concensus Finished
Entering atexit()
msgCounter 53504
msgTypeCounter [[0, 0], [256, 8213264], [4096, 19071008], [15360, 153600], [14848, 148480], [14848, 3949504], [4096, 163840]]
    Init      Echo      Val       Aux      Coin     Ready
     256     4096     15360     14848     14848      4096
 8213264 19071008    153600    148480   3949504    163840
Total Message size 31699696
