got 4 TXs
timestampB (12, 1447192277.395820)
got 4 TXs
timestampB (27, 1447192277.396660)
got 4 TXs
timestampB (30, 1447192277.397499)
got 4 TXs
timestampB (0, 1447192277.398341)
got 4 TXs
timestampB (3, 1447192277.399919)
got 4 TXs
timestampB (44, 1447192277.400847)
got 4 TXs
timestampB (14, 1447192277.401818)
got 4 TXs
timestampB (16, 1447192277.402798)
got 4 TXs
timestampB (13, 1447192277.403775)
got 4 TXs
timestampB (31, 1447192277.404695)
got 4 TXs
timestampB (37, 1447192277.486230)
got 4 TXs
timestampB (50, 1447192277.487166)
got 4 TXs
timestampB (2, 1447192277.504986)
got 4 TXs
timestampB (22, 1447192277.505971)
got 4 TXs
timestampB (53, 1447192277.506904)
got 4 TXs
timestampB (1, 1447192277.507694)
got 4 TXs
timestampB (15, 1447192277.508539)
got 4 TXs
timestampB (17, 1447192277.509372)
got 4 TXs
timestampB (40, 1447192277.510207)
got 4 TXs
timestampB (10, 1447192277.511490)
got 4 TXs
timestampB (41, 1447192277.512336)
got 4 TXs
timestampB (35, 1447192277.513173)
got 4 TXs
timestampB (36, 1447192277.514007)
got 4 TXs
timestampB (18, 1447192277.514848)
got 4 TXs
timestampB (52, 1447192277.515632)
got 4 TXs
timestampB (11, 1447192277.516468)
got 4 TXs
timestampB (63, 1447192277.517777)
got 4 TXs
timestampB (61, 1447192277.518625)
got 4 TXs
timestampB (32, 1447192277.519411)
got 4 TXs
timestampB (38, 1447192277.520271)
got 4 TXs
timestampB (56, 1447192277.521105)
got 4 TXs
timestampB (60, 1447192277.521929)
got 4 TXs
timestampB (19, 1447192277.522729)
got 4 TXs
timestampB (34, 1447192277.524046)
got 4 TXs
timestampB (42, 1447192277.524881)
got 4 TXs
timestampB (57, 1447192277.525706)
got 4 TXs
timestampB (49, 1447192277.526552)
got 4 TXs
timestampB (51, 1447192277.527349)
got 4 TXs
timestampB (9, 1447192277.528191)
got 4 TXs
timestampB (5, 1447192277.529513)
got 4 TXs
timestampB (46, 1447192277.530344)
got 4 TXs
timestampB (47, 1447192277.531372)
got 4 TXs
timestampB (6, 1447192277.532214)
got 4 TXs
timestampB (55, 1447192277.533051)
got 4 TXs
timestampB (8, 1447192277.533889)
got 4 TXs
timestampB (54, 1447192277.534689)
got 4 TXs
timestampB (28, 1447192277.536005)
got 4 TXs
timestampB (4, 1447192277.536851)
got 4 TXs
timestampB (21, 1447192277.537696)
got 4 TXs
timestampB (7, 1447192277.538551)
got 4 TXs
timestampB (26, 1447192277.539349)
got 4 TXs
timestampB (23, 1447192277.540190)
got 4 TXs
timestampB (29, 1447192277.541027)
got 4 TXs
timestampB (24, 1447192277.542339)
got 4 TXs
timestampB (25, 1447192277.543146)
got 4 TXs
timestampB (20, 1447192277.543986)
got 4 TXs
timestampB (62, 1447192277.544818)
got 4 TXs
timestampB (33, 1447192277.545672)
got 4 TXs
timestampB (48, 1447192277.546521)
got 4 TXs
timestampB (39, 1447192277.547315)
got 4 TXs
timestampB (43, 1447192277.548628)
got 4 TXs
timestampB (59, 1447192277.549473)
got 4 TXs
timestampB (45, 1447192277.550312)
got 4 TXs
timestampB (58, 1447192277.551110)
[0] got a common coin at round (8,1) (0)
[0] got a common coin at round (50,1) (1)
[0] got a common coin at round (7,1) (1)
[0] got a common coin at round (54,1) (1)
[0] got a common coin at round (7,1) (1)
[0] got a common coin at round (63,1) (0)
[0] got a common coin at round (22,1) (1)
[0] got a common coin at round (29,1) (1)
[0] got a common coin at round (28,1) (0)
[0] got a common coin at round (21,1) (1)
[0] got a common coin at round (60,1) (1)
[0] got a common coin at round (20,1) (0)
[0] got a common coin at round (33,1) (1)
[0] got a common coin at round (62,1) (1)
[0] got a common coin at round (37,1) (1)
[0] got a common coin at round (7,1) (1)
[0] got a common coin at round (57,1) (1)
[0] got a common coin at round (44,1) (1)
[0] got a common coin at round (54,1) (1)
[0] got a common coin at round (34,1) (0)
[0] got a common coin at round (22,1) (0)
[0] got a common coin at round (2,1) (1)
[0] got a common coin at round (63,1) (1)
[0] got a common coin at round (22,1) (0)
[0] got a common coin at round (24,1) (1)
[0] got a common coin at round (17,1) (0)
[0] got a common coin at round (6,1) (1)
[0] got a common coin at round (21,1) (0)
[0] got a common coin at round (1,1) (1)
[0] got a common coin at round (13,1) (0)
[0] got a common coin at round (29,1) (0)
[0] got a common coin at round (0,1) (1)
[0] got a common coin at round (17,1) (1)
[0] got a common coin at round (35,1) (0)
[0] got a common coin at round (20,1) (1)
[0] got a common coin at round (35,1) (0)
[0] got a common coin at round (41,1) (1)
[0] got a common coin at round (31,1) (1)
[0] got a common coin at round (40,1) (1)
[0] got a common coin at round (60,1) (0)
[0] got a common coin at round (33,1) (1)
[0] got a common coin at round (53,1) (1)
[0] got a common coin at round (34,1) (1)
[0] got a common coin at round (40,1) (0)
[0] got a common coin at round (50,1) (1)
[0] got a common coin at round (2,1) (1)
[0] got a common coin at round (50,1) (1)
[0] got a common coin at round (32,1) (0)
[0] got a common coin at round (49,1) (1)
[0] got a common coin at round (27,1) (0)
[0] got a common coin at round (62,1) (0)
[0] got a common coin at round (40,1) (0)
[0] got a common coin at round (5,1) (1)
[0] got a common coin at round (31,1) (0)
[0] got a common coin at round (54,1) (1)
[0] got a common coin at round (59,1) (1)
[0] got a common coin at round (57,1) (1)
[0] got a common coin at round (19,1) (1)
[0] got a common coin at round (39,1) (1)
[0] got a common coin at round (9,1) (0)
[0] got a common coin at round (31,1) (0)
[0] got a common coin at round (47,1) (0)
[0] got a common coin at round (24,1) (1)
[0] got a common coin at round (31,1) (1)
[0] got a common coin at round (3,2) (0)
[0] got a common coin at round (49,2) (0)
[0] got a common coin at round (50,2) (0)
[0] got a common coin at round (30,2) (1)
[0] got a common coin at round (7,2) (1)
[0] got a common coin at round (45,2) (0)
[0] got a common coin at round (7,2) (1)
[0] got a common coin at round (62,2) (1)
[0] got a common coin at round (54,2) (1)
[0] got a common coin at round (51,2) (0)
[0] got a common coin at round (17,2) (1)
[0] got a common coin at round (62,2) (0)
[0] got a common coin at round (18,2) (1)
[0] got a common coin at round (59,2) (0)
[0] got a common coin at round (21,2) (1)
[0] got a common coin at round (13,2) (1)
[0] got a common coin at round (13,2) (1)
[0] got a common coin at round (50,2) (0)
[0] got a common coin at round (31,2) (1)
[0] got a common coin at round (36,2) (1)
[0] got a common coin at round (52,2) (0)
[0] got a common coin at round (44,2) (1)
[0] got a common coin at round (62,2) (1)
[0] got a common coin at round (18,2) (0)
[0] got a common coin at round (30,2) (1)
[0] got a common coin at round (36,2) (0)
[0] got a common coin at round (29,2) (0)
[0] got a common coin at round (7,2) (0)
[0] got a common coin at round (4,2) (1)
[0] got a common coin at round (61,2) (1)
[0] got a common coin at round (35,2) (0)
[0] got a common coin at round (32,2) (0)
[0] got a common coin at round (60,2) (0)
[0] got a common coin at round (4,2) (0)
[0] got a common coin at round (49,2) (1)
[0] got a common coin at round (35,2) (1)
[0] got a common coin at round (52,2) (0)
[0] got a common coin at round (6,2) (1)
[0] got a common coin at round (22,2) (0)
[0] got a common coin at round (10,2) (1)
[0] got a common coin at round (2,2) (1)
[0] got a common coin at round (46,2) (1)
[0] got a common coin at round (37,2) (0)
[0] got a common coin at round (50,2) (0)
[0] got a common coin at round (7,2) (0)
[0] got a common coin at round (22,2) (1)
[0] got a common coin at round (33,2) (0)
[0] got a common coin at round (24,2) (1)
[0] got a common coin at round (18,2) (1)
[0] got a common coin at round (32,2) (0)
[0] got a common coin at round (19,2) (1)
[0] got a common coin at round (6,2) (0)
[0] got a common coin at round (59,2) (1)
[0] got a common coin at round (15,2) (0)
[0] got a common coin at round (57,2) (1)
[0] got a common coin at round (11,2) (0)
[0] got a common coin at round (59,2) (1)
[0] got a common coin at round (43,2) (0)
[0] got a common coin at round (62,2) (0)
[0] got a common coin at round (17,2) (1)
[0] got a common coin at round (59,2) (0)
[0] got a common coin at round (28,2) (0)
[0] got a common coin at round (23,2) (1)
[0] got a common coin at round (37,2) (1)
[0] synced transactions.
timestampE (0, 1447193122.114940)
[1] synced transactions.
timestampE (1, 1447193122.116059)
[2] synced transactions.
timestampE (2, 1447193122.117146)
[3] synced transactions.
timestampE (3, 1447193122.118223)
[4] synced transactions.
timestampE (4, 1447193122.119309)
[5] synced transactions.
timestampE (5, 1447193122.120393)
[6] synced transactions.
timestampE (6, 1447193122.121468)
[7] synced transactions.
timestampE (7, 1447193122.122556)
[8] synced transactions.
timestampE (8, 1447193122.123635)
[9] synced transactions.
timestampE (9, 1447193122.124709)
[10] synced transactions.
timestampE (10, 1447193122.125785)
[11] synced transactions.
timestampE (11, 1447193122.126872)
[12] synced transactions.
timestampE (12, 1447193122.127940)
[13] synced transactions.
timestampE (13, 1447193122.129023)
[14] synced transactions.
timestampE (14, 1447193122.130097)
[15] synced transactions.
timestampE (15, 1447193122.131176)
[16] synced transactions.
timestampE (16, 1447193122.132252)
[17] synced transactions.
timestampE (17, 1447193122.133327)
[18] synced transactions.
timestampE (18, 1447193122.134402)
[19] synced transactions.
timestampE (19, 1447193122.135483)
[20] synced transactions.
timestampE (20, 1447193122.136558)
[21] synced transactions.
timestampE (21, 1447193122.137629)
[22] synced transactions.
timestampE (22, 1447193122.138722)
[23] synced transactions.
timestampE (23, 1447193122.139794)
[24] synced transactions.
timestampE (24, 1447193122.140871)
[25] synced transactions.
timestampE (25, 1447193122.141944)
[26] synced transactions.
timestampE (26, 1447193122.143025)
[27] synced transactions.
timestampE (27, 1447193122.144097)
[28] synced transactions.
timestampE (28, 1447193122.145183)
[29] synced transactions.
timestampE (29, 1447193122.146254)
[30] synced transactions.
timestampE (30, 1447193122.147331)
[31] synced transactions.
timestampE (31, 1447193122.148400)
[32] synced transactions.
timestampE (32, 1447193122.149476)
[33] synced transactions.
timestampE (33, 1447193122.150563)
[34] synced transactions.
timestampE (34, 1447193122.151634)
[35] synced transactions.
timestampE (35, 1447193122.152706)
[36] synced transactions.
timestampE (36, 1447193122.153776)
[37] synced transactions.
timestampE (37, 1447193122.154856)
[38] synced transactions.
timestampE (38, 1447193122.155933)
[39] synced transactions.
timestampE (39, 1447193122.157009)
[40] synced transactions.
timestampE (40, 1447193122.158088)
[41] synced transactions.
timestampE (41, 1447193122.159169)
[42] synced transactions.
timestampE (42, 1447193122.160264)
[43] synced transactions.
timestampE (43, 1447193122.161336)
[44] synced transactions.
timestampE (44, 1447193122.162407)
[45] synced transactions.
timestampE (45, 1447193122.163490)
[46] synced transactions.
timestampE (46, 1447193122.164557)
[47] synced transactions.
timestampE (47, 1447193122.165629)
Concensus Finished
         430875171 function calls (390202832 primitive calls) in 844.837 seconds

   Ordered by: standard name

   ncalls  tottime  percall  cumtime  percall filename:lineno(function)
      2/1    0.000    0.000   21.644   21.644 <string>:1(<module>)
   598144    0.394    0.000    2.145    0.000 SHA256.py:71(__init__)
   299072    0.152    0.000    1.319    0.000 SHA256.py:74(new)
   299072    0.472    0.000    2.769    0.000 SHA256.py:77(new)
       14    0.000    0.000    0.000    0.000 __init__.py:375(__getattr__)
       14    0.000    0.000    0.000    0.000 __init__.py:382(__getitem__)
     4160    0.078    0.000    0.082    0.000 __init__.py:52(create_string_buffer)
        1    0.000    0.000    0.000    0.000 atexit.py:37(register)
       64    0.000    0.000    0.001    0.000 bkr_acs.py:153(checkBA)
    127/1    0.022    0.000    0.000    0.000 bkr_acs.py:22(acs)
     4096    0.003    0.000    0.003    0.000 bkr_acs.py:28(callbackFactory)
     4096    0.028    0.000    0.055    0.000 bkr_acs.py:29(_callback)
     4096    0.001    0.000    0.001    0.000 bkr_acs.py:43(make_bc)
    27200    0.018    0.000   23.782    0.001 bkr_acs.py:44(_bc)
     11/0    0.000    0.000    0.000          bkr_acs.py:52(_listener)
     4096    0.055    0.000    0.055    0.000 bkr_acs.py:76(listenerFactory)
   3930/0    0.038    0.000    0.000          bkr_acs.py:77(_listener)
       65    0.000    0.000    0.000    0.000 copy_reg.py:46(_reconstructor)
      100    0.000    0.000    0.000    0.000 ecdsa_ssl.py:15(check_result)
      100    0.001    0.000    0.001    0.000 ecdsa_ssl.py:26(__init__)
      100    0.046    0.000    0.046    0.000 ecdsa_ssl.py:36(generate)
     4160    2.196    0.001    2.279    0.001 ecdsa_ssl.py:72(sign)
   266240  157.679    0.001  157.732    0.001 ecdsa_ssl.py:79(verify)
      100    0.000    0.000    0.000    0.000 ecdsa_ssl.py:82(set_compressed)
     8192    0.014    0.000    0.014    0.000 fractions.py:18(gcd)
       64    0.000    0.000    0.000    0.000 greenlet.py:104(ready)
  6155137   10.535    0.000   23.156    0.000 greenlet.py:184(start)
       64    0.000    0.000    0.000    0.000 greenlet.py:189(start_later)
  6001408    3.900    0.000    3.900    0.000 greenlet.py:302(_report_result)
6035999/1   46.293    0.000  844.511  844.511 greenlet.py:320(run)
       64    0.000    0.000    0.000    0.000 greenlet.py:337(rawlink)
       64    0.000    0.000    0.000    0.000 greenlet.py:356(unlink)
      2/1    0.000    0.000   21.644   21.644 greenlet.py:398(joinall)
  6155201   28.213    0.000   29.803    0.000 greenlet.py:74(__init__)
   598144    0.486    0.000    1.751    0.000 hashalgo.py:34(__init__)
   299072    0.157    0.000    0.554    0.000 hashalgo.py:53(update)
   274496    0.093    0.000    0.337    0.000 hashalgo.py:71(digest)
    24576    0.011    0.000    0.041    0.000 hashalgo.py:82(hexdigest)
       64    0.000    0.000    0.000    0.000 honest_party_test.py:110(<lambda>)
       64    0.000    0.000    0.000    0.000 honest_party_test.py:118(makeBroadcast)
    35456   10.147    0.000   29.463    0.001 honest_party_test.py:119(_broadcast)
2294646/1755    2.891    0.000    0.022    0.000 honest_party_test.py:120(_deliver)
       64    0.000    0.000    0.000    0.000 honest_party_test.py:130(recvWithDecode)
2269257/1   17.331    0.000  844.739  844.739 honest_party_test.py:131(recv)
      2/1    0.000    0.000   21.644   21.644 honest_party_test.py:221(main)
        1    0.000    0.000  844.785  844.785 honest_party_test.py:50(logWriter)
  2269184   10.315    0.000   52.928    0.000 honest_party_test.py:57(encode)
  2269184    9.138    0.000   23.164    0.000 honest_party_test.py:77(decode)
      2/1    0.001    0.000   21.644   21.644 honest_party_test.py:93(client_test_freenet)
 21736588    5.127    0.000    5.127    0.000 hub.py:159(get_hub)
7758742/1   11.208    0.000  844.511  844.511 hub.py:327(switch)
        1    0.000    0.000  844.785  844.785 hub.py:358(run)
  7755078    6.536    0.000    8.590    0.000 hub.py:491(__init__)
  7724164   17.319    0.000 56036952.013    7.255 hub.py:527(switch)
7758749/1    9.246    0.000  844.511  844.511 hub.py:557(get)
      2/1    0.000    0.000    0.000    0.000 hub.py:582(iwait)
      2/1    0.000    0.000    0.000    0.000 hub.py:615(wait)
   4672/1    0.068    0.000  237.929  237.929 includeTransaction.py:100(final)
       64    0.000    0.000    0.076    0.001 includeTransaction.py:173(consensusBroadcast)
       48    0.003    0.000    0.047    0.001 includeTransaction.py:178(union)
     90/1    0.012    0.000  844.661  844.661 includeTransaction.py:186(includeTransaction)
       64    0.000    0.000    0.000    0.000 includeTransaction.py:196(make_bc_br)
     8256    0.010    0.000    5.739    0.001 includeTransaction.py:197(_bc_br)
       64    0.000    0.000    0.000    0.000 includeTransaction.py:201(make_acs_br)
    27200    0.029    0.000   23.764    0.001 includeTransaction.py:202(_acs_br)
     63/0    0.000    0.000    0.000          includeTransaction.py:206(_listener)
   8185/1    0.895    0.000  238.271  238.271 includeTransaction.py:225(outputCallBack)
       64    0.000    0.000    0.000    0.000 includeTransaction.py:234(callbackFactoryACS)
       64    0.000    0.000    0.000    0.000 includeTransaction.py:235(_callback)
     43/0    0.001    0.000    0.000          includeTransaction.py:266(honestParty)
      128    0.000    0.000    0.000    0.000 includeTransaction.py:69(ceil)
       64    0.006    0.000    0.076    0.001 includeTransaction.py:76(multiSigBr)
     11/0    0.002    0.000    0.000          includeTransaction.py:93(Listener)
     4096    0.000    0.000    0.000    0.000 includeTransaction.py:95(<lambda>)
    968/0    0.001    0.000    0.000          mmr13.py:100(_recv)
   8192/2    2.354    0.000    2.919    1.460 mmr13.py:129(getCoin)
        1    0.000    0.000    0.000    0.000 mmr13.py:165(initBeforeBinaryConsensus)
    10816    0.008    0.000    0.008    0.000 mmr13.py:20(bv_broadcast)
    968/0    0.010    0.000    0.000          mmr13.py:33(input)
   1472/0    0.008    0.000    0.000          mmr13.py:374(binary_consensus)
    10816    0.012    0.000    0.041    0.000 mmr13.py:389(<lambda>)
     8192    0.008    0.000    0.049    0.000 mmr13.py:390(<lambda>)
    968/0    0.001    0.000    0.000          mmr13.py:392(_recv)
     8192    0.005    0.000    0.059    0.000 mmr13.py:41(<lambda>)
    10816    0.006    0.000    0.006    0.000 mmr13.py:415(brcast_get)
 525258/0    9.028    0.000    0.000          mmr13.py:416(_recv)
     8192    0.007    0.000    0.007    0.000 mmr13.py:425(getWithProcessing)
 524428/0   13.256    0.000    0.000          mmr13.py:426(_recv)
    10816    0.008    0.000    9.494    0.001 mmr13.py:46(_bc)
     8192    0.007    0.000    0.040    0.000 mmr13.py:461(<lambda>)
     8192    0.012    0.000    0.053    0.000 mmr13.py:472(bvOutput)
    10816    0.009    0.000    0.009    0.000 mmr13.py:480(getRelease)
    10816    0.004    0.000    9.498    0.001 mmr13.py:51(<lambda>)
     4096    0.416    0.000    0.437    0.000 mmr13.py:87(shared_coin)
     8192    0.009    0.000    0.038    0.000 mmr13.py:98(<lambda>)
 19540964    6.341    0.000    8.306    0.000 queue.py:107(qsize)
   271808    0.130    0.000    0.232    0.000 queue.py:115(full)
7758806/1850987   29.777    0.000    2.093    0.000 queue.py:122(put)
7569236/0   30.950    0.000    0.000          queue.py:171(get)
    93039    0.391    0.000 1547020.347   16.628 queue.py:256(_unlock)
 11547684    3.970    0.000    4.019    0.000 queue.py:275(_schedule_unlock)
  3815563   15.272    0.000   19.397    0.000 queue.py:292(__init__)
    71232    0.148    0.000    0.327    0.000 queue.py:48(__init__)
    71232    0.162    0.000    0.162    0.000 queue.py:71(_init)
  7560672    2.416    0.000    3.065    0.000 queue.py:77(_get)
  7732784    2.723    0.000    3.363    0.000 queue.py:83(_put)
      256    0.000    0.000    0.000    0.000 random.py:173(randrange)
      256    0.000    0.000    0.000    0.000 random.py:236(randint)
      512    0.000    0.000    0.000    0.000 random.py:271(choice)
   139264    1.091    0.000    3.907    0.000 shoup.py:138(lambdaS)
  4456448    0.414    0.000    0.414    0.000 shoup.py:149(<lambda>)
   294912    0.089    0.000    1.084    0.000 shoup.py:155(Delta)
     8192    0.771    0.000  128.146    0.016 shoup.py:158(combine_shares)
   155648    0.064    0.000  123.202    0.001 shoup.py:171(ppow)
     8192    0.015    0.000    0.400    0.000 shoup.py:189(verify_signature)
     8192    0.028    0.000   48.867    0.006 shoup.py:202(sign)
    24576    0.057    0.000    0.360    0.000 shoup.py:23(<lambda>)
     8192    0.059    0.000    0.059    0.000 shoup.py:36(egcd)
  7755077   17.562    0.000   57.906    0.000 timeout.py:102(start_new)
  7755077    2.707    0.000    2.707    0.000 timeout.py:122(pending)
  7724165    3.141    0.000    4.168    0.000 timeout.py:127(cancel)
  7755077   13.141    0.000   27.853    0.000 timeout.py:86(__init__)
  7755077    6.267    0.000    8.975    0.000 timeout.py:91(start)
  2269184   36.361    0.000   42.052    0.000 utils.py:109(deepEncode)
    16384    0.016    0.000    0.023    0.000 utils.py:158(constructTransactionFromRepr)
  2269184    9.360    0.000   13.168    0.000 utils.py:177(deepDecode)
        1    0.000    0.000    0.002    0.002 utils.py:214(initiateThresholdSig)
        1    0.000    0.000    0.047    0.047 utils.py:220(initiateECDSAKeys)
     4096    0.001    0.000    0.001    0.000 utils.py:236(getKeys)
       64    0.000    0.000    0.000    0.000 utils.py:239(getECDSAKeys)
  3627024    1.322    0.000    1.324    0.000 utils.py:253(mylog)
    43264    0.036    0.000    0.036    0.000 utils.py:278(makeCallOnce)
   666176    0.123    0.000    9.680    0.000 utils.py:281(callOnce)
     4096    0.001    0.000    0.001    0.000 utils.py:289(makeBroadcastWithTag)
       64    0.000    0.000    0.000    0.000 utils.py:29(callBackWrap)
     8192    0.009    0.000    9.043    0.001 utils.py:290(_bc)
    10816    0.008    0.000    0.008    0.000 utils.py:297(makeBroadcastWithTagAndRound)
    10816    0.012    0.000    9.486    0.001 utils.py:298(_bc)
    127/1    0.000    0.000    0.000    0.000 utils.py:30(_callBackWrap)
     8192    0.030    0.000    0.055    0.000 utils.py:307(dummyCoin)
     4096    0.003    0.000    0.059    0.000 utils.py:322(_setdata)
     4096    0.003    0.000    0.003    0.000 utils.py:326(__init__)
     4096    0.001    0.000    0.001    0.000 utils.py:334(registerSetCallBack)
     8192    0.002    0.000    0.002    0.000 utils.py:345(loopWrapper)
    138/0    0.000    0.000    0.000          utils.py:346(_loop)
  3881856    1.389    0.000    1.389    0.000 utils.py:355(greenletPacker)
   274496    0.292    0.000    3.136    0.000 utils.py:41(<lambda>)
    16640    0.004    0.000    0.004    0.000 utils.py:50(__init__)
    36480    0.042    0.000    0.042    0.000 utils.py:56(__repr__)
      156    0.000    0.000    0.000    0.000 utils.py:59(__eq__)
    10048    0.005    0.000    0.007    0.000 utils.py:67(__hash__)
      256    0.000    0.000    0.001    0.000 utils.py:74(randomTransaction)
      256    0.000    0.000    0.007    0.000 utils.py:94(encodeTransaction)
     4160    0.001    0.000    0.001    0.000 {_ctypes.byref}
     8192    0.016    0.000    0.016    0.000 {_hashlib.openssl_md5}
   598144    0.276    0.000    0.276    0.000 {_hashlib.openssl_sha256}
  6807808    1.906    0.000    1.906    0.000 {_struct.pack}
  4554752    1.383    0.000    1.383    0.000 {_struct.unpack}
       65    0.000    0.000    0.000    0.000 {built-in method __new__ of type object at 0x919120}
        2    0.002    0.001    0.002    0.001 {cPickle.loads}
       64    0.000    0.000    0.000    0.000 {callable}
  7755142    7.629    0.000    7.629    0.000 {getattr}
   524288    0.958    0.000    0.958    0.000 {gmpy2.from_binary}
   172032  172.087    0.001  172.087    0.001 {gmpy2.powmod}
   524288    0.712    0.000    0.712    0.000 {gmpy2.to_binary}
 30989400    2.211    0.000    2.211    0.000 {greenlet.getcurrent}
   598144    0.436    0.000    0.436    0.000 {hasattr}
    30144    0.002    0.000    0.002    0.000 {hash}
 10045888    3.831    0.000    3.831    0.000 {isinstance}
        2    0.000    0.000    0.000    0.000 {issubclass}
 30464229    3.067    0.000    3.067    0.000 {len}
        1    0.000    0.000    0.000    0.000 {map}
      128    0.000    0.000    0.000    0.000 {math.ceil}
   294912    0.994    0.000    0.994    0.000 {math.factorial}
  9327941    1.976    0.000    1.976    0.000 {method 'add' of 'set' objects}
  7732848    0.640    0.000    0.640    0.000 {method 'append' of 'collections.deque' objects}
    20645    0.004    0.000    0.004    0.000 {method 'append' of 'list' objects}
     4096    0.077    0.000    0.077    0.000 {method 'decode' of '_fec.Decoder' objects}
       48    0.000    0.000    0.000    0.000 {method 'difference' of 'set' objects}
   274496    0.243    0.000    0.243    0.000 {method 'digest' of '_hashlib.HASH' objects}
        1    0.000    0.000    0.000    0.000 {method 'disable' of '_lsprof.Profiler' objects}
  7724165    1.293    0.000    1.293    0.000 {method 'discard' of 'set' objects}
     4096    0.173    0.000    0.173    0.000 {method 'encode' of '_fec.Encoder' objects}
      576    0.001    0.000    0.001    0.000 {method 'flush' of 'file' objects}
    32768    0.039    0.000    0.039    0.000 {method 'hexdigest' of '_hashlib.HASH' objects}
      512    0.001    0.000    0.001    0.000 {method 'index' of 'list' objects}
   147456    0.398    0.000    0.398    0.000 {method 'issubset' of 'set' objects}
     8192    0.002    0.000    0.002    0.000 {method 'iteritems' of 'dict' objects}
     4448    0.012    0.000    0.012    0.000 {method 'join' of 'str' objects}
    12288    0.006    0.000    0.006    0.000 {method 'keys' of 'dict' objects}
 18004224    2.073    0.000    2.073    0.000 {method 'pop' of 'dict' objects}
  7724165    1.160    0.000    1.160    0.000 {method 'pop' of 'set' objects}
  7560672    0.650    0.000    0.650    0.000 {method 'popleft' of 'collections.deque' objects}
      832    0.000    0.000    0.000    0.000 {method 'random' of '_random.Random' objects}
  8126464    1.654    0.000    1.654    0.000 {method 'read' of '_io.BytesIO' objects}
        2    0.000    0.000    0.000    0.000 {method 'read' of 'file' objects}
       64    0.000    0.000    0.000    0.000 {method 'remove' of 'collections.deque' objects}
     4096    0.002    0.000    0.002    0.000 {method 'rstrip' of 'str' objects}
        1    0.000    0.000  844.785  844.785 {method 'run' of 'gevent.core.loop' objects}
  6248323   12.671    0.000   12.671    0.000 {method 'run_callback' of 'gevent.core.loop' objects}
  2269184    0.634    0.000    0.634    0.000 {method 'seek' of '_io.BytesIO' objects}
       64    0.000    0.000    0.000    0.000 {method 'start' of 'gevent.core.timer' objects}
       14    0.000    0.000    0.000    0.000 {method 'startswith' of 'str' objects}
  6032257    0.559    0.000    0.559    0.000 {method 'stop' of 'gevent.core.callback' objects}
  7724229    1.028    0.000    1.028    0.000 {method 'stop' of 'gevent.core.timer' objects}
  7724164   32.899    0.000 56036857.255    7.255 {method 'switch' of 'greenlet.greenlet' objects}
  7755141   13.246    0.000   13.246    0.000 {method 'timer' of 'gevent.core.loop' objects}
     2448    0.009    0.000    0.016    0.000 {method 'union' of 'set' objects}
   299072    0.397    0.000    0.397    0.000 {method 'update' of '_hashlib.HASH' objects}
       64    0.000    0.000    0.000    0.000 {method 'update' of 'set' objects}
     4096    0.009    0.000    0.009    0.000 {method 'values' of 'dict' objects}
  9871360    1.949    0.000    1.949    0.000 {method 'write' of '_io.BytesIO' objects}
        3    0.000    0.000    0.000    0.000 {open}
      256    0.005    0.000    0.005    0.000 {posix.urandom}
  1764915    1.397    0.000    1.397    0.000 {range}
   278528    0.610    0.000    1.023    0.000 {reduce}
  2892000    9.492    0.000    9.534    0.000 {repr}
       14    0.000    0.000    0.000    0.000 {setattr}
   139264    0.303    0.000    0.303    0.000 {sorted}
       64    0.001    0.000    0.001    0.000 {sum}
        1    0.000    0.000    0.000    0.000 {sys.exc_info}
        1    0.000    0.000    0.000    0.000 {sys.exit}
  4545840    0.662    0.000    0.662    0.000 {time.time}


Entering atexit()
msgCounter 2269184
msgTypeCounter [[0, 0], [4096, 4436608], [262144, 32508288], [692224, 6922240], [524288, 5242880], [524288, 139457216], [262144, 10485760]]
    Init      Echo      Val       Aux      Coin     Ready
    4096   262144    692224    524288    524288    262144
 4436608 32508288   6922240   5242880 139457216  10485760
Total Message size 199052992
