got 8192 TXs
timestampB (0, 1447189811.511445)
got 8192 TXs
timestampB (1, 1447189811.534472)
got 8192 TXs
timestampB (2, 1447189811.556298)
[0] got a common coin at round (2,1) (1)
[0] got a common coin at round (0,1) (0)
[0] got a common coin at round (0,1) (0)
got 8192 TXs
timestampB (3, 1447189815.420072)
[0] got a common coin at round (1,2) (1)
[0] got a common coin at round (0,2) (1)
[0] got a common coin at round (1,2) (1)
[0] synced transactions.
timestampE (0, 1447189817.330166)
[1] synced transactions.
timestampE (1, 1447189817.406361)
[2] synced transactions.
timestampE (2, 1447189817.482938)
Concensus Finished
Entering atexit()
msgCounter 352
msgTypeCounter [[0, 0], [16, 32769320], [48, 49156036], [96, 960], [72, 720], [72, 19152], [48, 1920]]
    Init      Echo      Val       Aux      Coin     Ready
      16       48        96        72        72        48
32769320 49156036       960       720     19152      1920
Total Message size 81948108
