got 2048 TXs
timestampB (0, 1447190218.359266)
got 2048 TXs
timestampB (1, 1447190218.364566)
got 2048 TXs
timestampB (2, 1447190218.370138)
got 2048 TXs
timestampB (3, 1447190218.375837)
got 2048 TXs
timestampB (4, 1447190218.381431)
got 2048 TXs
timestampB (5, 1447190218.386316)
got 2048 TXs
timestampB (6, 1447190221.540158)
got 2048 TXs
timestampB (7, 1447190221.545312)
[0] got a common coin at round (4,1) (0)
[0] got a common coin at round (3,1) (1)
[0] got a common coin at round (2,1) (0)
[0] got a common coin at round (4,1) (0)
[0] got a common coin at round (4,1) (0)
[0] got a common coin at round (0,1) (1)
[0] got a common coin at round (3,1) (1)
[0] got a common coin at round (0,1) (0)
[0] got a common coin at round (4,2) (1)
[0] got a common coin at round (0,2) (1)
[0] got a common coin at round (3,2) (1)
[0] got a common coin at round (5,2) (0)
[0] got a common coin at round (3,2) (1)
[0] got a common coin at round (3,2) (1)
[0] synced transactions.
timestampE (0, 1447190226.329471)
[1] synced transactions.
timestampE (1, 1447190226.370830)
[2] synced transactions.
timestampE (2, 1447190226.412153)
[3] synced transactions.
timestampE (3, 1447190226.453261)
[4] synced transactions.
timestampE (4, 1447190226.494212)
[5] synced transactions.
timestampE (5, 1447190226.535305)
Concensus Finished
Entering atexit()
msgCounter 3696
msgTypeCounter [[0, 0], [64, 32773320], [512, 65578944], [1072, 10720], [832, 8320], [704, 187264], [512, 20480]]
    Init      Echo      Val       Aux      Coin     Ready
      64      512      1072       832       704       512
32773320 65578944     10720      8320    187264     20480
Total Message size 98579048
