got 4096 TXs
timestampB (0, 1447190235.207643)
got 4096 TXs
timestampB (1, 1447190235.219675)
got 4096 TXs
timestampB (2, 1447190235.231125)
got 4096 TXs
timestampB (3, 1447190235.241992)
got 4096 TXs
timestampB (4, 1447190235.252792)
got 4096 TXs
timestampB (5, 1447190235.264134)
got 4096 TXs
timestampB (6, 1447190235.275000)
got 4096 TXs
timestampB (7, 1447190237.476765)
[0] got a common coin at round (4,1) (0)
[0] got a common coin at round (0,1) (0)
[0] got a common coin at round (2,1) (1)
[0] got a common coin at round (6,1) (0)
[0] got a common coin at round (0,1) (1)
[0] got a common coin at round (0,1) (0)
[0] got a common coin at round (5,1) (0)
[0] got a common coin at round (3,1) (1)
[0] got a common coin at round (2,2) (1)
[0] got a common coin at round (6,2) (0)
[0] got a common coin at round (0,2) (1)
[0] got a common coin at round (1,2) (0)
[0] got a common coin at round (0,2) (1)
[0] got a common coin at round (1,2) (1)
[0] got a common coin at round (6,2) (1)
[0] synced transactions.
timestampE (0, 1447190249.877130)
[1] synced transactions.
timestampE (1, 1447190249.965342)
[2] synced transactions.
timestampE (2, 1447190250.053048)
[3] synced transactions.
timestampE (3, 1447190250.140819)
[4] synced transactions.
timestampE (4, 1447190250.228411)
[5] synced transactions.
timestampE (5, 1447190250.316846)
Concensus Finished
Entering atexit()
msgCounter 4216
msgTypeCounter [[0, 0], [64, 65541288], [512, 131114896], [1272, 12720], [928, 9280], [928, 246848], [512, 20480]]
    Init      Echo      Val       Aux      Coin     Ready
      64      512      1272       928       928       512
65541288 131114896     12720      9280    246848     20480
Total Message size 196945512
