got 1024 TXs
timestampB (1, 1447190181.030413)
got 1024 TXs
timestampB (0, 1447190181.032910)
got 1024 TXs
timestampB (2, 1447190181.035530)
got 1024 TXs
timestampB (3, 1447190181.038643)
got 1024 TXs
timestampB (6, 1447190181.041536)
got 1024 TXs
timestampB (5, 1447190181.044444)
got 1024 TXs
timestampB (4, 1447190181.047344)
got 1024 TXs
timestampB (7, 1447190181.670096)
[0] got a common coin at round (2,1) (0)
[0] got a common coin at round (1,1) (1)
[0] got a common coin at round (1,1) (0)
[0] got a common coin at round (3,1) (0)
[0] got a common coin at round (3,1) (0)
[0] got a common coin at round (2,1) (0)
[0] got a common coin at round (4,1) (1)
[0] got a common coin at round (6,1) (1)
[0] got a common coin at round (6,2) (1)
[0] got a common coin at round (3,2) (1)
[0] got a common coin at round (0,2) (1)
[0] got a common coin at round (3,2) (0)
[0] got a common coin at round (4,2) (1)
[0] got a common coin at round (2,2) (0)
[0] got a common coin at round (3,2) (1)
[0] synced transactions.
timestampE (0, 1447190185.762099)
[1] synced transactions.
timestampE (1, 1447190185.781693)
[2] synced transactions.
timestampE (2, 1447190185.801185)
[3] synced transactions.
timestampE (3, 1447190185.820422)
[4] synced transactions.
timestampE (4, 1447190185.840046)
[5] synced transactions.
timestampE (5, 1447190185.859551)
Concensus Finished
Entering atexit()
msgCounter 4160
msgTypeCounter [[0, 0], [64, 16389304], [512, 32810992], [1248, 12480], [912, 9120], [912, 242592], [512, 20480]]
    Init      Echo      Val       Aux      Coin     Ready
      64      512      1248       912       912       512
16389304 32810992     12480      9120    242592     20480
Total Message size 49484968
