got 4 TXs
timestampB (17, 1447191522.814429)
got 4 TXs
timestampB (15, 1447191522.815174)
got 4 TXs
timestampB (14, 1447191522.815896)
got 4 TXs
timestampB (39, 1447191522.816609)
got 4 TXs
timestampB (36, 1447191522.817857)
got 4 TXs
timestampB (49, 1447191522.818575)
got 4 TXs
timestampB (1, 1447191522.819285)
got 4 TXs
timestampB (52, 1447191522.819986)
got 4 TXs
timestampB (18, 1447191522.820651)
got 4 TXs
timestampB (10, 1447191522.821358)
got 4 TXs
timestampB (13, 1447191522.886319)
got 4 TXs
timestampB (16, 1447191522.887116)
got 4 TXs
timestampB (21, 1447191522.905426)
got 4 TXs
timestampB (37, 1447191522.906159)
got 4 TXs
timestampB (30, 1447191522.906846)
got 4 TXs
timestampB (9, 1447191522.907556)
got 4 TXs
timestampB (56, 1447191522.908266)
got 4 TXs
timestampB (45, 1447191522.908980)
got 4 TXs
timestampB (23, 1447191522.909649)
got 4 TXs
timestampB (22, 1447191522.910882)
got 4 TXs
timestampB (20, 1447191522.911601)
got 4 TXs
timestampB (29, 1447191522.912311)
got 4 TXs
timestampB (40, 1447191522.913038)
got 4 TXs
timestampB (8, 1447191522.913699)
got 4 TXs
timestampB (0, 1447191522.914416)
got 4 TXs
timestampB (60, 1447191522.915147)
got 4 TXs
timestampB (6, 1447191522.916356)
got 4 TXs
timestampB (24, 1447191522.917021)
got 4 TXs
timestampB (19, 1447191522.917744)
got 4 TXs
timestampB (3, 1447191522.918457)
got 4 TXs
timestampB (2, 1447191522.919169)
got 4 TXs
timestampB (53, 1447191522.919899)
got 4 TXs
timestampB (4, 1447191522.920561)
got 4 TXs
timestampB (38, 1447191522.921776)
got 4 TXs
timestampB (12, 1447191522.922504)
got 4 TXs
timestampB (62, 1447191522.923214)
got 4 TXs
timestampB (51, 1447191522.923885)
got 4 TXs
timestampB (26, 1447191522.924600)
got 4 TXs
timestampB (34, 1447191522.925317)
got 4 TXs
timestampB (31, 1447191522.926561)
got 4 TXs
timestampB (46, 1447191522.927256)
got 4 TXs
timestampB (63, 1447191522.927964)
got 4 TXs
timestampB (44, 1447191522.928678)
got 4 TXs
timestampB (28, 1447191522.929391)
got 4 TXs
timestampB (47, 1447191522.930108)
got 4 TXs
timestampB (42, 1447191522.930790)
got 4 TXs
timestampB (7, 1447191522.932004)
got 4 TXs
timestampB (54, 1447191522.932715)
got 4 TXs
timestampB (35, 1447191522.933430)
got 4 TXs
timestampB (27, 1447191522.934103)
got 4 TXs
timestampB (11, 1447191522.934832)
got 4 TXs
timestampB (32, 1447191522.935549)
got 4 TXs
timestampB (57, 1447191522.936261)
got 4 TXs
timestampB (58, 1447191522.937436)
got 4 TXs
timestampB (5, 1447191522.938144)
got 4 TXs
timestampB (25, 1447191522.938865)
got 4 TXs
timestampB (50, 1447191522.939581)
got 4 TXs
timestampB (55, 1447191522.940300)
got 4 TXs
timestampB (43, 1447191522.940979)
got 4 TXs
timestampB (48, 1447191522.941698)
got 4 TXs
timestampB (33, 1447191522.942924)
got 4 TXs
timestampB (41, 1447191522.943641)
got 4 TXs
timestampB (59, 1447191522.944309)
got 4 TXs
timestampB (61, 1447191522.945029)
[0] got a common coin at round (9,1) (0)
[0] got a common coin at round (56,1) (1)
[0] got a common coin at round (60,1) (0)
[0] got a common coin at round (58,1) (1)
[0] got a common coin at round (26,1) (1)
[0] got a common coin at round (13,1) (1)
[0] got a common coin at round (32,1) (0)
[0] got a common coin at round (0,1) (1)
[0] got a common coin at round (32,1) (1)
[0] got a common coin at round (43,1) (1)
[0] got a common coin at round (40,1) (0)
[0] got a common coin at round (9,1) (1)
[0] got a common coin at round (31,1) (1)
[0] got a common coin at round (46,1) (1)
[0] got a common coin at round (1,1) (1)
[0] got a common coin at round (14,1) (1)
[0] got a common coin at round (12,1) (1)
[0] got a common coin at round (62,1) (1)
[0] got a common coin at round (2,1) (0)
[0] got a common coin at round (34,1) (1)
[0] got a common coin at round (43,1) (0)
[0] got a common coin at round (51,1) (0)
[0] got a common coin at round (18,1) (1)
[0] got a common coin at round (7,1) (1)
[0] got a common coin at round (24,1) (0)
[0] got a common coin at round (3,1) (1)
[0] got a common coin at round (14,1) (1)
[0] got a common coin at round (55,1) (1)
[0] got a common coin at round (4,1) (0)
[0] got a common coin at round (46,1) (0)
[0] got a common coin at round (6,1) (1)
[0] got a common coin at round (2,1) (1)
[0] got a common coin at round (16,1) (1)
[0] got a common coin at round (57,1) (0)
[0] got a common coin at round (47,1) (1)
[0] got a common coin at round (2,1) (0)
[0] got a common coin at round (2,1) (1)
[0] got a common coin at round (11,1) (1)
[0] got a common coin at round (36,1) (1)
[0] got a common coin at round (23,1) (1)
[0] got a common coin at round (50,1) (1)
[0] got a common coin at round (17,1) (1)
[0] got a common coin at round (32,1) (0)
[0] got a common coin at round (49,1) (0)
[0] got a common coin at round (50,1) (0)
[0] got a common coin at round (52,1) (0)
[0] got a common coin at round (7,1) (0)
[0] got a common coin at round (61,1) (1)
[0] got a common coin at round (15,1) (1)
[0] got a common coin at round (45,1) (1)
[0] got a common coin at round (3,1) (1)
[0] got a common coin at round (22,1) (0)
[0] got a common coin at round (6,1) (1)
[0] got a common coin at round (3,1) (1)
[0] got a common coin at round (45,1) (0)
[0] got a common coin at round (2,1) (1)
[0] got a common coin at round (31,1) (1)
[0] got a common coin at round (26,1) (0)
[0] got a common coin at round (46,1) (0)
[0] got a common coin at round (17,1) (1)
[0] got a common coin at round (7,1) (0)
[0] got a common coin at round (21,1) (0)
[0] got a common coin at round (13,1) (1)
[0] got a common coin at round (21,1) (1)
[0] got a common coin at round (45,2) (1)
[0] got a common coin at round (50,2) (1)
[0] got a common coin at round (40,2) (0)
[0] got a common coin at round (28,2) (0)
[0] got a common coin at round (1,2) (0)
[0] got a common coin at round (23,2) (1)
[0] got a common coin at round (17,2) (1)
[0] got a common coin at round (59,2) (0)
[0] got a common coin at round (18,2) (0)
[0] got a common coin at round (48,2) (1)
[0] got a common coin at round (59,2) (1)
[0] got a common coin at round (17,2) (1)
[0] got a common coin at round (36,2) (1)
[0] got a common coin at round (59,2) (0)
[0] got a common coin at round (47,2) (0)
[0] got a common coin at round (40,2) (1)
[0] got a common coin at round (43,2) (1)
[0] got a common coin at round (46,2) (1)
[0] got a common coin at round (48,2) (0)
[0] got a common coin at round (31,2) (1)
[0] got a common coin at round (43,2) (0)
[0] got a common coin at round (39,2) (0)
[0] got a common coin at round (48,2) (0)
[0] got a common coin at round (4,2) (0)
[0] got a common coin at round (34,2) (1)
[0] got a common coin at round (32,2) (1)
[0] got a common coin at round (36,2) (1)
[0] got a common coin at round (56,2) (1)
[0] got a common coin at round (8,2) (0)
[0] got a common coin at round (34,2) (0)
[0] got a common coin at round (54,2) (0)
[0] got a common coin at round (51,2) (1)
[0] got a common coin at round (11,2) (1)
[0] got a common coin at round (63,2) (0)
[0] got a common coin at round (14,2) (1)
[0] got a common coin at round (12,2) (0)
[0] got a common coin at round (37,2) (1)
[0] got a common coin at round (13,2) (0)
[0] got a common coin at round (57,2) (1)
[0] got a common coin at round (61,2) (1)
[0] got a common coin at round (44,2) (1)
[0] got a common coin at round (55,2) (0)
[0] got a common coin at round (40,2) (1)
[0] got a common coin at round (62,2) (0)
[0] got a common coin at round (41,2) (1)
[0] got a common coin at round (53,2) (0)
[0] got a common coin at round (3,2) (0)
[0] got a common coin at round (6,2) (0)
[0] got a common coin at round (9,2) (1)
[0] got a common coin at round (18,2) (0)
[0] got a common coin at round (38,2) (1)
[0] got a common coin at round (40,2) (1)
[0] got a common coin at round (47,2) (1)
[0] got a common coin at round (15,2) (1)
[0] got a common coin at round (47,2) (1)
[0] got a common coin at round (55,2) (1)
[0] got a common coin at round (32,2) (0)
[0] got a common coin at round (38,2) (0)
[0] got a common coin at round (18,2) (1)
[0] got a common coin at round (18,2) (0)
[0] got a common coin at round (47,2) (0)
[0] got a common coin at round (14,2) (0)
[0] got a common coin at round (19,2) (0)
[0] got a common coin at round (22,2) (0)
[0] synced transactions.
timestampE (0, 1447192274.919396)
[1] synced transactions.
timestampE (1, 1447192274.920297)
[2] synced transactions.
timestampE (2, 1447192274.921187)
[3] synced transactions.
timestampE (3, 1447192274.922074)
[4] synced transactions.
timestampE (4, 1447192274.922974)
[5] synced transactions.
timestampE (5, 1447192274.923864)
[6] synced transactions.
timestampE (6, 1447192274.924749)
[7] synced transactions.
timestampE (7, 1447192274.925635)
[8] synced transactions.
timestampE (8, 1447192274.926534)
[9] synced transactions.
timestampE (9, 1447192274.927416)
[10] synced transactions.
timestampE (10, 1447192274.928297)
[11] synced transactions.
timestampE (11, 1447192274.929184)
[12] synced transactions.
timestampE (12, 1447192274.930069)
[13] synced transactions.
timestampE (13, 1447192274.930973)
[14] synced transactions.
timestampE (14, 1447192274.931862)
[15] synced transactions.
timestampE (15, 1447192274.932748)
[16] synced transactions.
timestampE (16, 1447192274.933638)
[17] synced transactions.
timestampE (17, 1447192274.934534)
[18] synced transactions.
timestampE (18, 1447192274.935423)
[19] synced transactions.
timestampE (19, 1447192274.936320)
[20] synced transactions.
timestampE (20, 1447192274.937209)
[21] synced transactions.
timestampE (21, 1447192274.938098)
[22] synced transactions.
timestampE (22, 1447192274.939003)
[23] synced transactions.
timestampE (23, 1447192274.939889)
[24] synced transactions.
timestampE (24, 1447192274.940779)
[25] synced transactions.
timestampE (25, 1447192274.941668)
[26] synced transactions.
timestampE (26, 1447192274.942562)
[27] synced transactions.
timestampE (27, 1447192274.943449)
[28] synced transactions.
timestampE (28, 1447192274.944334)
[29] synced transactions.
timestampE (29, 1447192274.945221)
[30] synced transactions.
timestampE (30, 1447192274.946109)
[31] synced transactions.
timestampE (31, 1447192274.947007)
[32] synced transactions.
timestampE (32, 1447192274.947894)
[33] synced transactions.
timestampE (33, 1447192274.948786)
[34] synced transactions.
timestampE (34, 1447192274.949676)
[35] synced transactions.
timestampE (35, 1447192274.950580)
[36] synced transactions.
timestampE (36, 1447192274.951464)
[37] synced transactions.
timestampE (37, 1447192274.952345)
[38] synced transactions.
timestampE (38, 1447192274.953235)
[39] synced transactions.
timestampE (39, 1447192274.954126)
[40] synced transactions.
timestampE (40, 1447192274.955022)
[41] synced transactions.
timestampE (41, 1447192274.955909)
[42] synced transactions.
timestampE (42, 1447192274.956798)
[43] synced transactions.
timestampE (43, 1447192274.957682)
[44] synced transactions.
timestampE (44, 1447192274.958582)
[45] synced transactions.
timestampE (45, 1447192274.959466)
[46] synced transactions.
timestampE (46, 1447192274.960354)
[47] synced transactions.
timestampE (47, 1447192274.961240)
Concensus Finished
Entering atexit()
msgCounter 2269184
msgTypeCounter [[0, 0], [4096, 4436352], [262144, 32506112], [692224, 6922240], [524288, 5242880], [524288, 139457216], [262144, 10485760]]
    Init      Echo      Val       Aux      Coin     Ready
    4096   262144    692224    524288    524288    262144
 4436352 32506112   6922240   5242880 139457216  10485760
Total Message size 199050560
