got 8192 TXs
timestampB (0, 1447189792.783194)
got 8192 TXs
timestampB (1, 1447189792.805481)
got 8192 TXs
timestampB (2, 1447189792.827264)
[0] got a common coin at round (2,1) (1)
[0] got a common coin at round (1,1) (0)
[0] got a common coin at round (2,1) (0)
got 8192 TXs
timestampB (3, 1447189796.736336)
[0] got a common coin at round (1,2) (1)
[0] got a common coin at round (1,2) (1)
[0] got a common coin at round (2,2) (1)
[0] synced transactions.
timestampE (0, 1447189798.651456)
[1] synced transactions.
timestampE (1, 1447189798.727954)
[2] synced transactions.
timestampE (2, 1447189798.804771)
Concensus Finished
Entering atexit()
msgCounter 352
msgTypeCounter [[0, 0], [16, 32769328], [48, 49156036], [96, 960], [72, 720], [72, 19152], [48, 1920]]
    Init      Echo      Val       Aux      Coin     Ready
      16       48        96        72        72        48
32769328 49156036       960       720     19152      1920
Total Message size 81948116
