got 128 TXs
timestampB (1, 1447207142.802947)
got 128 TXs
timestampB (6, 1447207142.804007)
got 128 TXs
timestampB (0, 1447207142.805061)
got 128 TXs
timestampB (14, 1447207142.806047)
got 128 TXs
timestampB (5, 1447207142.807188)
got 128 TXs
timestampB (17, 1447207142.808864)
got 128 TXs
timestampB (9, 1447207142.810031)
got 128 TXs
timestampB (7, 1447207142.811149)
got 128 TXs
timestampB (3, 1447207142.812305)
got 128 TXs
timestampB (12, 1447207142.813471)
got 128 TXs
timestampB (13, 1447207142.814645)
got 128 TXs
timestampB (2, 1447207142.815762)
got 128 TXs
timestampB (8, 1447207142.817495)
got 128 TXs
timestampB (16, 1447207142.818663)
got 128 TXs
timestampB (15, 1447207142.819699)
got 128 TXs
timestampB (25, 1447207142.820742)
got 128 TXs
timestampB (4, 1447207142.821749)
got 128 TXs
timestampB (24, 1447207142.822782)
got 128 TXs
timestampB (23, 1447207142.824326)
got 128 TXs
timestampB (11, 1447207142.825376)
got 128 TXs
timestampB (19, 1447207142.826370)
got 128 TXs
timestampB (10, 1447207142.827436)
got 128 TXs
timestampB (18, 1447207142.828461)
got 128 TXs
timestampB (31, 1447207142.829501)
got 128 TXs
timestampB (20, 1447207142.830534)
got 128 TXs
timestampB (26, 1447207142.832083)
got 128 TXs
timestampB (34, 1447207142.833124)
got 128 TXs
timestampB (32, 1447207142.834156)
got 128 TXs
timestampB (36, 1447207142.835191)
got 128 TXs
timestampB (22, 1447207142.836184)
got 128 TXs
timestampB (21, 1447207142.837261)
got 128 TXs
timestampB (33, 1447207142.838297)
got 128 TXs
timestampB (29, 1447207142.839855)
got 128 TXs
timestampB (30, 1447207142.840855)
got 128 TXs
timestampB (27, 1447207142.841906)
got 128 TXs
timestampB (28, 1447207142.842974)
got 128 TXs
timestampB (42, 1447207142.844009)
got 128 TXs
timestampB (37, 1447207142.845017)
got 128 TXs
timestampB (41, 1447207142.846049)
got 128 TXs
timestampB (47, 1447207142.847598)
got 128 TXs
timestampB (40, 1447207142.848629)
got 128 TXs
timestampB (54, 1447207142.849678)
got 128 TXs
timestampB (53, 1447207142.850697)
got 128 TXs
timestampB (35, 1447207142.851734)
got 128 TXs
timestampB (38, 1447207142.852774)
got 128 TXs
timestampB (55, 1447207142.854318)
got 128 TXs
timestampB (49, 1447207142.868944)
got 128 TXs
timestampB (50, 1447207142.870000)
got 128 TXs
timestampB (39, 1447207142.871057)
got 128 TXs
timestampB (60, 1447207142.872113)
got 128 TXs
timestampB (48, 1447207142.873126)
got 128 TXs
timestampB (44, 1447207142.874179)
got 128 TXs
timestampB (43, 1447207142.875215)
got 128 TXs
timestampB (45, 1447207142.876734)
got 128 TXs
timestampB (61, 1447207143.236284)
got 128 TXs
timestampB (58, 1447207143.237337)
got 128 TXs
timestampB (51, 1447207143.238411)
got 128 TXs
timestampB (46, 1447207143.239555)
got 128 TXs
timestampB (56, 1447207143.241344)
got 128 TXs
timestampB (63, 1447207143.242540)
got 128 TXs
timestampB (52, 1447207143.243713)
got 128 TXs
timestampB (57, 1447207143.244884)
got 128 TXs
timestampB (59, 1447207143.246019)
got 128 TXs
timestampB (62, 1447207143.247192)
[0] got a common coin at round (15,1) (1)
[0] got a common coin at round (26,1) (0)
[0] got a common coin at round (27,1) (0)
[0] got a common coin at round (36,1) (1)
[0] got a common coin at round (7,1) (1)
[0] got a common coin at round (21,1) (0)
[0] got a common coin at round (39,1) (1)
[0] got a common coin at round (23,1) (1)
[0] got a common coin at round (53,1) (1)
[0] got a common coin at round (37,1) (1)
[0] got a common coin at round (35,1) (0)
[0] got a common coin at round (2,1) (1)
[0] got a common coin at round (38,1) (0)
[0] got a common coin at round (0,1) (1)
[0] got a common coin at round (30,1) (0)
[0] got a common coin at round (24,1) (1)
[0] got a common coin at round (10,1) (1)
[0] got a common coin at round (4,1) (0)
[0] got a common coin at round (19,1) (1)
[0] got a common coin at round (9,1) (0)
[0] got a common coin at round (43,1) (1)
[0] got a common coin at round (54,1) (1)
[0] got a common coin at round (44,1) (0)
[0] got a common coin at round (48,1) (0)
[0] got a common coin at round (31,1) (0)
[0] got a common coin at round (28,1) (1)
[0] got a common coin at round (5,1) (1)
[0] got a common coin at round (32,1) (0)
[0] got a common coin at round (18,1) (1)
[0] got a common coin at round (55,1) (1)
[0] got a common coin at round (47,1) (1)
[0] got a common coin at round (34,1) (1)
[0] got a common coin at round (8,1) (0)
[0] got a common coin at round (41,1) (1)
[0] got a common coin at round (13,1) (1)
[0] got a common coin at round (20,1) (0)
[0] got a common coin at round (11,1) (1)
[0] got a common coin at round (45,1) (1)
[0] got a common coin at round (29,1) (0)
[0] got a common coin at round (60,1) (1)
[0] got a common coin at round (33,1) (0)
[0] got a common coin at round (25,1) (1)
[0] got a common coin at round (17,1) (0)
[0] got a common coin at round (42,1) (1)
[0] got a common coin at round (22,1) (1)
[0] got a common coin at round (14,1) (0)
[0] got a common coin at round (50,1) (1)
[0] got a common coin at round (40,1) (1)
[0] got a common coin at round (6,1) (1)
[0] got a common coin at round (16,1) (0)
[0] got a common coin at round (12,1) (1)
[0] got a common coin at round (49,1) (0)
[0] got a common coin at round (3,1) (1)
[0] got a common coin at round (1,1) (1)
[15] decides on 1 in round 1
[36] decides on 1 in round 1
[7] decides on 1 in round 1
[39] decides on 1 in round 1
[23] decides on 1 in round 1
[53] decides on 1 in round 1
[37] decides on 1 in round 1
[2] decides on 1 in round 1
[0] decides on 1 in round 1
[24] decides on 1 in round 1
[10] decides on 1 in round 1
[19] decides on 1 in round 1
[43] decides on 1 in round 1
[54] decides on 1 in round 1
[28] decides on 1 in round 1
[5] decides on 1 in round 1
[18] decides on 1 in round 1
[55] decides on 1 in round 1
[47] decides on 1 in round 1
[34] decides on 1 in round 1
[41] decides on 1 in round 1
[13] decides on 1 in round 1
[11] decides on 1 in round 1
[45] decides on 1 in round 1
[60] decides on 1 in round 1
[25] decides on 1 in round 1
[42] decides on 1 in round 1
[22] decides on 1 in round 1
[50] decides on 1 in round 1
[40] decides on 1 in round 1
[6] decides on 1 in round 1
[12] decides on 1 in round 1
[3] decides on 1 in round 1
[1] decides on 1 in round 1
[0] got a common coin at round (56,1) (0)
[0] got a common coin at round (62,1) (1)
[0] got a common coin at round (57,1) (1)
[0] got a common coin at round (58,1) (0)
[0] got a common coin at round (59,1) (1)
[0] got a common coin at round (61,1) (1)
[0] got a common coin at round (51,1) (1)
[0] got a common coin at round (52,1) (0)
[0] got a common coin at round (63,1) (0)
[0] got a common coin at round (46,1) (1)
[62] decides on 1 in round 1
[57] decides on 1 in round 1
[59] decides on 1 in round 1
[61] decides on 1 in round 1
[51] decides on 1 in round 1
[46] decides on 1 in round 1
[0] got a common coin at round (15,2) (0)
[0] got a common coin at round (1,2) (1)
[0] got a common coin at round (44,2) (1)
[0] got a common coin at round (37,2) (1)
[0] got a common coin at round (7,2) (1)
[0] got a common coin at round (48,2) (1)
[0] got a common coin at round (25,2) (0)
[0] got a common coin at round (19,2) (0)
[0] got a common coin at round (53,2) (0)
[0] got a common coin at round (26,2) (0)
[0] got a common coin at round (22,2) (1)
[0] got a common coin at round (35,2) (0)
[0] got a common coin at round (0,2) (0)
[0] got a common coin at round (47,2) (0)
[0] got a common coin at round (41,2) (0)
[0] got a common coin at round (43,2) (1)
[0] got a common coin at round (36,2) (0)
[0] got a common coin at round (29,2) (0)
[0] got a common coin at round (17,2) (1)
[0] got a common coin at round (54,2) (0)
[0] got a common coin at round (50,2) (1)
[0] got a common coin at round (8,2) (1)
[0] got a common coin at round (24,2) (1)
[0] got a common coin at round (32,2) (0)
[0] got a common coin at round (27,2) (0)
[0] got a common coin at round (38,2) (1)
[0] got a common coin at round (30,2) (0)
[0] got a common coin at round (34,2) (1)
[0] got a common coin at round (18,2) (0)
[0] got a common coin at round (23,2) (1)
[0] got a common coin at round (3,2) (1)
[0] got a common coin at round (55,2) (0)
[0] got a common coin at round (2,2) (1)
[0] got a common coin at round (20,2) (0)
[0] got a common coin at round (39,2) (1)
[0] got a common coin at round (21,2) (0)
[0] got a common coin at round (16,2) (1)
[0] got a common coin at round (40,2) (0)
[0] got a common coin at round (33,2) (0)
[0] got a common coin at round (12,2) (0)
[0] got a common coin at round (13,2) (0)
[0] got a common coin at round (45,2) (0)
[0] got a common coin at round (6,2) (0)
[0] got a common coin at round (28,2) (0)
[0] got a common coin at round (9,2) (0)
[0] got a common coin at round (11,2) (0)
[0] got a common coin at round (60,2) (0)
[0] got a common coin at round (42,2) (0)
[0] got a common coin at round (49,2) (0)
[0] got a common coin at round (4,2) (1)
[0] got a common coin at round (5,2) (0)
[0] got a common coin at round (31,2) (0)
[0] got a common coin at round (10,2) (1)
[0] got a common coin at round (14,2) (1)
[44] decides on 1 in round 2
[48] decides on 1 in round 2
[17] decides on 1 in round 2
[8] decides on 1 in round 2
[38] decides on 1 in round 2
[16] decides on 1 in round 2
[4] decides on 1 in round 2
[14] decides on 1 in round 2
[0] got a common coin at round (56,2) (1)
[0] got a common coin at round (52,2) (1)
[0] got a common coin at round (61,2) (1)
[0] got a common coin at round (57,2) (1)
[0] got a common coin at round (62,2) (1)
[0] got a common coin at round (51,2) (1)
[0] got a common coin at round (46,2) (0)
[0] got a common coin at round (58,2) (1)
[0] got a common coin at round (63,2) (1)
[0] got a common coin at round (59,2) (0)
[56] decides on 1 in round 2
[52] decides on 1 in round 2
[58] decides on 1 in round 2
[63] decides on 1 in round 2
[0] got a common coin at round (15,3) (0)
[0] got a common coin at round (31,3) (1)
[0] got a common coin at round (12,3) (1)
[0] got a common coin at round (28,3) (0)
[0] got a common coin at round (53,3) (0)
[0] got a common coin at round (38,3) (1)
[0] got a common coin at round (9,3) (0)
[0] got a common coin at round (17,3) (1)
[0] got a common coin at round (30,3) (1)
[0] got a common coin at round (11,3) (1)
[0] got a common coin at round (27,3) (0)
[0] got a common coin at round (47,3) (1)
[0] got a common coin at round (48,3) (0)
[0] got a common coin at round (18,3) (1)
[0] got a common coin at round (55,3) (0)
[0] got a common coin at round (26,3) (1)
[0] got a common coin at round (45,3) (0)
[0] got a common coin at round (29,3) (0)
[0] got a common coin at round (49,3) (0)
[0] got a common coin at round (20,3) (1)
[0] got a common coin at round (32,3) (0)
[0] got a common coin at round (8,3) (1)
[0] got a common coin at round (33,3) (0)
[0] got a common coin at round (25,3) (1)
[0] got a common coin at round (19,3) (0)
[0] got a common coin at round (4,3) (0)
[0] got a common coin at round (0,3) (1)
[0] got a common coin at round (35,3) (1)
[0] got a common coin at round (41,3) (0)
[0] got a common coin at round (36,3) (0)
[0] got a common coin at round (21,3) (1)
[0] got a common coin at round (54,3) (0)
[0] got a common coin at round (44,3) (1)
[0] got a common coin at round (42,3) (0)
[0] got a common coin at round (6,3) (0)
[0] got a common coin at round (40,3) (0)
[0] got a common coin at round (14,3) (0)
[0] got a common coin at round (16,3) (1)
[0] got a common coin at round (13,3) (0)
[0] got a common coin at round (60,3) (0)
[0] got a common coin at round (5,3) (0)
[31] decides on 1 in round 3
[30] decides on 1 in round 3
[26] decides on 1 in round 3
[20] decides on 1 in round 3
[35] decides on 1 in round 3
[21] decides on 1 in round 3
[0] got a common coin at round (56,3) (1)
[0] got a common coin at round (46,3) (0)
[0] got a common coin at round (52,3) (1)
[0] got a common coin at round (58,3) (0)
[0] got a common coin at round (59,3) (1)
[0] got a common coin at round (63,3) (0)
[0] got a common coin at round (15,4) (0)
[0] got a common coin at round (28,4) (1)
[0] got a common coin at round (13,4) (0)
[0] got a common coin at round (41,4) (1)
[0] got a common coin at round (4,4) (0)
[0] got a common coin at round (42,4) (1)
[0] got a common coin at round (60,4) (1)
[0] got a common coin at round (30,4) (0)
[0] got a common coin at round (27,4) (0)
[0] got a common coin at round (9,4) (0)
[0] got a common coin at round (54,4) (0)
[0] got a common coin at round (35,4) (0)
[0] got a common coin at round (6,4) (1)
[0] got a common coin at round (31,4) (1)
[0] got a common coin at round (49,4) (0)
[0] got a common coin at round (45,4) (0)
[0] got a common coin at round (36,4) (1)
[0] got a common coin at round (40,4) (0)
[0] got a common coin at round (19,4) (0)
[0] got a common coin at round (14,4) (1)
[0] got a common coin at round (55,4) (0)
[0] got a common coin at round (5,4) (1)
[0] got a common coin at round (53,4) (0)
[0] got a common coin at round (29,4) (1)
[0] got a common coin at round (20,4) (0)
[0] got a common coin at round (48,4) (0)
[0] got a common coin at round (21,4) (0)
[0] got a common coin at round (32,4) (0)
[0] got a common coin at round (26,4) (0)
[0] got a common coin at round (33,4) (1)
[29] decides on 1 in round 4
[33] decides on 1 in round 4
[0] got a common coin at round (46,4) (0)
[0] got a common coin at round (63,4) (1)
[0] got a common coin at round (58,4) (1)
[0] got a common coin at round (15,5) (1)
[0] got a common coin at round (29,5) (0)
[0] got a common coin at round (21,5) (0)
[0] got a common coin at round (45,5) (1)
[0] got a common coin at round (26,5) (0)
[0] got a common coin at round (32,5) (0)
[0] got a common coin at round (20,5) (1)
[0] got a common coin at round (40,5) (1)
[0] got a common coin at round (30,5) (0)
[0] got a common coin at round (35,5) (0)
[0] got a common coin at round (9,5) (0)
[0] got a common coin at round (13,5) (0)
[0] got a common coin at round (4,5) (1)
[0] got a common coin at round (54,5) (0)
[0] got a common coin at round (27,5) (1)
[0] got a common coin at round (55,5) (0)
[0] got a common coin at round (48,5) (1)
[0] got a common coin at round (33,5) (1)
[0] got a common coin at round (19,5) (1)
[0] got a common coin at round (53,5) (0)
[0] got a common coin at round (49,5) (1)
[27] decides on 1 in round 5
[49] decides on 1 in round 5
[0] got a common coin at round (46,5) (0)
[0] got a common coin at round (29,6) (1)
[0] got a common coin at round (21,6) (0)
[0] got a common coin at round (13,6) (0)
[0] got a common coin at round (54,6) (1)
[0] got a common coin at round (26,6) (1)
[0] got a common coin at round (30,6) (0)
[0] got a common coin at round (27,6) (1)
[0] got a common coin at round (55,6) (0)
[0] got a common coin at round (32,6) (0)
[0] got a common coin at round (35,6) (0)
[0] got a common coin at round (53,6) (1)
[0] got a common coin at round (49,6) (0)
[0] got a common coin at round (9,6) (0)
[0] got a common coin at round (46,6) (1)
[0] got a common coin at round (21,7) (1)
[0] got a common coin at round (32,7) (1)
[0] got a common coin at round (49,7) (0)
[0] got a common coin at round (55,7) (0)
[0] got a common coin at round (13,7) (0)
[0] got a common coin at round (9,7) (0)
[0] got a common coin at round (30,7) (1)
[0] got a common coin at round (35,7) (1)
[32] decides on 1 in round 7
[0] got a common coin at round (32,8) (1)
[0] got a common coin at round (55,8) (0)
[0] got a common coin at round (49,8) (0)
[0] got a common coin at round (13,8) (0)
[0] got a common coin at round (9,8) (0)
[0] got a common coin at round (55,9) (0)
[0] got a common coin at round (13,9) (0)
[0] got a common coin at round (49,9) (1)
[0] got a common coin at round (9,9) (1)
[9] decides on 1 in round 9
[0] synced transactions.
timestampE (0, 1447208261.947947)
[1] synced transactions.
timestampE (1, 1447208261.978636)
[2] synced transactions.
timestampE (2, 1447208262.009396)
[3] synced transactions.
timestampE (3, 1447208262.040230)
[4] synced transactions.
timestampE (4, 1447208262.070933)
[5] synced transactions.
timestampE (5, 1447208262.103290)
[6] synced transactions.
timestampE (6, 1447208262.133886)
[7] synced transactions.
timestampE (7, 1447208262.164790)
[8] synced transactions.
timestampE (8, 1447208262.195183)
[9] synced transactions.
timestampE (9, 1447208262.226020)
[10] synced transactions.
timestampE (10, 1447208262.256832)
[11] synced transactions.
timestampE (11, 1447208262.287500)
[12] synced transactions.
timestampE (12, 1447208262.318096)
[13] synced transactions.
timestampE (13, 1447208262.349410)
[14] synced transactions.
timestampE (14, 1447208262.379892)
[15] synced transactions.
timestampE (15, 1447208262.410500)
[16] synced transactions.
timestampE (16, 1447208262.440851)
[17] synced transactions.
timestampE (17, 1447208262.471515)
[18] synced transactions.
timestampE (18, 1447208262.501991)
[19] synced transactions.
timestampE (19, 1447208262.532919)
[20] synced transactions.
timestampE (20, 1447208262.563353)
[21] synced transactions.
timestampE (21, 1447208262.593845)
[22] synced transactions.
timestampE (22, 1447208262.624218)
[23] synced transactions.
timestampE (23, 1447208262.654958)
[24] synced transactions.
timestampE (24, 1447208262.685256)
[25] synced transactions.
timestampE (25, 1447208262.715689)
[26] synced transactions.
timestampE (26, 1447208262.746269)
[27] synced transactions.
timestampE (27, 1447208262.777000)
[28] synced transactions.
timestampE (28, 1447208262.807524)
[29] synced transactions.
timestampE (29, 1447208262.837900)
[30] synced transactions.
timestampE (30, 1447208262.868340)
[31] synced transactions.
timestampE (31, 1447208262.899069)
[32] synced transactions.
timestampE (32, 1447208262.929533)
[33] synced transactions.
timestampE (33, 1447208262.960348)
[34] synced transactions.
timestampE (34, 1447208262.990732)
[35] synced transactions.
timestampE (35, 1447208263.021217)
[36] synced transactions.
timestampE (36, 1447208263.051710)
[37] synced transactions.
timestampE (37, 1447208263.082301)
[38] synced transactions.
timestampE (38, 1447208263.112730)
[39] synced transactions.
timestampE (39, 1447208263.143475)
[40] synced transactions.
timestampE (40, 1447208263.174158)
[41] synced transactions.
timestampE (41, 1447208263.204650)
[42] synced transactions.
timestampE (42, 1447208263.235107)
[43] synced transactions.
timestampE (43, 1447208263.265817)
[44] synced transactions.
timestampE (44, 1447208263.296197)
[45] synced transactions.
timestampE (45, 1447208263.326758)
[46] synced transactions.
timestampE (46, 1447208263.357638)
[47] synced transactions.
timestampE (47, 1447208263.388773)
Concensus Finished
Entering atexit()
msgCounter 3747840
msgTypeCounter [[0, 0], [4096, 131411200], [262144, 357560832], [1081344, 10813440], [1069056, 10690560], [1069056, 284363712], [262144, 10485760]]
    Init      Echo      Val       Aux      Coin     Ready
    4096   262144   1081344   1069056   1069056    262144
131411200 357560832  10813440  10690560 284363712  10485760
Total Message size 805325504
