got 32768 TXs
timestampB (0, 1447189867.466693)
got 32766 TXs
timestampB (1, 1447189867.567237)
got 32768 TXs
timestampB (2, 1447189867.663478)
[0] got a common coin at round (2,1) (0)
[0] got a common coin at round (0,1) (0)
[0] got a common coin at round (2,1) (1)
got 32768 TXs
timestampB (3, 1447189883.329467)
[0] got a common coin at round (2,2) (1)
[0] got a common coin at round (0,2) (1)
[0] got a common coin at round (1,2) (1)
[0] synced transactions.
timestampE (0, 1447189891.087235)
[1] synced transactions.
timestampE (1, 1447189891.415164)
[2] synced transactions.
timestampE (2, 1447189891.755398)
Concensus Finished
Entering atexit()
msgCounter 352
msgTypeCounter [[0, 0], [16, 131071324], [48, 196608032], [96, 960], [72, 720], [72, 19152], [48, 1920]]
    Init      Echo      Val       Aux      Coin     Ready
      16       48        96        72        72        48
131071324 196608032       960       720     19152      1920
Total Message size 327702108
