got 128 TXs
timestampB (2, 1447193917.464464)
got 128 TXs
timestampB (4, 1447193917.465232)
got 128 TXs
timestampB (7, 1447193917.465984)
got 128 TXs
timestampB (5, 1447193917.466744)
got 128 TXs
timestampB (11, 1447193917.467485)
got 128 TXs
timestampB (3, 1447193917.468219)
got 128 TXs
timestampB (0, 1447193917.468968)
got 128 TXs
timestampB (6, 1447193917.469736)
got 128 TXs
timestampB (14, 1447193917.470470)
got 128 TXs
timestampB (15, 1447193917.471830)
got 128 TXs
timestampB (17, 1447193917.472575)
got 128 TXs
timestampB (8, 1447193917.473260)
got 128 TXs
timestampB (1, 1447193917.473995)
got 128 TXs
timestampB (13, 1447193917.474741)
got 128 TXs
timestampB (10, 1447193917.475483)
got 128 TXs
timestampB (20, 1447193917.476217)
got 128 TXs
timestampB (9, 1447193917.476955)
got 128 TXs
timestampB (18, 1447193917.477689)
got 128 TXs
timestampB (24, 1447193917.478428)
got 128 TXs
timestampB (16, 1447193917.479175)
got 128 TXs
timestampB (27, 1447193917.479908)
got 128 TXs
timestampB (28, 1447193917.480641)
got 128 TXs
timestampB (19, 1447193917.482080)
got 128 TXs
timestampB (12, 1447193917.669831)
got 128 TXs
timestampB (29, 1447193917.670626)
got 128 TXs
timestampB (22, 1447193917.671380)
got 128 TXs
timestampB (21, 1447193917.672126)
got 128 TXs
timestampB (25, 1447193917.672889)
got 128 TXs
timestampB (30, 1447193917.673633)
got 128 TXs
timestampB (23, 1447193917.674394)
got 128 TXs
timestampB (26, 1447193917.675156)
got 128 TXs
timestampB (31, 1447193917.675838)
[0] got a common coin at round (4,1) (1)
[0] got a common coin at round (29,1) (0)
[0] got a common coin at round (7,1) (1)
[0] got a common coin at round (29,1) (1)
[0] got a common coin at round (15,1) (0)
[0] got a common coin at round (2,1) (0)
[0] got a common coin at round (0,1) (1)
[0] got a common coin at round (28,1) (0)
[0] got a common coin at round (2,1) (0)
[0] got a common coin at round (2,1) (0)
[0] got a common coin at round (2,1) (1)
[0] got a common coin at round (9,1) (1)
[0] got a common coin at round (1,1) (0)
[0] got a common coin at round (0,1) (1)
[0] got a common coin at round (10,1) (0)
[0] got a common coin at round (19,1) (1)
[0] got a common coin at round (9,1) (1)
[0] got a common coin at round (27,1) (0)
[0] got a common coin at round (28,1) (1)
[0] got a common coin at round (24,1) (0)
[0] got a common coin at round (3,1) (1)
[0] got a common coin at round (31,1) (1)
[0] got a common coin at round (28,1) (0)
[0] got a common coin at round (2,1) (1)
[0] got a common coin at round (28,1) (1)
[0] got a common coin at round (6,1) (0)
[0] got a common coin at round (0,1) (0)
[0] got a common coin at round (6,1) (1)
[0] got a common coin at round (1,1) (0)
[0] got a common coin at round (1,1) (1)
[0] got a common coin at round (27,1) (0)
[0] got a common coin at round (22,1) (1)
[0] got a common coin at round (14,2) (1)
[0] got a common coin at round (25,2) (0)
[0] got a common coin at round (31,2) (0)
[0] got a common coin at round (15,2) (1)
[0] got a common coin at round (12,2) (1)
[0] got a common coin at round (16,2) (1)
[0] got a common coin at round (25,2) (1)
[0] got a common coin at round (23,2) (1)
[0] got a common coin at round (23,2) (1)
[0] got a common coin at round (6,2) (0)
[0] got a common coin at round (30,2) (0)
[0] got a common coin at round (0,2) (0)
[0] got a common coin at round (28,2) (0)
[0] got a common coin at round (5,2) (1)
[0] got a common coin at round (11,2) (0)
[0] got a common coin at round (22,2) (1)
[0] got a common coin at round (26,2) (1)
[0] got a common coin at round (19,2) (0)
[0] got a common coin at round (5,2) (1)
[0] got a common coin at round (7,2) (1)
[0] got a common coin at round (15,2) (1)
[0] got a common coin at round (31,2) (0)
[0] got a common coin at round (17,2) (1)
[0] got a common coin at round (29,2) (0)
[0] got a common coin at round (19,2) (1)
[0] got a common coin at round (14,2) (1)
[0] got a common coin at round (2,2) (1)
[0] got a common coin at round (21,2) (0)
[0] got a common coin at round (18,2) (0)
[0] got a common coin at round (31,2) (0)
[0] got a common coin at round (12,2) (0)
[0] got a common coin at round (0,2) (1)
[0] synced transactions.
timestampE (0, 1447193987.216349)
[1] synced transactions.
timestampE (1, 1447193987.226098)
[2] synced transactions.
timestampE (2, 1447193987.235765)
[3] synced transactions.
timestampE (3, 1447193987.245450)
[4] synced transactions.
timestampE (4, 1447193987.255076)
[5] synced transactions.
timestampE (5, 1447193987.264673)
[6] synced transactions.
timestampE (6, 1447193987.274218)
[7] synced transactions.
timestampE (7, 1447193987.283824)
[8] synced transactions.
timestampE (8, 1447193987.293441)
[9] synced transactions.
timestampE (9, 1447193987.303054)
[10] synced transactions.
timestampE (10, 1447193987.312651)
[11] synced transactions.
timestampE (11, 1447193987.323088)
[12] synced transactions.
timestampE (12, 1447193987.333323)
[13] synced transactions.
timestampE (13, 1447193987.343006)
[14] synced transactions.
timestampE (14, 1447193987.352614)
[15] synced transactions.
timestampE (15, 1447193987.362187)
[16] synced transactions.
timestampE (16, 1447193987.371853)
[17] synced transactions.
timestampE (17, 1447193987.381440)
[18] synced transactions.
timestampE (18, 1447193987.391028)
[19] synced transactions.
timestampE (19, 1447193987.400662)
[20] synced transactions.
timestampE (20, 1447193987.410273)
[21] synced transactions.
timestampE (21, 1447193987.419845)
[22] synced transactions.
timestampE (22, 1447193987.429411)
[23] synced transactions.
timestampE (23, 1447193987.439002)
Concensus Finished
Entering atexit()
msgCounter 279552
msgTypeCounter [[0, 0], [1024, 32852864], [32768, 83427168], [81920, 819200], [65536, 655360], [65536, 17432160], [32768, 1310720]]
    Init      Echo      Val       Aux      Coin     Ready
    1024    32768     81920     65536     65536     32768
32852864 83427168    819200    655360  17432160   1310720
Total Message size 136497472
