got 128 TXs
timestampB (2, 1447203896.507391)
got 128 TXs
timestampB (0, 1447203896.508526)
got 128 TXs
timestampB (1, 1447203896.509641)
got 128 TXs
timestampB (7, 1447203896.510720)
got 128 TXs
timestampB (6, 1447203896.511840)
got 128 TXs
timestampB (12, 1447203896.513455)
got 128 TXs
timestampB (4, 1447203896.514573)
got 128 TXs
timestampB (9, 1447203896.515622)
got 128 TXs
timestampB (11, 1447203896.516730)
got 128 TXs
timestampB (8, 1447203896.517839)
got 128 TXs
timestampB (5, 1447203896.518968)
got 128 TXs
timestampB (13, 1447203896.520020)
got 128 TXs
timestampB (15, 1447203896.521687)
got 128 TXs
timestampB (3, 1447203896.522799)
got 128 TXs
timestampB (20, 1447203896.523904)
got 128 TXs
timestampB (28, 1447203896.525013)
got 128 TXs
timestampB (27, 1447203896.526091)
got 128 TXs
timestampB (14, 1447203896.527201)
got 128 TXs
timestampB (24, 1447203896.528880)
got 128 TXs
timestampB (10, 1447203896.529986)
got 128 TXs
timestampB (26, 1447203896.531020)
got 128 TXs
timestampB (17, 1447203896.532059)
got 128 TXs
timestampB (25, 1447203896.533072)
got 128 TXs
timestampB (18, 1447203896.534084)
got 128 TXs
timestampB (30, 1447203896.535068)
got 128 TXs
timestampB (21, 1447203896.536619)
got 128 TXs
timestampB (19, 1447203896.537643)
got 128 TXs
timestampB (16, 1447203896.538667)
got 128 TXs
timestampB (22, 1447203896.539683)
got 128 TXs
timestampB (29, 1447203896.540650)
got 128 TXs
timestampB (38, 1447203896.541694)
got 128 TXs
timestampB (34, 1447203896.542715)
got 128 TXs
timestampB (23, 1447203896.544245)
got 128 TXs
timestampB (44, 1447203896.545211)
got 128 TXs
timestampB (32, 1447203896.546226)
got 128 TXs
timestampB (41, 1447203896.547272)
got 128 TXs
timestampB (31, 1447203896.548323)
got 128 TXs
timestampB (47, 1447203896.549312)
got 128 TXs
timestampB (39, 1447203896.550324)
got 128 TXs
timestampB (35, 1447203896.551866)
got 128 TXs
timestampB (33, 1447203896.552888)
got 128 TXs
timestampB (40, 1447203896.553917)
got 128 TXs
timestampB (49, 1447203896.554908)
got 128 TXs
timestampB (43, 1447203896.555920)
got 128 TXs
timestampB (52, 1447203896.556940)
got 128 TXs
timestampB (53, 1447203896.558503)
got 128 TXs
timestampB (45, 1447203896.573042)
got 128 TXs
timestampB (46, 1447203896.574068)
got 128 TXs
timestampB (42, 1447203896.575128)
got 128 TXs
timestampB (36, 1447203896.576171)
got 128 TXs
timestampB (54, 1447203896.577150)
got 128 TXs
timestampB (37, 1447203896.578176)
got 128 TXs
timestampB (57, 1447203896.579194)
got 128 TXs
timestampB (58, 1447203896.580740)
got 128 TXs
timestampB (50, 1447203896.581771)
got 128 TXs
timestampB (60, 1447203896.582744)
got 128 TXs
timestampB (55, 1447203896.583756)
got 128 TXs
timestampB (51, 1447203896.584794)
got 128 TXs
timestampB (63, 1447203896.966784)
got 128 TXs
timestampB (62, 1447203896.967828)
got 128 TXs
timestampB (48, 1447203896.968884)
got 128 TXs
timestampB (56, 1447203896.969910)
got 128 TXs
timestampB (61, 1447203896.971497)
got 128 TXs
timestampB (59, 1447203897.024343)
[0] got a common coin at round (9,1) (0)
[0] got a common coin at round (55,1) (0)
[0] got a common coin at round (16,1) (1)
[0] got a common coin at round (13,1) (0)
[0] got a common coin at round (6,1) (1)
[0] got a common coin at round (42,1) (1)
[0] got a common coin at round (52,1) (1)
[0] got a common coin at round (23,1) (0)
[0] got a common coin at round (1,1) (0)
[0] got a common coin at round (36,1) (0)
[0] got a common coin at round (40,1) (1)
[0] got a common coin at round (44,1) (0)
[0] got a common coin at round (5,1) (0)
[0] got a common coin at round (4,1) (0)
[0] got a common coin at round (43,1) (0)
[0] got a common coin at round (38,1) (0)
[0] got a common coin at round (51,1) (0)
[0] got a common coin at round (32,1) (1)
[0] got a common coin at round (3,1) (1)
[0] got a common coin at round (35,1) (0)
[0] got a common coin at round (26,1) (0)
[0] got a common coin at round (39,1) (1)
[0] got a common coin at round (2,1) (0)
[0] got a common coin at round (41,1) (1)
[0] got a common coin at round (57,1) (1)
[0] got a common coin at round (33,1) (0)
[0] got a common coin at round (47,1) (1)
[0] got a common coin at round (27,1) (0)
[0] got a common coin at round (12,1) (0)
[0] got a common coin at round (24,1) (0)
[0] got a common coin at round (17,1) (0)
[0] got a common coin at round (11,1) (0)
[0] got a common coin at round (8,1) (1)
[0] got a common coin at round (58,1) (0)
[0] got a common coin at round (14,1) (0)
[0] got a common coin at round (30,1) (1)
[0] got a common coin at round (34,1) (1)
[0] got a common coin at round (10,1) (1)
[0] got a common coin at round (20,1) (1)
[0] got a common coin at round (45,1) (1)
[0] got a common coin at round (29,1) (1)
[0] got a common coin at round (18,1) (0)
[0] got a common coin at round (25,1) (0)
[0] got a common coin at round (37,1) (1)
[0] got a common coin at round (46,1) (0)
[0] got a common coin at round (60,1) (0)
[0] got a common coin at round (7,1) (0)
[0] got a common coin at round (22,1) (1)
[0] got a common coin at round (53,1) (0)
[0] got a common coin at round (31,1) (1)
[0] got a common coin at round (28,1) (1)
[0] got a common coin at round (15,1) (0)
[0] got a common coin at round (49,1) (0)
[0] got a common coin at round (54,1) (0)
[0] got a common coin at round (0,1) (0)
[0] got a common coin at round (50,1) (1)
[0] got a common coin at round (21,1) (1)
[0] got a common coin at round (19,1) (1)
[16] decides on 1 in round 1
[6] decides on 1 in round 1
[42] decides on 1 in round 1
[52] decides on 1 in round 1
[40] decides on 1 in round 1
[32] decides on 1 in round 1
[3] decides on 1 in round 1
[39] decides on 1 in round 1
[41] decides on 1 in round 1
[57] decides on 1 in round 1
[47] decides on 1 in round 1
[8] decides on 1 in round 1
[30] decides on 1 in round 1
[34] decides on 1 in round 1
[10] decides on 1 in round 1
[20] decides on 1 in round 1
[45] decides on 1 in round 1
[29] decides on 1 in round 1
[37] decides on 1 in round 1
[22] decides on 1 in round 1
[31] decides on 1 in round 1
[28] decides on 1 in round 1
[50] decides on 1 in round 1
[21] decides on 1 in round 1
[19] decides on 1 in round 1
[0] got a common coin at round (61,1) (1)
[0] got a common coin at round (59,1) (1)
[0] got a common coin at round (63,1) (1)
[0] got a common coin at round (62,1) (0)
[0] got a common coin at round (56,1) (0)
[0] got a common coin at round (48,1) (1)
[61] decides on 1 in round 1
[59] decides on 1 in round 1
[63] decides on 1 in round 1
[48] decides on 1 in round 1
[0] got a common coin at round (9,2) (1)
[0] got a common coin at round (11,2) (0)
[0] got a common coin at round (43,2) (0)
[0] got a common coin at round (24,2) (0)
[0] got a common coin at round (60,2) (0)
[0] got a common coin at round (54,2) (0)
[0] got a common coin at round (18,2) (1)
[0] got a common coin at round (28,2) (0)
[0] got a common coin at round (20,2) (1)
[0] got a common coin at round (58,2) (1)
[0] got a common coin at round (45,2) (1)
[0] got a common coin at round (50,2) (1)
[0] got a common coin at round (41,2) (0)
[0] got a common coin at round (25,2) (1)
[0] got a common coin at round (40,2) (1)
[0] got a common coin at round (8,2) (0)
[0] got a common coin at round (23,2) (1)
[0] got a common coin at round (17,2) (1)
[0] got a common coin at round (0,2) (0)
[0] got a common coin at round (2,2) (1)
[0] got a common coin at round (46,2) (0)
[0] got a common coin at round (21,2) (1)
[0] got a common coin at round (22,2) (1)
[0] got a common coin at round (3,2) (1)
[0] got a common coin at round (51,2) (1)
[0] got a common coin at round (39,2) (1)
[0] got a common coin at round (33,2) (1)
[0] got a common coin at round (57,2) (0)
[0] got a common coin at round (55,2) (0)
[0] got a common coin at round (1,2) (1)
[0] got a common coin at round (44,2) (1)
[0] got a common coin at round (7,2) (1)
[0] got a common coin at round (34,2) (1)
[0] got a common coin at round (35,2) (1)
[0] got a common coin at round (29,2) (0)
[0] got a common coin at round (26,2) (0)
[0] got a common coin at round (27,2) (0)
[0] got a common coin at round (36,2) (1)
[0] got a common coin at round (52,2) (1)
[0] got a common coin at round (10,2) (1)
[0] got a common coin at round (38,2) (0)
[0] got a common coin at round (5,2) (0)
[0] got a common coin at round (53,2) (1)
[0] got a common coin at round (37,2) (0)
[0] got a common coin at round (49,2) (1)
[0] got a common coin at round (32,2) (0)
[0] got a common coin at round (6,2) (1)
[0] got a common coin at round (30,2) (1)
[0] got a common coin at round (47,2) (0)
[0] got a common coin at round (19,2) (1)
[0] got a common coin at round (13,2) (1)
[0] got a common coin at round (42,2) (1)
[0] got a common coin at round (4,2) (1)
[0] got a common coin at round (15,2) (0)
[0] got a common coin at round (16,2) (0)
[0] got a common coin at round (14,2) (0)
[0] got a common coin at round (31,2) (1)
[0] got a common coin at round (12,2) (1)
[9] decides on 1 in round 2
[18] decides on 1 in round 2
[58] decides on 1 in round 2
[25] decides on 1 in round 2
[23] decides on 1 in round 2
[17] decides on 1 in round 2
[2] decides on 1 in round 2
[51] decides on 1 in round 2
[33] decides on 1 in round 2
[1] decides on 1 in round 2
[44] decides on 1 in round 2
[7] decides on 1 in round 2
[35] decides on 1 in round 2
[36] decides on 1 in round 2
[53] decides on 1 in round 2
[49] decides on 1 in round 2
[13] decides on 1 in round 2
[4] decides on 1 in round 2
[12] decides on 1 in round 2
[0] got a common coin at round (61,2) (1)
[0] got a common coin at round (63,2) (0)
[0] got a common coin at round (56,2) (1)
[0] got a common coin at round (59,2) (1)
[0] got a common coin at round (48,2) (0)
[0] got a common coin at round (62,2) (0)
[56] decides on 1 in round 2
[0] got a common coin at round (9,3) (0)
[0] got a common coin at round (47,3) (0)
[0] got a common coin at round (54,3) (0)
[0] got a common coin at round (7,3) (0)
[0] got a common coin at round (8,3) (0)
[0] got a common coin at round (25,3) (1)
[0] got a common coin at round (60,3) (1)
[0] got a common coin at round (24,3) (1)
[0] got a common coin at round (46,3) (0)
[0] got a common coin at round (27,3) (1)
[0] got a common coin at round (17,3) (0)
[0] got a common coin at round (35,3) (0)
[0] got a common coin at round (41,3) (0)
[0] got a common coin at round (0,3) (1)
[0] got a common coin at round (26,3) (0)
[0] got a common coin at round (57,3) (0)
[0] got a common coin at round (32,3) (0)
[0] got a common coin at round (58,3) (1)
[0] got a common coin at round (4,3) (0)
[0] got a common coin at round (49,3) (0)
[0] got a common coin at round (37,3) (0)
[0] got a common coin at round (43,3) (1)
[0] got a common coin at round (29,3) (0)
[0] got a common coin at round (13,3) (1)
[0] got a common coin at round (16,3) (0)
[0] got a common coin at round (38,3) (0)
[0] got a common coin at round (2,3) (1)
[0] got a common coin at round (51,3) (0)
[0] got a common coin at round (33,3) (1)
[0] got a common coin at round (18,3) (1)
[0] got a common coin at round (14,3) (0)
[0] got a common coin at round (53,3) (0)
[0] got a common coin at round (5,3) (1)
[0] got a common coin at round (36,3) (1)
[0] got a common coin at round (44,3) (1)
[0] got a common coin at round (28,3) (0)
[0] got a common coin at round (55,3) (1)
[0] got a common coin at round (11,3) (1)
[0] got a common coin at round (23,3) (0)
[0] got a common coin at round (1,3) (1)
[0] got a common coin at round (15,3) (0)
[0] got a common coin at round (12,3) (1)
[60] decides on 1 in round 3
[24] decides on 1 in round 3
[27] decides on 1 in round 3
[0] decides on 1 in round 3
[43] decides on 1 in round 3
[5] decides on 1 in round 3
[55] decides on 1 in round 3
[11] decides on 1 in round 3
[0] got a common coin at round (63,3) (0)
[0] got a common coin at round (48,3) (0)
[0] got a common coin at round (62,3) (1)
[0] got a common coin at round (56,3) (1)
[62] decides on 1 in round 3
[0] got a common coin at round (9,4) (1)
[0] got a common coin at round (16,4) (1)
[0] got a common coin at round (11,4) (1)
[0] got a common coin at round (32,4) (1)
[0] got a common coin at round (8,4) (0)
[0] got a common coin at round (35,4) (0)
[0] got a common coin at round (23,4) (0)
[0] got a common coin at round (0,4) (0)
[0] got a common coin at round (49,4) (0)
[0] got a common coin at round (51,4) (0)
[0] got a common coin at round (5,4) (0)
[0] got a common coin at round (29,4) (1)
[0] got a common coin at round (60,4) (1)
[0] got a common coin at round (4,4) (0)
[0] got a common coin at round (38,4) (1)
[0] got a common coin at round (24,4) (1)
[0] got a common coin at round (41,4) (0)
[0] got a common coin at round (37,4) (1)
[0] got a common coin at round (53,4) (1)
[0] got a common coin at round (46,4) (0)
[0] got a common coin at round (28,4) (1)
[0] got a common coin at round (15,4) (1)
[0] got a common coin at round (54,4) (0)
[0] got a common coin at round (27,4) (1)
[0] got a common coin at round (47,4) (0)
[0] got a common coin at round (57,4) (1)
[0] got a common coin at round (7,4) (1)
[0] got a common coin at round (26,4) (1)
[0] got a common coin at round (17,4) (0)
[0] got a common coin at round (55,4) (1)
[0] got a common coin at round (43,4) (1)
[0] got a common coin at round (14,4) (1)
[38] decides on 1 in round 4
[15] decides on 1 in round 4
[26] decides on 1 in round 4
[14] decides on 1 in round 4
[0] got a common coin at round (63,4) (0)
[0] got a common coin at round (48,4) (1)
[0] got a common coin at round (62,4) (0)
[0] got a common coin at round (8,5) (1)
[0] got a common coin at round (35,5) (1)
[0] got a common coin at round (47,5) (1)
[0] got a common coin at round (0,5) (0)
[0] got a common coin at round (23,5) (0)
[0] got a common coin at round (5,5) (0)
[0] got a common coin at round (26,5) (1)
[0] got a common coin at round (38,5) (0)
[0] got a common coin at round (17,5) (0)
[0] got a common coin at round (4,5) (0)
[0] got a common coin at round (49,5) (0)
[0] got a common coin at round (51,5) (0)
[0] got a common coin at round (46,5) (0)
[0] got a common coin at round (15,5) (1)
[0] got a common coin at round (41,5) (0)
[0] got a common coin at round (14,5) (0)
[0] got a common coin at round (54,5) (0)
[0] got a common coin at round (63,5) (1)
[0] got a common coin at round (62,5) (0)
[0] got a common coin at round (0,6) (0)
[0] got a common coin at round (17,6) (1)
[0] got a common coin at round (23,6) (0)
[0] got a common coin at round (5,6) (1)
[0] got a common coin at round (54,6) (0)
[0] got a common coin at round (46,6) (1)
[0] got a common coin at round (4,6) (1)
[0] got a common coin at round (49,6) (0)
[0] got a common coin at round (38,6) (1)
[0] got a common coin at round (51,6) (1)
[0] got a common coin at round (41,6) (1)
[0] got a common coin at round (14,6) (0)
[46] decides on 1 in round 6
[0] got a common coin at round (62,6) (0)
[0] got a common coin at round (0,7) (1)
[0] got a common coin at round (49,7) (1)
[0] got a common coin at round (23,7) (1)
[0] got a common coin at round (46,7) (0)
[0] got a common coin at round (14,7) (1)
[0] got a common coin at round (54,7) (1)
[54] decides on 1 in round 7
[0] got a common coin at round (62,7) (1)
[0] synced transactions.
timestampE (0, 1447204970.617913)
[1] synced transactions.
timestampE (1, 1447204970.649113)
[2] synced transactions.
timestampE (2, 1447204970.680309)
[3] synced transactions.
timestampE (3, 1447204970.711942)
[4] synced transactions.
timestampE (4, 1447204970.742864)
[5] synced transactions.
timestampE (5, 1447204970.773756)
[6] synced transactions.
timestampE (6, 1447204970.804741)
[7] synced transactions.
timestampE (7, 1447204970.835854)
[8] synced transactions.
timestampE (8, 1447204970.866765)
[9] synced transactions.
timestampE (9, 1447204970.897637)
[10] synced transactions.
timestampE (10, 1447204970.928599)
[11] synced transactions.
timestampE (11, 1447204970.959538)
[12] synced transactions.
timestampE (12, 1447204970.990246)
[13] synced transactions.
timestampE (13, 1447204971.020866)
[14] synced transactions.
timestampE (14, 1447204971.051595)
[15] synced transactions.
timestampE (15, 1447204971.082508)
[16] synced transactions.
timestampE (16, 1447204971.113296)
[17] synced transactions.
timestampE (17, 1447204971.144137)
[18] synced transactions.
timestampE (18, 1447204971.175032)
[19] synced transactions.
timestampE (19, 1447204971.205782)
[20] synced transactions.
timestampE (20, 1447204971.236532)
[21] synced transactions.
timestampE (21, 1447204971.267202)
[22] synced transactions.
timestampE (22, 1447204971.297932)
[23] synced transactions.
timestampE (23, 1447204971.328806)
[24] synced transactions.
timestampE (24, 1447204971.359656)
[25] synced transactions.
timestampE (25, 1447204971.390221)
[26] synced transactions.
timestampE (26, 1447204971.420892)
[27] synced transactions.
timestampE (27, 1447204971.451612)
[28] synced transactions.
timestampE (28, 1447204971.482254)
[29] synced transactions.
timestampE (29, 1447204971.512876)
[30] synced transactions.
timestampE (30, 1447204971.543772)
[31] synced transactions.
timestampE (31, 1447204971.574466)
[32] synced transactions.
timestampE (32, 1447204971.605086)
[33] synced transactions.
timestampE (33, 1447204971.635755)
[34] synced transactions.
timestampE (34, 1447204971.666427)
[35] synced transactions.
timestampE (35, 1447204971.697116)
[36] synced transactions.
timestampE (36, 1447204971.728326)
[37] synced transactions.
timestampE (37, 1447204971.759110)
[38] synced transactions.
timestampE (38, 1447204971.789996)
[39] synced transactions.
timestampE (39, 1447204971.820795)
[40] synced transactions.
timestampE (40, 1447204971.851511)
[41] synced transactions.
timestampE (41, 1447204971.882234)
[42] synced transactions.
timestampE (42, 1447204971.913018)
[43] synced transactions.
timestampE (43, 1447204971.943808)
[44] synced transactions.
timestampE (44, 1447204971.974916)
[45] synced transactions.
timestampE (45, 1447204972.005798)
[46] synced transactions.
timestampE (46, 1447204972.036629)
[47] synced transactions.
timestampE (47, 1447204972.067392)
Concensus Finished
Entering atexit()
msgCounter 3584000
msgTypeCounter [[0, 0], [4096, 131411776], [262144, 357567040], [1024000, 10240000], [1015808, 10158080], [1015808, 270199168], [262144, 10485760]]
    Init      Echo      Val       Aux      Coin     Ready
    4096   262144   1024000   1015808   1015808    262144
131411776 357567040  10240000  10158080 270199168  10485760
Total Message size 790061824
