got 4096 TXs
timestampB (0, 1447189782.936545)
got 4096 TXs
timestampB (1, 1447189782.948757)
got 4096 TXs
timestampB (2, 1447189782.959954)
[0] got a common coin at round (1,1) (0)
[0] got a common coin at round (2,1) (1)
[0] got a common coin at round (1,1) (0)
got 4096 TXs
timestampB (3, 1447189784.977595)
[0] got a common coin at round (1,2) (1)
[0] got a common coin at round (0,2) (1)
[0] got a common coin at round (1,2) (1)
[0] synced transactions.
timestampE (0, 1447189785.951369)
[1] synced transactions.
timestampE (1, 1447189785.988698)
[2] synced transactions.
timestampE (2, 1447189786.025933)
Concensus Finished
Entering atexit()
msgCounter 352
msgTypeCounter [[0, 0], [16, 16385336], [48, 24580020], [96, 960], [72, 720], [72, 19152], [48, 1920]]
    Init      Echo      Val       Aux      Coin     Ready
      16       48        96        72        72        48
16385336 24580020       960       720     19152      1920
Total Message size 40988108
