got 128 TXs
timestampB (2, 1447209503.716748)
got 128 TXs
timestampB (6, 1447209503.717323)
got 128 TXs
timestampB (3, 1447209503.717970)
got 128 TXs
timestampB (11, 1447209503.718546)
got 128 TXs
timestampB (4, 1447209503.719151)
got 128 TXs
timestampB (0, 1447209503.719708)
got 128 TXs
timestampB (1, 1447209503.720815)
got 128 TXs
timestampB (12, 1447209503.721363)
got 128 TXs
timestampB (7, 1447209503.881925)
got 128 TXs
timestampB (5, 1447209503.882579)
got 128 TXs
timestampB (8, 1447209503.883152)
got 128 TXs
timestampB (15, 1447209503.883800)
got 128 TXs
timestampB (10, 1447209503.884369)
got 128 TXs
timestampB (9, 1447209503.885009)
got 128 TXs
timestampB (14, 1447209503.885563)
got 128 TXs
timestampB (13, 1447209503.886178)
[0] got a common coin at round (2,1) (0)
[0] got a common coin at round (12,1) (0)
[0] got a common coin at round (11,1) (1)
[0] got a common coin at round (6,1) (1)
[0] got a common coin at round (4,1) (0)
[0] got a common coin at round (0,1) (1)
[0] got a common coin at round (1,1) (0)
[0] got a common coin at round (3,1) (0)
[11] decides on 1 in round 1
[6] decides on 1 in round 1
[0] decides on 1 in round 1
[0] got a common coin at round (5,1) (0)
[0] got a common coin at round (7,1) (1)
[0] got a common coin at round (14,1) (1)
[0] got a common coin at round (8,1) (1)
[0] got a common coin at round (9,1) (0)
[0] got a common coin at round (10,1) (1)
[0] got a common coin at round (15,1) (1)
[0] got a common coin at round (13,1) (0)
[7] decides on 1 in round 1
[14] decides on 1 in round 1
[8] decides on 1 in round 1
[10] decides on 1 in round 1
[15] decides on 1 in round 1
[0] got a common coin at round (2,2) (0)
[0] got a common coin at round (12,2) (1)
[0] got a common coin at round (6,2) (0)
[0] got a common coin at round (1,2) (1)
[0] got a common coin at round (3,2) (1)
[0] got a common coin at round (4,2) (1)
[0] got a common coin at round (0,2) (0)
[0] got a common coin at round (11,2) (0)
[12] decides on 1 in round 2
[1] decides on 1 in round 2
[3] decides on 1 in round 2
[4] decides on 1 in round 2
[0] got a common coin at round (5,2) (0)
[0] got a common coin at round (9,2) (0)
[0] got a common coin at round (13,2) (0)
[0] got a common coin at round (10,2) (0)
[0] got a common coin at round (15,2) (0)
[0] got a common coin at round (14,2) (1)
[0] got a common coin at round (7,2) (1)
[0] got a common coin at round (8,2) (1)
[0] got a common coin at round (2,3) (1)
[2] decides on 1 in round 3
[0] got a common coin at round (12,3) (1)
[0] got a common coin at round (4,3) (0)
[0] got a common coin at round (0,3) (1)
[0] got a common coin at round (11,3) (1)
[0] got a common coin at round (6,3) (1)
[0] got a common coin at round (1,3) (0)
[0] got a common coin at round (3,3) (0)
[0] got a common coin at round (5,3) (1)
[0] got a common coin at round (15,3) (0)
[0] got a common coin at round (9,3) (1)
[0] got a common coin at round (13,3) (1)
[0] got a common coin at round (10,3) (1)
[5] decides on 1 in round 3
[9] decides on 1 in round 3
[13] decides on 1 in round 3
[0] synced transactions.
timestampE (0, 1447209515.311784)
[1] synced transactions.
timestampE (1, 1447209515.317907)
[2] synced transactions.
timestampE (2, 1447209515.324038)
[3] synced transactions.
timestampE (3, 1447209515.330144)
[4] synced transactions.
timestampE (4, 1447209515.336222)
[5] synced transactions.
timestampE (5, 1447209515.342258)
[6] synced transactions.
timestampE (6, 1447209515.348276)
[7] synced transactions.
timestampE (7, 1447209515.354311)
[8] synced transactions.
timestampE (8, 1447209515.360315)
[9] synced transactions.
timestampE (9, 1447209515.366341)
[10] synced transactions.
timestampE (10, 1447209515.372427)
[11] synced transactions.
timestampE (11, 1447209515.378477)
Concensus Finished
Entering atexit()
msgCounter 45056
msgTypeCounter [[0, 0], [256, 8213264], [4096, 19070864], [13568, 135680], [11520, 115200], [11520, 3064208], [4096, 163840]]
    Init      Echo      Val       Aux      Coin     Ready
     256     4096     13568     11520     11520      4096
 8213264 19070864    135680    115200   3064208    163840
Total Message size 30763056
