got 16384 TXs
timestampB (0, 1447189830.219976)
got 16384 TXs
timestampB (1, 1447189830.265419)
got 16384 TXs
timestampB (2, 1447189830.309243)
[0] got a common coin at round (2,1) (1)
[0] got a common coin at round (0,1) (0)
[0] got a common coin at round (1,1) (0)
got 16384 TXs
timestampB (3, 1447189837.972834)
[0] got a common coin at round (1,2) (1)
[0] got a common coin at round (1,2) (1)
[0] got a common coin at round (2,2) (1)
[0] synced transactions.
timestampE (0, 1447189841.863760)
[1] synced transactions.
timestampE (1, 1447189842.021464)
[2] synced transactions.
timestampE (2, 1447189842.176899)
Concensus Finished
Entering atexit()
msgCounter 352
msgTypeCounter [[0, 0], [16, 65537336], [48, 98308024], [96, 960], [72, 720], [72, 19152], [48, 1920]]
    Init      Echo      Val       Aux      Coin     Ready
      16       48        96        72        72        48
65537336 98308024       960       720     19152      1920
Total Message size 163868112
