got 8192 TXs
timestampB (0, 1447189805.266727)
got 8192 TXs
timestampB (1, 1447189805.289000)
got 8192 TXs
timestampB (2, 1447189805.311229)
[0] got a common coin at round (1,1) (1)
[0] got a common coin at round (2,1) (0)
[0] got a common coin at round (0,1) (0)
got 8192 TXs
timestampB (3, 1447189809.202899)
[0] got a common coin at round (1,2) (1)
[0] got a common coin at round (0,2) (1)
[0] got a common coin at round (0,2) (1)
[0] synced transactions.
timestampE (0, 1447189811.101383)
[1] synced transactions.
timestampE (1, 1447189811.178784)
[2] synced transactions.
timestampE (2, 1447189811.255965)
Concensus Finished
Entering atexit()
msgCounter 352
msgTypeCounter [[0, 0], [16, 32769328], [48, 49156032], [96, 960], [72, 720], [72, 19152], [48, 1920]]
    Init      Echo      Val       Aux      Coin     Ready
      16       48        96        72        72        48
32769328 49156032       960       720     19152      1920
Total Message size 81948112
