got 128 TXs
timestampB (3, 1447209781.792570)
got 128 TXs
timestampB (2, 1447209781.793077)
got 128 TXs
timestampB (1, 1447209781.815380)
got 128 TXs
timestampB (0, 1447209781.815807)
[0] got a common coin at round (3,1) (1)
[3] decides on 1 in round 1
[0] got a common coin at round (2,1) (1)
[2] decides on 1 in round 1
[0] got a common coin at round (0,1) (0)
[0] got a common coin at round (1,1) (0)
[0] got a common coin at round (3,2) (1)
[0] got a common coin at round (2,2) (1)
[0] got a common coin at round (0,2) (1)
[0] got a common coin at round (1,2) (0)
[0] decides on 1 in round 2
[0] got a common coin at round (0,3) (0)
[0] got a common coin at round (1,3) (0)
[0] got a common coin at round (0,4) (1)
[0] got a common coin at round (1,4) (0)
[0] got a common coin at round (1,5) (1)
[1] decides on 1 in round 5
[0] synced transactions.
timestampE (0, 1447209782.234537)
[1] synced transactions.
timestampE (1, 1447209782.236578)
[2] synced transactions.
timestampE (2, 1447209782.238094)
Concensus Finished
Entering atexit()
msgCounter 784
msgTypeCounter [[0, 0], [16, 513320], [64, 1029368], [224, 2240], [208, 2080], [208, 55324], [64, 2560]]
    Init      Echo      Val       Aux      Coin     Ready
      16       64       224       208       208        64
  513320  1029368      2240      2080     55324      2560
Total Message size 1604892
