got 16384 TXs
timestampB (0, 1447190622.249743)
got 16384 TXs
timestampB (1, 1447190622.297389)
got 16384 TXs
timestampB (2, 1447190622.342670)
got 16384 TXs
timestampB (3, 1447190622.387759)
got 16384 TXs
timestampB (4, 1447190622.436688)
got 16384 TXs
timestampB (5, 1447190622.481812)
got 16384 TXs
timestampB (6, 1447190622.527623)
got 16383 TXs
timestampB (7, 1447190631.049787)
[0] got a common coin at round (4,1) (0)
[0] got a common coin at round (4,1) (0)
[0] got a common coin at round (6,1) (0)
[0] got a common coin at round (6,1) (0)
[0] got a common coin at round (2,1) (0)
[0] got a common coin at round (2,1) (1)
[0] got a common coin at round (5,1) (1)
[0] got a common coin at round (2,1) (1)
[0] got a common coin at round (5,2) (1)
[0] got a common coin at round (6,2) (0)
[0] got a common coin at round (2,2) (1)
[0] got a common coin at round (6,2) (1)
[0] got a common coin at round (6,2) (1)
[0] got a common coin at round (4,2) (1)
[0] got a common coin at round (0,2) (0)
[0] synced transactions.
timestampE (0, 1447190678.595305)
[1] synced transactions.
timestampE (1, 1447190678.978426)
[2] synced transactions.
timestampE (2, 1447190679.358184)
[3] synced transactions.
timestampE (3, 1447190679.735339)
[4] synced transactions.
timestampE (4, 1447190680.115051)
[5] synced transactions.
timestampE (5, 1447190680.492019)
Concensus Finished
Entering atexit()
msgCounter 4160
msgTypeCounter [[0, 0], [64, 262147328], [512, 524327040], [1248, 12480], [912, 9120], [912, 242592], [512, 20480]]
    Init      Echo      Val       Aux      Coin     Ready
      64      512      1248       912       912       512
262147328 524327040     12480      9120    242592     20480
Total Message size 786759040
