got 32768 TXs
timestampB (0, 1447190945.060439)
got 32768 TXs
timestampB (1, 1447190945.162515)
got 32768 TXs
timestampB (2, 1447190945.260478)
got 32768 TXs
timestampB (3, 1447190945.358903)
got 32767 TXs
timestampB (4, 1447190945.464208)
got 32768 TXs
timestampB (5, 1447190945.562032)
got 32768 TXs
timestampB (6, 1447190945.660210)
got 32767 TXs
timestampB (7, 1447190963.187228)
[0] got a common coin at round (4,1) (0)
[0] got a common coin at round (1,1) (0)
[0] got a common coin at round (5,1) (1)
[0] got a common coin at round (0,1) (0)
[0] got a common coin at round (5,1) (0)
[0] got a common coin at round (1,1) (1)
[0] got a common coin at round (2,1) (0)
[0] got a common coin at round (2,1) (1)
[0] got a common coin at round (5,2) (1)
[0] got a common coin at round (4,2) (1)
[0] got a common coin at round (2,2) (0)
[0] got a common coin at round (2,2) (1)
[0] got a common coin at round (3,2) (1)
[0] got a common coin at round (6,2) (0)
[0] got a common coin at round (6,2) (1)
[0] synced transactions.
timestampE (0, 1447191055.949402)
[1] synced transactions.
timestampE (1, 1447191056.775193)
[2] synced transactions.
timestampE (2, 1447191057.600373)
[3] synced transactions.
timestampE (3, 1447191058.415929)
[4] synced transactions.
timestampE (4, 1447191059.226608)
[5] synced transactions.
timestampE (5, 1447191060.019255)
Concensus Finished
Entering atexit()
msgCounter 4160
msgTypeCounter [[0, 0], [64, 524289304], [512, 1048611120], [1248, 12480], [912, 9120], [912, 242592], [512, 20480]]
    Init      Echo      Val       Aux      Coin     Ready
      64      512      1248       912       912       512
524289304 1048611120     12480      9120    242592     20480
Total Message size 1573185096
