got 128 TXs
timestampB (0, 1447209665.288020)
got 128 TXs
timestampB (3, 1447209665.288590)
got 128 TXs
timestampB (5, 1447209665.289109)
got 128 TXs
timestampB (1, 1447209665.289612)
got 128 TXs
timestampB (6, 1447209665.340768)
got 128 TXs
timestampB (7, 1447209665.341251)
got 128 TXs
timestampB (2, 1447209665.341713)
got 128 TXs
timestampB (4, 1447209665.342193)
[0] got a common coin at round (0,1) (1)
[0] decides on 1 in round 1
[0] got a common coin at round (1,1) (1)
[0] got a common coin at round (5,1) (0)
[0] got a common coin at round (3,1) (0)
[1] decides on 1 in round 1
[0] got a common coin at round (7,1) (1)
[0] got a common coin at round (6,1) (0)
[0] got a common coin at round (2,1) (0)
[0] got a common coin at round (4,1) (0)
[7] decides on 1 in round 1
[0] got a common coin at round (0,2) (0)
[0] got a common coin at round (1,2) (0)
[0] got a common coin at round (5,2) (0)
[0] got a common coin at round (3,2) (0)
[0] got a common coin at round (7,2) (0)
[0] got a common coin at round (4,2) (0)
[0] got a common coin at round (2,2) (0)
[0] got a common coin at round (6,2) (1)
[6] decides on 1 in round 2
[0] got a common coin at round (0,3) (0)
[0] got a common coin at round (1,3) (1)
[0] got a common coin at round (3,3) (1)
[0] got a common coin at round (5,3) (0)
[3] decides on 1 in round 3
[0] got a common coin at round (7,3) (0)
[0] got a common coin at round (4,3) (1)
[0] got a common coin at round (6,3) (1)
[0] got a common coin at round (2,3) (1)
[4] decides on 1 in round 3
[2] decides on 1 in round 3
[0] got a common coin at round (0,4) (0)
[0] got a common coin at round (3,4) (0)
[0] got a common coin at round (5,4) (0)
[0] got a common coin at round (7,4) (1)
[0] got a common coin at round (2,4) (0)
[0] got a common coin at round (4,4) (1)
[0] got a common coin at round (0,5) (0)
[0] got a common coin at round (3,5) (1)
[0] got a common coin at round (5,5) (1)
[5] decides on 1 in round 5
[0] got a common coin at round (2,5) (1)
[0] synced transactions.
timestampE (0, 1447209667.933230)
[1] synced transactions.
timestampE (1, 1447209667.938318)
[2] synced transactions.
timestampE (2, 1447209667.941250)
[3] synced transactions.
timestampE (3, 1447209667.944215)
[4] synced transactions.
timestampE (4, 1447209667.947164)
[5] synced transactions.
timestampE (5, 1447209667.950095)
Concensus Finished
Entering atexit()
msgCounter 7744
msgTypeCounter [[0, 0], [64, 2053288], [512, 4138952], [2304, 23040], [2176, 21760], [2176, 578800], [512, 20480]]
    Init      Echo      Val       Aux      Coin     Ready
      64      512      2304      2176      2176       512
 2053288  4138952     23040     21760    578800     20480
Total Message size 6836320
