got 4 TXs
timestampB (1, 1447193126.891056)
got 4 TXs
timestampB (40, 1447193126.891794)
got 4 TXs
timestampB (30, 1447193126.892501)
got 4 TXs
timestampB (18, 1447193126.893205)
got 4 TXs
timestampB (7, 1447193126.894430)
got 4 TXs
timestampB (12, 1447193126.895224)
got 4 TXs
timestampB (43, 1447193126.895992)
got 4 TXs
timestampB (21, 1447193126.896752)
got 4 TXs
timestampB (60, 1447193126.897473)
got 4 TXs
timestampB (25, 1447193126.898241)
got 4 TXs
timestampB (19, 1447193126.899014)
got 4 TXs
timestampB (2, 1447193126.991243)
got 4 TXs
timestampB (13, 1447193126.992128)
got 4 TXs
timestampB (23, 1447193126.993032)
got 4 TXs
timestampB (42, 1447193126.994663)
got 4 TXs
timestampB (47, 1447193126.995561)
got 4 TXs
timestampB (55, 1447193126.996417)
got 4 TXs
timestampB (33, 1447193126.997314)
got 4 TXs
timestampB (37, 1447193126.998212)
got 4 TXs
timestampB (0, 1447193126.999068)
got 4 TXs
timestampB (31, 1447193126.999857)
got 4 TXs
timestampB (51, 1447193127.001172)
got 4 TXs
timestampB (49, 1447193127.001977)
got 4 TXs
timestampB (39, 1447193127.002795)
got 4 TXs
timestampB (63, 1447193127.003587)
got 4 TXs
timestampB (32, 1447193127.004338)
got 4 TXs
timestampB (20, 1447193127.005131)
got 4 TXs
timestampB (28, 1447193127.005923)
got 4 TXs
timestampB (26, 1447193127.007292)
got 4 TXs
timestampB (46, 1447193127.008090)
got 4 TXs
timestampB (6, 1447193127.008844)
got 4 TXs
timestampB (36, 1447193127.009641)
got 4 TXs
timestampB (38, 1447193127.010436)
got 4 TXs
timestampB (52, 1447193127.011174)
got 4 TXs
timestampB (14, 1447193127.011836)
got 4 TXs
timestampB (56, 1447193127.013035)
got 4 TXs
timestampB (8, 1447193127.013736)
got 4 TXs
timestampB (9, 1447193127.014442)
got 4 TXs
timestampB (5, 1447193127.015123)
got 4 TXs
timestampB (4, 1447193127.015828)
got 4 TXs
timestampB (54, 1447193127.016545)
got 4 TXs
timestampB (53, 1447193127.017747)
got 4 TXs
timestampB (59, 1447193127.018452)
got 4 TXs
timestampB (61, 1447193127.019133)
got 4 TXs
timestampB (34, 1447193127.019840)
got 4 TXs
timestampB (22, 1447193127.020550)
got 4 TXs
timestampB (24, 1447193127.021248)
got 4 TXs
timestampB (45, 1447193127.021916)
got 4 TXs
timestampB (44, 1447193127.023135)
got 4 TXs
timestampB (27, 1447193127.023845)
got 4 TXs
timestampB (16, 1447193127.024546)
got 4 TXs
timestampB (29, 1447193127.025211)
got 4 TXs
timestampB (17, 1447193127.025919)
got 4 TXs
timestampB (3, 1447193127.026632)
got 4 TXs
timestampB (15, 1447193127.027351)
got 4 TXs
timestampB (10, 1447193127.028548)
got 4 TXs
timestampB (48, 1447193127.029218)
got 4 TXs
timestampB (50, 1447193127.029927)
got 4 TXs
timestampB (35, 1447193127.030644)
got 4 TXs
timestampB (11, 1447193127.031358)
got 4 TXs
timestampB (57, 1447193127.032017)
got 4 TXs
timestampB (41, 1447193127.032728)
got 4 TXs
timestampB (62, 1447193127.033929)
got 4 TXs
timestampB (58, 1447193127.034651)
[0] got a common coin at round (8,1) (1)
[0] got a common coin at round (42,1) (1)
[0] got a common coin at round (59,1) (0)
[0] got a common coin at round (14,1) (1)
[0] got a common coin at round (44,1) (0)
[0] got a common coin at round (16,1) (1)
[0] got a common coin at round (29,1) (1)
[0] got a common coin at round (19,1) (1)
[0] got a common coin at round (2,1) (1)
[0] got a common coin at round (37,1) (1)
[0] got a common coin at round (10,1) (1)
[0] got a common coin at round (36,1) (1)
[0] got a common coin at round (6,1) (1)
[0] got a common coin at round (58,1) (1)
[0] got a common coin at round (35,1) (1)
[0] got a common coin at round (23,1) (1)
[0] got a common coin at round (28,1) (0)
[0] got a common coin at round (41,1) (1)
[0] got a common coin at round (54,1) (1)
[0] got a common coin at round (8,1) (1)
[0] got a common coin at round (5,1) (0)
[0] got a common coin at round (4,1) (0)
[0] got a common coin at round (24,1) (1)
[0] got a common coin at round (21,1) (1)
[0] got a common coin at round (22,1) (1)
[0] got a common coin at round (10,1) (1)
[0] got a common coin at round (8,1) (1)
[0] got a common coin at round (42,1) (0)
[0] got a common coin at round (25,1) (1)
[0] got a common coin at round (23,1) (0)
[0] got a common coin at round (60,1) (0)
[0] got a common coin at round (35,1) (1)
[0] got a common coin at round (59,1) (1)
[0] got a common coin at round (60,1) (1)
[0] got a common coin at round (37,1) (1)
[0] got a common coin at round (9,1) (1)
[0] got a common coin at round (5,1) (0)
[0] got a common coin at round (37,1) (1)
[0] got a common coin at round (34,1) (1)
[0] got a common coin at round (13,1) (1)
[0] got a common coin at round (51,1) (0)
[0] got a common coin at round (22,1) (1)
[0] got a common coin at round (6,1) (1)
[0] got a common coin at round (0,1) (0)
[0] got a common coin at round (56,1) (1)
[0] got a common coin at round (2,1) (0)
[0] got a common coin at round (51,1) (0)
[0] got a common coin at round (46,1) (0)
[0] got a common coin at round (9,1) (1)
[0] got a common coin at round (51,1) (0)
[0] got a common coin at round (14,1) (1)
[0] got a common coin at round (60,1) (0)
[0] got a common coin at round (37,1) (1)
[0] got a common coin at round (55,1) (0)
[0] got a common coin at round (12,1) (0)
[0] got a common coin at round (29,1) (0)
[0] got a common coin at round (62,1) (0)
[0] got a common coin at round (49,1) (1)
[0] got a common coin at round (63,1) (1)
[0] got a common coin at round (25,1) (0)
[0] got a common coin at round (39,1) (0)
[0] got a common coin at round (56,1) (0)
[0] got a common coin at round (25,1) (1)
[0] got a common coin at round (20,1) (1)
[0] got a common coin at round (60,2) (1)
[0] got a common coin at round (13,2) (1)
[0] got a common coin at round (25,2) (0)
[0] got a common coin at round (46,2) (0)
[0] got a common coin at round (38,2) (1)
[0] got a common coin at round (45,2) (0)
[0] got a common coin at round (22,2) (1)
[0] got a common coin at round (18,2) (1)
[0] got a common coin at round (22,2) (0)
[0] got a common coin at round (21,2) (0)
[0] got a common coin at round (35,2) (0)
[0] got a common coin at round (3,2) (1)
[0] got a common coin at round (22,2) (1)
[0] got a common coin at round (24,2) (1)
[0] got a common coin at round (55,2) (0)
[0] got a common coin at round (20,2) (0)
[0] got a common coin at round (5,2) (1)
[0] got a common coin at round (9,2) (1)
[0] got a common coin at round (33,2) (0)
[0] got a common coin at round (25,2) (0)
[0] got a common coin at round (8,2) (0)
[0] got a common coin at round (30,2) (1)
[0] got a common coin at round (26,2) (0)
[0] got a common coin at round (41,2) (0)
[0] got a common coin at round (23,2) (1)
[0] got a common coin at round (25,2) (1)
[0] got a common coin at round (45,2) (1)
[0] got a common coin at round (13,2) (0)
[0] got a common coin at round (32,2) (1)
[0] got a common coin at round (7,2) (1)
[0] got a common coin at round (2,2) (0)
[0] got a common coin at round (44,2) (1)
[0] got a common coin at round (34,2) (0)
[0] got a common coin at round (40,2) (1)
[0] got a common coin at round (28,2) (1)
[0] got a common coin at round (52,2) (1)
[0] got a common coin at round (6,2) (1)
[0] got a common coin at round (24,2) (1)
[0] got a common coin at round (41,2) (0)
[0] got a common coin at round (23,2) (0)
[0] got a common coin at round (36,2) (1)
[0] got a common coin at round (32,2) (0)
[0] got a common coin at round (57,2) (0)
[0] got a common coin at round (32,2) (1)
[0] got a common coin at round (32,2) (1)
[0] got a common coin at round (34,2) (0)
[0] got a common coin at round (26,2) (1)
[0] got a common coin at round (45,2) (0)
[0] got a common coin at round (14,2) (0)
[0] got a common coin at round (24,2) (0)
[0] got a common coin at round (29,2) (1)
[0] got a common coin at round (29,2) (0)
[0] got a common coin at round (9,2) (1)
[0] got a common coin at round (31,2) (0)
[0] got a common coin at round (9,2) (0)
[0] got a common coin at round (29,2) (1)
[0] got a common coin at round (46,2) (0)
[0] got a common coin at round (27,2) (1)
[0] got a common coin at round (14,2) (1)
[0] got a common coin at round (14,2) (1)
[0] got a common coin at round (40,2) (0)
[0] got a common coin at round (52,2) (1)
[0] got a common coin at round (8,2) (0)
[0] got a common coin at round (11,2) (0)
[0] synced transactions.
timestampE (0, 1447193883.591110)
[1] synced transactions.
timestampE (1, 1447193883.591998)
[2] synced transactions.
timestampE (2, 1447193883.592888)
[3] synced transactions.
timestampE (3, 1447193883.593769)
[4] synced transactions.
timestampE (4, 1447193883.594656)
[5] synced transactions.
timestampE (5, 1447193883.595539)
[6] synced transactions.
timestampE (6, 1447193883.596422)
[7] synced transactions.
timestampE (7, 1447193883.597301)
[8] synced transactions.
timestampE (8, 1447193883.598184)
[9] synced transactions.
timestampE (9, 1447193883.599079)
[10] synced transactions.
timestampE (10, 1447193883.599959)
[11] synced transactions.
timestampE (11, 1447193883.600839)
[12] synced transactions.
timestampE (12, 1447193883.601711)
[13] synced transactions.
timestampE (13, 1447193883.602600)
[14] synced transactions.
timestampE (14, 1447193883.603478)
[15] synced transactions.
timestampE (15, 1447193883.604357)
[16] synced transactions.
timestampE (16, 1447193883.605238)
[17] synced transactions.
timestampE (17, 1447193883.606116)
[18] synced transactions.
timestampE (18, 1447193883.607001)
[19] synced transactions.
timestampE (19, 1447193883.607877)
[20] synced transactions.
timestampE (20, 1447193883.608751)
[21] synced transactions.
timestampE (21, 1447193883.609626)
[22] synced transactions.
timestampE (22, 1447193883.610517)
[23] synced transactions.
timestampE (23, 1447193883.611396)
[24] synced transactions.
timestampE (24, 1447193883.612274)
[25] synced transactions.
timestampE (25, 1447193883.613156)
[26] synced transactions.
timestampE (26, 1447193883.614043)
[27] synced transactions.
timestampE (27, 1447193883.614933)
[28] synced transactions.
timestampE (28, 1447193883.615807)
[29] synced transactions.
timestampE (29, 1447193883.616685)
[30] synced transactions.
timestampE (30, 1447193883.617562)
[31] synced transactions.
timestampE (31, 1447193883.618447)
[32] synced transactions.
timestampE (32, 1447193883.619336)
[33] synced transactions.
timestampE (33, 1447193883.620219)
[34] synced transactions.
timestampE (34, 1447193883.621098)
[35] synced transactions.
timestampE (35, 1447193883.621981)
[36] synced transactions.
timestampE (36, 1447193883.622877)
[37] synced transactions.
timestampE (37, 1447193883.623752)
[38] synced transactions.
timestampE (38, 1447193883.624631)
[39] synced transactions.
timestampE (39, 1447193883.625509)
[40] synced transactions.
timestampE (40, 1447193883.626386)
[41] synced transactions.
timestampE (41, 1447193883.627273)
[42] synced transactions.
timestampE (42, 1447193883.628152)
[43] synced transactions.
timestampE (43, 1447193883.629027)
[44] synced transactions.
timestampE (44, 1447193883.629902)
[45] synced transactions.
timestampE (45, 1447193883.630786)
[46] synced transactions.
timestampE (46, 1447193883.631657)
[47] synced transactions.
timestampE (47, 1447193883.632534)
Concensus Finished
Entering atexit()
msgCounter 2269184
msgTypeCounter [[0, 0], [4096, 4435328], [262144, 32507200], [692224, 6922240], [524288, 5242880], [524288, 139457216], [262144, 10485760]]
    Init      Echo      Val       Aux      Coin     Ready
    4096   262144    692224    524288    524288    262144
 4435328 32507200   6922240   5242880 139457216  10485760
Total Message size 199050624
