got 128 TXs
timestampB (2, 1447201829.092753)
got 128 TXs
timestampB (1, 1447201829.093532)
got 128 TXs
timestampB (8, 1447201829.094279)
got 128 TXs
timestampB (13, 1447201829.095036)
got 128 TXs
timestampB (5, 1447201829.095783)
got 128 TXs
timestampB (3, 1447201829.096516)
got 128 TXs
timestampB (14, 1447201829.097254)
got 128 TXs
timestampB (0, 1447201829.098016)
got 128 TXs
timestampB (19, 1447201829.098821)
got 128 TXs
timestampB (15, 1447201829.100224)
got 128 TXs
timestampB (6, 1447201829.101056)
got 128 TXs
timestampB (4, 1447201829.101818)
got 128 TXs
timestampB (10, 1447201829.102646)
got 128 TXs
timestampB (20, 1447201829.103451)
got 128 TXs
timestampB (7, 1447201829.104268)
got 128 TXs
timestampB (16, 1447201829.105092)
got 128 TXs
timestampB (25, 1447201829.105910)
got 128 TXs
timestampB (28, 1447201829.106728)
got 128 TXs
timestampB (11, 1447201829.107557)
got 128 TXs
timestampB (9, 1447201829.108377)
got 128 TXs
timestampB (18, 1447201829.109195)
got 128 TXs
timestampB (17, 1447201829.110016)
got 128 TXs
timestampB (12, 1447201829.111401)
got 128 TXs
timestampB (27, 1447201829.112132)
got 128 TXs
timestampB (23, 1447201829.112865)
got 128 TXs
timestampB (24, 1447201829.310568)
got 128 TXs
timestampB (30, 1447201829.311358)
got 128 TXs
timestampB (26, 1447201829.312120)
got 128 TXs
timestampB (29, 1447201829.312893)
got 128 TXs
timestampB (21, 1447201829.313659)
got 128 TXs
timestampB (22, 1447201829.314424)
got 128 TXs
timestampB (31, 1447201829.315286)
[0] got a common coin at round (7,1) (1)
[0] got a common coin at round (16,1) (0)
[0] got a common coin at round (2,1) (1)
[0] got a common coin at round (11,1) (1)
[0] got a common coin at round (28,1) (0)
[0] got a common coin at round (6,1) (0)
[0] got a common coin at round (4,1) (1)
[0] got a common coin at round (12,1) (1)
[0] got a common coin at round (20,1) (1)
[0] got a common coin at round (1,1) (1)
[0] got a common coin at round (23,1) (0)
[0] got a common coin at round (13,1) (0)
[0] got a common coin at round (5,1) (0)
[0] got a common coin at round (8,1) (0)
[0] got a common coin at round (19,1) (0)
[0] got a common coin at round (15,1) (0)
[0] got a common coin at round (3,1) (0)
[0] got a common coin at round (27,1) (1)
[0] got a common coin at round (9,1) (1)
[0] got a common coin at round (10,1) (1)
[0] got a common coin at round (0,1) (1)
[0] got a common coin at round (25,1) (0)
[0] got a common coin at round (14,1) (1)
[0] got a common coin at round (17,1) (0)
[0] got a common coin at round (18,1) (0)
[7] decides on 1 in round 1
[2] decides on 1 in round 1
[11] decides on 1 in round 1
[4] decides on 1 in round 1
[12] decides on 1 in round 1
[20] decides on 1 in round 1
[1] decides on 1 in round 1
[27] decides on 1 in round 1
[9] decides on 1 in round 1
[10] decides on 1 in round 1
[0] decides on 1 in round 1
[14] decides on 1 in round 1
[0] got a common coin at round (31,1) (0)
[0] got a common coin at round (26,1) (0)
[0] got a common coin at round (21,1) (1)
[0] got a common coin at round (24,1) (0)
[0] got a common coin at round (22,1) (1)
[0] got a common coin at round (30,1) (0)
[0] got a common coin at round (29,1) (0)
[21] decides on 1 in round 1
[22] decides on 1 in round 1
[0] got a common coin at round (7,2) (1)
[0] got a common coin at round (23,2) (0)
[0] got a common coin at round (12,2) (0)
[0] got a common coin at round (10,2) (1)
[0] got a common coin at round (27,2) (0)
[0] got a common coin at round (25,2) (1)
[0] got a common coin at round (15,2) (0)
[0] got a common coin at round (6,2) (1)
[0] got a common coin at round (19,2) (0)
[0] got a common coin at round (20,2) (0)
[0] got a common coin at round (5,2) (1)
[0] got a common coin at round (17,2) (1)
[0] got a common coin at round (3,2) (0)
[0] got a common coin at round (1,2) (0)
[0] got a common coin at round (14,2) (0)
[0] got a common coin at round (0,2) (1)
[0] got a common coin at round (4,2) (0)
[0] got a common coin at round (9,2) (1)
[0] got a common coin at round (18,2) (1)
[0] got a common coin at round (28,2) (0)
[0] got a common coin at round (16,2) (0)
[0] got a common coin at round (8,2) (0)
[0] got a common coin at round (13,2) (1)
[0] got a common coin at round (11,2) (0)
[0] got a common coin at round (2,2) (0)
[25] decides on 1 in round 2
[6] decides on 1 in round 2
[5] decides on 1 in round 2
[17] decides on 1 in round 2
[18] decides on 1 in round 2
[13] decides on 1 in round 2
[0] got a common coin at round (31,2) (0)
[0] got a common coin at round (22,2) (0)
[0] got a common coin at round (26,2) (1)
[0] got a common coin at round (29,2) (1)
[0] got a common coin at round (24,2) (0)
[0] got a common coin at round (30,2) (1)
[0] got a common coin at round (21,2) (1)
[26] decides on 1 in round 2
[29] decides on 1 in round 2
[30] decides on 1 in round 2
[0] got a common coin at round (23,3) (0)
[0] got a common coin at round (18,3) (1)
[0] got a common coin at round (3,3) (0)
[0] got a common coin at round (11,3) (0)
[0] got a common coin at round (17,3) (0)
[0] got a common coin at round (8,3) (0)
[0] got a common coin at round (27,3) (0)
[0] got a common coin at round (16,3) (0)
[0] got a common coin at round (13,3) (1)
[0] got a common coin at round (2,3) (0)
[0] got a common coin at round (15,3) (0)
[0] got a common coin at round (19,3) (1)
[0] got a common coin at round (14,3) (1)
[0] got a common coin at round (20,3) (1)
[0] got a common coin at round (28,3) (0)
[0] got a common coin at round (1,3) (1)
[0] got a common coin at round (6,3) (1)
[0] got a common coin at round (12,3) (0)
[0] got a common coin at round (4,3) (1)
[0] got a common coin at round (5,3) (0)
[0] got a common coin at round (25,3) (0)
[19] decides on 1 in round 3
[0] got a common coin at round (31,3) (1)
[0] got a common coin at round (29,3) (1)
[0] got a common coin at round (30,3) (1)
[0] got a common coin at round (26,3) (1)
[0] got a common coin at round (24,3) (0)
[0] got a common coin at round (22,3) (0)
[31] decides on 1 in round 3
[0] got a common coin at round (23,4) (1)
[0] got a common coin at round (3,4) (0)
[0] got a common coin at round (16,4) (1)
[0] got a common coin at round (15,4) (0)
[0] got a common coin at round (8,4) (1)
[0] got a common coin at round (27,4) (0)
[0] got a common coin at round (2,4) (1)
[0] got a common coin at round (19,4) (0)
[0] got a common coin at round (11,4) (1)
[0] got a common coin at round (17,4) (0)
[0] got a common coin at round (25,4) (1)
[0] got a common coin at round (28,4) (1)
[0] got a common coin at round (12,4) (0)
[0] got a common coin at round (5,4) (0)
[23] decides on 1 in round 4
[16] decides on 1 in round 4
[8] decides on 1 in round 4
[28] decides on 1 in round 4
[0] got a common coin at round (31,4) (1)
[0] got a common coin at round (24,4) (1)
[0] got a common coin at round (22,4) (1)
[24] decides on 1 in round 4
[0] got a common coin at round (23,5) (1)
[0] got a common coin at round (8,5) (0)
[0] got a common coin at round (28,5) (0)
[0] got a common coin at round (5,5) (0)
[0] got a common coin at round (12,5) (0)
[0] got a common coin at round (19,5) (0)
[0] got a common coin at round (16,5) (1)
[0] got a common coin at round (17,5) (0)
[0] got a common coin at round (15,5) (1)
[0] got a common coin at round (3,5) (1)
[0] got a common coin at round (27,5) (1)
[15] decides on 1 in round 5
[3] decides on 1 in round 5
[0] got a common coin at round (24,5) (0)
[0] synced transactions.
timestampE (0, 1447201948.279629)
[1] synced transactions.
timestampE (1, 1447201948.293016)
[2] synced transactions.
timestampE (2, 1447201948.306225)
[3] synced transactions.
timestampE (3, 1447201948.319421)
[4] synced transactions.
timestampE (4, 1447201948.332562)
[5] synced transactions.
timestampE (5, 1447201948.345655)
[6] synced transactions.
timestampE (6, 1447201948.358772)
[7] synced transactions.
timestampE (7, 1447201948.371906)
[8] synced transactions.
timestampE (8, 1447201948.385028)
[9] synced transactions.
timestampE (9, 1447201948.398135)
[10] synced transactions.
timestampE (10, 1447201948.411219)
[11] synced transactions.
timestampE (11, 1447201948.424293)
[12] synced transactions.
timestampE (12, 1447201948.437397)
[13] synced transactions.
timestampE (13, 1447201948.450525)
[14] synced transactions.
timestampE (14, 1447201948.463645)
[15] synced transactions.
timestampE (15, 1447201948.476784)
[16] synced transactions.
timestampE (16, 1447201948.489897)
[17] synced transactions.
timestampE (17, 1447201948.503091)
[18] synced transactions.
timestampE (18, 1447201948.516296)
[19] synced transactions.
timestampE (19, 1447201948.529426)
[20] synced transactions.
timestampE (20, 1447201948.542550)
[21] synced transactions.
timestampE (21, 1447201948.555716)
[22] synced transactions.
timestampE (22, 1447201948.568879)
[23] synced transactions.
timestampE (23, 1447201948.581951)
Concensus Finished
Entering atexit()
msgCounter 443392
msgTypeCounter [[0, 0], [1024, 32853056], [32768, 83427040], [131072, 1310720], [122880, 1228800], [122880, 32685504], [32768, 1310720]]
    Init      Echo      Val       Aux      Coin     Ready
    1024    32768    131072    122880    122880     32768
32853056 83427040   1310720   1228800  32685504   1310720
Total Message size 152815840
