got 8192 TXs
timestampB (0, 1447189799.060776)
got 8192 TXs
timestampB (1, 1447189799.083066)
got 8192 TXs
timestampB (2, 1447189799.105013)
[0] got a common coin at round (1,1) (0)
[0] got a common coin at round (0,1) (1)
[0] got a common coin at round (2,1) (0)
got 8192 TXs
timestampB (3, 1447189802.976972)
[0] got a common coin at round (2,2) (1)
[0] got a common coin at round (0,2) (1)
[0] got a common coin at round (0,2) (1)
[0] synced transactions.
timestampE (0, 1447189804.856656)
[1] synced transactions.
timestampE (1, 1447189804.932509)
[2] synced transactions.
timestampE (2, 1447189805.011465)
Concensus Finished
Entering atexit()
msgCounter 352
msgTypeCounter [[0, 0], [16, 32769328], [48, 49156032], [96, 960], [72, 720], [72, 19152], [48, 1920]]
    Init      Echo      Val       Aux      Coin     Ready
      16       48        96        72        72        48
32769328 49156032       960       720     19152      1920
Total Message size 81948112
