got 32768 TXs
timestampB (0, 1447189892.996035)
got 32768 TXs
timestampB (1, 1447189893.092488)
got 32768 TXs
timestampB (2, 1447189893.185493)
[0] got a common coin at round (1,1) (0)
[0] got a common coin at round (2,1) (0)
[0] got a common coin at round (2,1) (1)
got 32768 TXs
timestampB (3, 1447189908.393949)
[0] got a common coin at round (1,2) (1)
[0] got a common coin at round (0,2) (1)
[0] got a common coin at round (2,2) (1)
[0] synced transactions.
timestampE (0, 1447189915.897315)
[1] synced transactions.
timestampE (1, 1447189916.209486)
[2] synced transactions.
timestampE (2, 1447189916.535673)
Concensus Finished
Entering atexit()
msgCounter 352
msgTypeCounter [[0, 0], [16, 131073336], [48, 196612036], [96, 960], [72, 720], [72, 19152], [48, 1920]]
    Init      Echo      Val       Aux      Coin     Ready
      16       48        96        72        72        48
131073336 196612036       960       720     19152      1920
Total Message size 327708124
