got 2048 TXs
timestampB (0, 1447190226.743339)
got 2048 TXs
timestampB (1, 1447190226.749846)
got 2048 TXs
timestampB (2, 1447190226.755915)
got 2048 TXs
timestampB (3, 1447190226.761082)
got 2048 TXs
timestampB (4, 1447190226.766524)
got 2048 TXs
timestampB (5, 1447190226.771707)
got 2048 TXs
timestampB (6, 1447190226.776900)
got 2048 TXs
timestampB (7, 1447190227.918273)
[0] got a common coin at round (4,1) (0)
[0] got a common coin at round (3,1) (0)
[0] got a common coin at round (3,1) (1)
[0] got a common coin at round (5,1) (0)
[0] got a common coin at round (0,1) (0)
[0] got a common coin at round (4,1) (0)
[0] got a common coin at round (6,1) (1)
[0] got a common coin at round (2,1) (1)
[0] got a common coin at round (5,2) (1)
[0] got a common coin at round (0,2) (1)
[0] got a common coin at round (5,2) (1)
[0] got a common coin at round (0,2) (0)
[0] got a common coin at round (1,2) (1)
[0] got a common coin at round (2,2) (1)
[0] got a common coin at round (6,2) (0)
[0] synced transactions.
timestampE (0, 1447190234.730924)
[1] synced transactions.
timestampE (1, 1447190234.772898)
[2] synced transactions.
timestampE (2, 1447190234.814669)
[3] synced transactions.
timestampE (3, 1447190234.856407)
[4] synced transactions.
timestampE (4, 1447190234.897574)
[5] synced transactions.
timestampE (5, 1447190234.939178)
Concensus Finished
Entering atexit()
msgCounter 4160
msgTypeCounter [[0, 0], [64, 32773312], [512, 65578960], [1248, 12480], [912, 9120], [912, 242592], [512, 20480]]
    Init      Echo      Val       Aux      Coin     Ready
      64      512      1248       912       912       512
32773312 65578960     12480      9120    242592     20480
Total Message size 98636944
