got 128 TXs
timestampB (3, 1447209668.081757)
got 128 TXs
timestampB (1, 1447209668.082307)
got 128 TXs
timestampB (5, 1447209668.082797)
got 128 TXs
timestampB (0, 1447209668.116304)
got 128 TXs
timestampB (4, 1447209668.116773)
got 128 TXs
timestampB (6, 1447209668.117335)
got 128 TXs
timestampB (2, 1447209668.117809)
got 128 TXs
timestampB (7, 1447209668.118289)
[0] got a common coin at round (3,1) (0)
[0] got a common coin at round (1,1) (0)
[0] got a common coin at round (5,1) (1)
[5] decides on 1 in round 1
[0] got a common coin at round (0,1) (1)
[0] got a common coin at round (4,1) (1)
[0] got a common coin at round (6,1) (0)
[0] got a common coin at round (2,1) (0)
[0] got a common coin at round (7,1) (0)
[0] decides on 1 in round 1
[4] decides on 1 in round 1
[0] got a common coin at round (3,2) (1)
[3] decides on 1 in round 2
[0] got a common coin at round (1,2) (1)
[0] got a common coin at round (5,2) (1)
[1] decides on 1 in round 2
[0] got a common coin at round (0,2) (0)
[0] got a common coin at round (2,2) (0)
[0] got a common coin at round (6,2) (1)
[0] got a common coin at round (7,2) (1)
[0] got a common coin at round (4,2) (1)
[6] decides on 1 in round 2
[7] decides on 1 in round 2
[0] got a common coin at round (3,3) (1)
[0] got a common coin at round (1,3) (0)
[0] got a common coin at round (0,3) (1)
[0] got a common coin at round (7,3) (0)
[0] got a common coin at round (6,3) (0)
[0] got a common coin at round (2,3) (0)
[0] got a common coin at round (1,4) (0)
[0] got a common coin at round (7,4) (1)
[0] got a common coin at round (6,4) (0)
[0] got a common coin at round (2,4) (0)
[0] got a common coin at round (1,5) (1)
[0] got a common coin at round (6,5) (0)
[0] got a common coin at round (2,5) (1)
[2] decides on 1 in round 5
[0] synced transactions.
timestampE (0, 1447209670.381368)
[1] synced transactions.
timestampE (1, 1447209670.384841)
[2] synced transactions.
timestampE (2, 1447209670.388305)
[3] synced transactions.
timestampE (3, 1447209670.391586)
[4] synced transactions.
timestampE (4, 1447209670.394611)
[5] synced transactions.
timestampE (5, 1447209670.397593)
Concensus Finished
Entering atexit()
msgCounter 6784
msgTypeCounter [[0, 0], [64, 2053312], [512, 4138992], [1984, 19840], [1856, 18560], [1856, 493688], [512, 20480]]
    Init      Echo      Val       Aux      Coin     Ready
      64      512      1984      1856      1856       512
 2053312  4138992     19840     18560    493688     20480
Total Message size 6744872
